[2024-03-01T10:51:44+08:00][sql] CONNECT:[ UseTime:0.000408s ] mysql:host=127.0.0.1;port=3306;dbname=ypay;charset=utf8
[2024-03-01T10:51:44+08:00][sql] SHOW FULL COLUMNS FROM `admin_config` [ RunTime:0.000576s ]
[2024-03-01T10:51:44+08:00][sql] SELECT * FROM `admin_config` [ RunTime:0.000317s ]
[2024-03-01T10:51:44+08:00][sql] SELECT * FROM `admin_config` [ RunTime:0.000352s ]
[2024-03-01T10:51:44+08:00][sql] SHOW FULL COLUMNS FROM `ypay_navs` [ RunTime:0.000423s ]
[2024-03-01T10:51:44+08:00][sql] SELECT * FROM `ypay_navs` WHERE  `status` = 1 ORDER BY `sort` ASC [ RunTime:0.000313s ]
[2024-03-01T10:51:44+08:00][sql] SHOW FULL COLUMNS FROM `ypay_news` [ RunTime:0.000357s ]
[2024-03-01T10:51:44+08:00][sql] SELECT COUNT(*) AS think_count FROM `ypay_news` WHERE  `type` = 1  AND `status` = 1 LIMIT 1 [ RunTime:0.000243s ]
[2024-03-01T10:51:44+08:00][sql] SELECT COUNT(*) AS think_count FROM `ypay_news` WHERE  `type` = 2  AND `status` = 1 LIMIT 1 [ RunTime:0.000255s ]
[2024-03-01T10:51:44+08:00][sql] SELECT COUNT(*) AS think_count FROM `ypay_news` WHERE  `type` = 3  AND `status` = 1 LIMIT 1 [ RunTime:0.000186s ]
[2024-03-01T10:51:44+08:00][sql] SELECT VERSION() as mysql_version [ RunTime:0.000164s ]
[2024-03-01T10:51:44+08:00][sql] SELECT * FROM `admin_config` [ RunTime:0.000425s ]
[2024-03-01T10:51:44+08:00][sql] SELECT * FROM `admin_config` [ RunTime:0.000298s ]
[2024-03-01T10:51:44+08:00][sql] SELECT * FROM `admin_config` [ RunTime:0.000420s ]
[2024-03-01T10:51:44+08:00][sql] SELECT * FROM `admin_config` [ RunTime:0.000301s ]
[2024-03-01T10:51:44+08:00][sql] SELECT * FROM `admin_config` [ RunTime:0.000300s ]
[2024-03-01T10:51:44+08:00][sql] SELECT * FROM `admin_config` [ RunTime:0.000306s ]
[2024-03-01T10:51:44+08:00][sql] SELECT * FROM `admin_config` [ RunTime:0.000275s ]
[2024-03-01T10:51:44+08:00][sql] SELECT * FROM `admin_config` [ RunTime:0.000308s ]
[2024-03-01T10:51:44+08:00][sql] SELECT * FROM `admin_config` [ RunTime:0.000273s ]
[2024-03-01T10:51:44+08:00][sql] SELECT * FROM `admin_config` [ RunTime:0.000289s ]
[2024-03-01T10:51:44+08:00][sql] SELECT * FROM `admin_config` [ RunTime:0.000373s ]
[2024-03-01T10:51:44+08:00][sql] SELECT * FROM `admin_config` [ RunTime:0.000259s ]
[2024-03-01T10:51:46+08:00][sql] CONNECT:[ UseTime:0.000314s ] mysql:host=127.0.0.1;port=3306;dbname=ypay;charset=utf8
[2024-03-01T10:51:46+08:00][sql] SHOW FULL COLUMNS FROM `admin_config` [ RunTime:0.000534s ]
[2024-03-01T10:51:46+08:00][sql] SELECT * FROM `admin_config` [ RunTime:0.000392s ]
[2024-03-01T10:51:49+08:00][sql] CONNECT:[ UseTime:0.000333s ] mysql:host=127.0.0.1;port=3306;dbname=ypay;charset=utf8
[2024-03-01T10:51:49+08:00][sql] SHOW FULL COLUMNS FROM `admin_config` [ RunTime:0.000517s ]
[2024-03-01T10:51:49+08:00][sql] SELECT * FROM `admin_config` [ RunTime:0.000296s ]
[2024-03-01T10:51:49+08:00][sql] SELECT * FROM `admin_config` [ RunTime:0.000320s ]
[2024-03-01T10:51:49+08:00][sql] SHOW FULL COLUMNS FROM `ypay_user` [ RunTime:0.000693s ]
[2024-03-01T10:51:49+08:00][sql] SELECT * FROM `ypay_user` WHERE  `username` = 'test123'  AND `password` = '6ebe43dab8b6ce6d033a5da6e6' LIMIT 1 [ RunTime:0.000442s ]
[2024-03-01T10:51:49+08:00][sql] UPDATE `ypay_user`  SET `token` = 'DzO0AcZZnRMwDENsDzO4O0GrFmeYmDQ310001709261509.9062'  WHERE  `id` = 1000 [ RunTime:0.000358s ]
[2024-03-01T10:51:49+08:00][sql] SHOW FULL COLUMNS FROM `admin_front_log` [ RunTime:0.000703s ]
[2024-03-01T10:51:49+08:00][sql] INSERT INTO `admin_front_log` SET `uid` = 1000 , `url` = '/User/Login' , `desc` = '商户登录成功' , `ip` = '10.50.50.2' , `user_agent` = 'Mozilla/5.0 (Windows NT 10.0; Win64; x64) AppleWebKit/537.36 (KHTML, like Gecko) Chrome/121.0.0.0 Safari/537.36' , `create_time` = '2024-03-01 10:51:49.924943' [ RunTime:0.000355s ]
[2024-03-01T10:51:51+08:00][sql] CONNECT:[ UseTime:0.000327s ] mysql:host=127.0.0.1;port=3306;dbname=ypay;charset=utf8
[2024-03-01T10:51:51+08:00][sql] SHOW FULL COLUMNS FROM `ypay_user` [ RunTime:0.000672s ]
[2024-03-01T10:51:51+08:00][sql] SELECT * FROM `ypay_user` WHERE  `token` = 'DzO0AcZZnRMwDENsDzO4O0GrFmeYmDQ310001709261509.9062'  AND `is_frozen` = 0 LIMIT 1 [ RunTime:0.000359s ]
[2024-03-01T10:51:51+08:00][sql] SELECT VERSION() as mysql_version [ RunTime:0.000217s ]
[2024-03-01T10:51:51+08:00][sql] SHOW FULL COLUMNS FROM `admin_config` [ RunTime:0.000487s ]
[2024-03-01T10:51:51+08:00][sql] SELECT * FROM `admin_config` [ RunTime:0.000294s ]
[2024-03-01T10:51:51+08:00][sql] SELECT * FROM `admin_config` [ RunTime:0.000296s ]
[2024-03-01T10:51:51+08:00][sql] SELECT * FROM `admin_config` [ RunTime:0.000330s ]
[2024-03-01T10:51:52+08:00][sql] CONNECT:[ UseTime:0.000308s ] mysql:host=127.0.0.1;port=3306;dbname=ypay;charset=utf8
[2024-03-01T10:51:52+08:00][sql] SHOW FULL COLUMNS FROM `ypay_user` [ RunTime:0.000702s ]
[2024-03-01T10:51:52+08:00][sql] SELECT * FROM `ypay_user` WHERE  `token` = 'DzO0AcZZnRMwDENsDzO4O0GrFmeYmDQ310001709261509.9062'  AND `is_frozen` = 0 LIMIT 1 [ RunTime:0.000533s ]
[2024-03-01T10:51:52+08:00][sql] SHOW FULL COLUMNS FROM `ypay_plug` [ RunTime:0.000644s ]
[2024-03-01T10:51:52+08:00][sql] SELECT * FROM `ypay_plug` WHERE  `status` = 1 [ RunTime:0.000259s ]
[2024-03-01T10:51:52+08:00][sql] SHOW FULL COLUMNS FROM `admin_config` [ RunTime:0.000462s ]
[2024-03-01T10:51:52+08:00][sql] SELECT * FROM `admin_config` [ RunTime:0.000324s ]
[2024-03-01T10:51:52+08:00][sql] SELECT * FROM `ypay_user` WHERE  `token` = 'DzO0AcZZnRMwDENsDzO4O0GrFmeYmDQ310001709261509.9062'  AND `is_frozen` = 0 LIMIT 1 [ RunTime:0.000306s ]
[2024-03-01T10:51:52+08:00][sql] SHOW FULL COLUMNS FROM `ypay_order` [ RunTime:0.000573s ]
[2024-03-01T10:51:52+08:00][sql] SELECT * FROM `ypay_user` WHERE  `token` = 'DzO0AcZZnRMwDENsDzO4O0GrFmeYmDQ310001709261509.9062'  AND `is_frozen` = 0 LIMIT 1 [ RunTime:0.000332s ]
[2024-03-01T10:51:52+08:00][sql] SELECT COUNT(*) AS think_count FROM `ypay_order` WHERE  `status` = 1  AND `user_id` = 1000 LIMIT 1 [ RunTime:0.000199s ]
[2024-03-01T10:51:52+08:00][sql] SELECT * FROM `ypay_user` WHERE  `token` = 'DzO0AcZZnRMwDENsDzO4O0GrFmeYmDQ310001709261509.9062'  AND `is_frozen` = 0 LIMIT 1 [ RunTime:0.000284s ]
[2024-03-01T10:51:52+08:00][sql] SELECT COUNT(*) AS think_count FROM `ypay_order` WHERE  `status` = 1  AND `user_id` = 1000  AND `create_time` BETWEEN '2024-03-01 00:00:00' AND '2024-03-01 23:59:59' LIMIT 1 [ RunTime:0.000211s ]
[2024-03-01T10:51:52+08:00][sql] SELECT * FROM `ypay_user` WHERE  `token` = 'DzO0AcZZnRMwDENsDzO4O0GrFmeYmDQ310001709261509.9062'  AND `is_frozen` = 0 LIMIT 1 [ RunTime:0.000332s ]
[2024-03-01T10:51:52+08:00][sql] SELECT SUM(`truemoney`) AS think_sum FROM `ypay_order` WHERE  `user_id` = 1000  AND `status` = 1 LIMIT 1 [ RunTime:0.000190s ]
[2024-03-01T10:51:52+08:00][sql] SELECT * FROM `ypay_user` WHERE  `token` = 'DzO0AcZZnRMwDENsDzO4O0GrFmeYmDQ310001709261509.9062'  AND `is_frozen` = 0 LIMIT 1 [ RunTime:0.000288s ]
[2024-03-01T10:51:52+08:00][sql] SELECT SUM(`truemoney`) AS think_sum FROM `ypay_order` WHERE  `user_id` = 1000  AND `status` = 1  AND `create_time` BETWEEN '2024-03-01 00:00:00' AND '2024-03-01 23:59:59' LIMIT 1 [ RunTime:0.000205s ]
[2024-03-01T10:51:52+08:00][sql] SHOW FULL COLUMNS FROM `ypay_account` [ RunTime:0.000481s ]
[2024-03-01T10:51:52+08:00][sql] SELECT * FROM `ypay_user` WHERE  `token` = 'DzO0AcZZnRMwDENsDzO4O0GrFmeYmDQ310001709261509.9062'  AND `is_frozen` = 0 LIMIT 1 [ RunTime:0.000276s ]
[2024-03-01T10:51:52+08:00][sql] SELECT COUNT(*) AS think_count FROM `ypay_account` WHERE  `type` = 'wxpay'  AND `user_id` = 1000 LIMIT 1 [ RunTime:0.000317s ]
[2024-03-01T10:51:52+08:00][sql] SELECT * FROM `ypay_user` WHERE  `token` = 'DzO0AcZZnRMwDENsDzO4O0GrFmeYmDQ310001709261509.9062'  AND `is_frozen` = 0 LIMIT 1 [ RunTime:0.000580s ]
[2024-03-01T10:51:52+08:00][sql] SELECT COUNT(*) AS think_count FROM `ypay_account` WHERE  `type` = 'alipay'  AND `user_id` = 1000 LIMIT 1 [ RunTime:0.000361s ]
[2024-03-01T10:51:52+08:00][sql] SELECT * FROM `ypay_user` WHERE  `token` = 'DzO0AcZZnRMwDENsDzO4O0GrFmeYmDQ310001709261509.9062'  AND `is_frozen` = 0 LIMIT 1 [ RunTime:0.000280s ]
[2024-03-01T10:51:52+08:00][sql] SELECT COUNT(*) AS think_count FROM `ypay_account` WHERE  `type` = 'qqpay'  AND `user_id` = 1000 LIMIT 1 [ RunTime:0.000240s ]
[2024-03-01T10:51:52+08:00][sql] SELECT * FROM `ypay_user` WHERE  `token` = 'DzO0AcZZnRMwDENsDzO4O0GrFmeYmDQ310001709261509.9062'  AND `is_frozen` = 0 LIMIT 1 [ RunTime:0.000349s ]
[2024-03-01T10:51:52+08:00][sql] SELECT COUNT(*) AS think_count FROM `ypay_account` WHERE  `user_id` = 1000 LIMIT 1 [ RunTime:0.000275s ]
[2024-03-01T10:51:52+08:00][sql] SELECT * FROM `ypay_user` WHERE  `token` = 'DzO0AcZZnRMwDENsDzO4O0GrFmeYmDQ310001709261509.9062'  AND `is_frozen` = 0 LIMIT 1 [ RunTime:0.000478s ]
[2024-03-01T10:51:52+08:00][sql] SELECT COUNT(*) AS think_count FROM `ypay_account` WHERE  `user_id` = 1000  AND `status` = 0 LIMIT 1 [ RunTime:0.000225s ]
[2024-03-01T10:51:52+08:00][sql] SELECT * FROM `ypay_user` WHERE  `token` = 'DzO0AcZZnRMwDENsDzO4O0GrFmeYmDQ310001709261509.9062'  AND `is_frozen` = 0 LIMIT 1 [ RunTime:0.000266s ]
[2024-03-01T10:51:52+08:00][sql] SELECT SUM(`truemoney`) AS think_sum FROM `ypay_order` WHERE  `user_id` = 1000  AND `status` = 1  AND `create_time` BETWEEN '2024-02-29 00:00:00' AND '2024-02-29 23:59:59' LIMIT 1 [ RunTime:0.000274s ]
[2024-03-01T10:51:52+08:00][sql] SELECT * FROM `ypay_user` WHERE  `token` = 'DzO0AcZZnRMwDENsDzO4O0GrFmeYmDQ310001709261509.9062'  AND `is_frozen` = 0 LIMIT 1 [ RunTime:0.000264s ]
[2024-03-01T10:51:52+08:00][sql] SELECT COUNT(*) AS think_count FROM `ypay_order` WHERE  `user_id` = 1000  AND `status` = 1  AND `create_time` BETWEEN '2024-02-29 00:00:00' AND '2024-02-29 23:59:59' LIMIT 1 [ RunTime:0.000291s ]
[2024-03-01T10:51:52+08:00][sql] SELECT * FROM `ypay_user` WHERE  `token` = 'DzO0AcZZnRMwDENsDzO4O0GrFmeYmDQ310001709261509.9062'  AND `is_frozen` = 0 LIMIT 1 [ RunTime:0.000260s ]
[2024-03-01T10:51:52+08:00][sql] SELECT SUM(`truemoney`) AS think_sum FROM `ypay_order` WHERE  `user_id` = 1000  AND `status` = 1  AND `create_time` BETWEEN '2024-03-01 00:00:00' AND '2024-03-31 23:59:59' LIMIT 1 [ RunTime:0.000261s ]
[2024-03-01T10:51:52+08:00][sql] SELECT * FROM `admin_config` [ RunTime:0.000538s ]
[2024-03-01T10:52:15+08:00][sql] CONNECT:[ UseTime:0.000284s ] mysql:host=127.0.0.1;port=3306;dbname=ypay;charset=utf8
[2024-03-01T10:52:15+08:00][sql] SHOW FULL COLUMNS FROM `ypay_user` [ RunTime:0.000662s ]
[2024-03-01T10:52:15+08:00][sql] SELECT * FROM `ypay_user` WHERE  `token` = 'DzO0AcZZnRMwDENsDzO4O0GrFmeYmDQ310001709261509.9062'  AND `is_frozen` = 0 LIMIT 1 [ RunTime:0.000389s ]
[2024-03-01T10:52:15+08:00][sql] SELECT * FROM `ypay_user` WHERE  `token` = 'DzO0AcZZnRMwDENsDzO4O0GrFmeYmDQ310001709261509.9062'  AND `is_frozen` = 0 LIMIT 1 [ RunTime:0.000506s ]
[2024-03-01T10:52:15+08:00][sql] SHOW FULL COLUMNS FROM `admin_config` [ RunTime:0.000602s ]
[2024-03-01T10:52:15+08:00][sql] SELECT * FROM `admin_config` [ RunTime:0.000428s ]
[2024-03-01T10:52:15+08:00][sql] SHOW FULL COLUMNS FROM `admin_channel` [ RunTime:0.000564s ]
[2024-03-01T10:52:15+08:00][sql] SELECT * FROM `admin_channel` WHERE  `status` = 1  AND `type` = 'wxpay' ORDER BY `sort` DESC [ RunTime:0.000359s ]
[2024-03-01T10:52:15+08:00][sql] SELECT * FROM `admin_config` [ RunTime:0.000278s ]
[2024-03-01T10:52:15+08:00][sql] SELECT * FROM `admin_config` [ RunTime:0.000317s ]
[2024-03-01T10:52:15+08:00][sql] SELECT * FROM `admin_config` [ RunTime:0.000286s ]
[2024-03-01T10:52:15+08:00][sql] SELECT * FROM `ypay_user` WHERE  `token` = 'DzO0AcZZnRMwDENsDzO4O0GrFmeYmDQ310001709261509.9062'  AND `is_frozen` = 0 LIMIT 1 [ RunTime:0.000731s ]
[2024-03-01T10:52:15+08:00][sql] SELECT * FROM `admin_config` [ RunTime:0.000431s ]
[2024-03-01T10:52:15+08:00][sql] SELECT * FROM `admin_config` [ RunTime:0.000258s ]
[2024-03-01T10:52:16+08:00][sql] CONNECT:[ UseTime:0.000353s ] mysql:host=127.0.0.1;port=3306;dbname=ypay;charset=utf8
[2024-03-01T10:52:16+08:00][sql] SHOW FULL COLUMNS FROM `ypay_user` [ RunTime:0.000615s ]
[2024-03-01T10:52:16+08:00][sql] SELECT * FROM `ypay_user` WHERE  `token` = 'DzO0AcZZnRMwDENsDzO4O0GrFmeYmDQ310001709261509.9062'  AND `is_frozen` = 0 LIMIT 1 [ RunTime:0.000427s ]
[2024-03-01T10:52:16+08:00][sql] SELECT * FROM `ypay_user` WHERE  `token` = 'DzO0AcZZnRMwDENsDzO4O0GrFmeYmDQ310001709261509.9062'  AND `is_frozen` = 0 LIMIT 1 [ RunTime:0.000381s ]
[2024-03-01T10:52:16+08:00][sql] SHOW FULL COLUMNS FROM `admin_config` [ RunTime:0.000397s ]
[2024-03-01T10:52:16+08:00][sql] SELECT * FROM `admin_config` [ RunTime:0.000309s ]
[2024-03-01T10:52:16+08:00][sql] SELECT * FROM `ypay_user` WHERE  `token` = 'DzO0AcZZnRMwDENsDzO4O0GrFmeYmDQ310001709261509.9062'  AND `is_frozen` = 0 LIMIT 1 [ RunTime:0.000464s ]
[2024-03-01T10:52:16+08:00][sql] SHOW FULL COLUMNS FROM `ypay_account` [ RunTime:0.000450s ]
[2024-03-01T10:52:16+08:00][sql] SELECT COUNT(*) AS think_count FROM `ypay_account` WHERE  `status` LIKE '%%'  AND `user_id` = 1000 LIMIT 1 [ RunTime:0.000217s ]
[2024-03-01T10:58:46+08:00][sql] CONNECT:[ UseTime:0.000398s ] mysql:host=127.0.0.1;port=3306;dbname=ypay;charset=utf8
[2024-03-01T10:58:46+08:00][sql] SHOW FULL COLUMNS FROM `admin_config` [ RunTime:0.000555s ]
[2024-03-01T10:58:46+08:00][sql] SELECT * FROM `admin_config` [ RunTime:0.000302s ]
[2024-03-01T10:58:49+08:00][sql] CONNECT:[ UseTime:0.000327s ] mysql:host=127.0.0.1;port=3306;dbname=ypay;charset=utf8
[2024-03-01T10:58:49+08:00][sql] SHOW FULL COLUMNS FROM `admin_config` [ RunTime:0.000454s ]
[2024-03-01T10:58:49+08:00][sql] SELECT * FROM `admin_config` [ RunTime:0.000341s ]
[2024-03-01T10:58:49+08:00][sql] SELECT * FROM `admin_config` [ RunTime:0.000328s ]
[2024-03-01T10:58:49+08:00][sql] SHOW FULL COLUMNS FROM `ypay_navs` [ RunTime:0.000535s ]
[2024-03-01T10:58:49+08:00][sql] SELECT * FROM `ypay_navs` WHERE  `status` = 1 ORDER BY `sort` ASC [ RunTime:0.000248s ]
[2024-03-01T10:58:49+08:00][sql] SHOW FULL COLUMNS FROM `ypay_news` [ RunTime:0.000490s ]
[2024-03-01T10:58:49+08:00][sql] SELECT COUNT(*) AS think_count FROM `ypay_news` WHERE  `type` = 1  AND `status` = 1 LIMIT 1 [ RunTime:0.000226s ]
[2024-03-01T10:58:49+08:00][sql] SELECT COUNT(*) AS think_count FROM `ypay_news` WHERE  `type` = 2  AND `status` = 1 LIMIT 1 [ RunTime:0.000439s ]
[2024-03-01T10:58:49+08:00][sql] SELECT COUNT(*) AS think_count FROM `ypay_news` WHERE  `type` = 3  AND `status` = 1 LIMIT 1 [ RunTime:0.000244s ]
[2024-03-01T10:58:49+08:00][sql] SELECT VERSION() as mysql_version [ RunTime:0.000271s ]
[2024-03-01T10:58:49+08:00][sql] SELECT * FROM `admin_config` [ RunTime:0.000432s ]
[2024-03-01T10:58:49+08:00][sql] SELECT * FROM `admin_config` [ RunTime:0.000562s ]
[2024-03-01T10:58:49+08:00][sql] SELECT * FROM `admin_config` [ RunTime:0.000745s ]
[2024-03-01T10:58:49+08:00][sql] SELECT * FROM `admin_config` [ RunTime:0.000383s ]
[2024-03-01T10:58:49+08:00][sql] SELECT * FROM `admin_config` [ RunTime:0.000345s ]
[2024-03-01T10:58:49+08:00][sql] SELECT * FROM `admin_config` [ RunTime:0.000498s ]
[2024-03-01T10:58:49+08:00][sql] SELECT * FROM `admin_config` [ RunTime:0.000371s ]
[2024-03-01T10:58:49+08:00][sql] SELECT * FROM `admin_config` [ RunTime:0.000481s ]
[2024-03-01T10:58:49+08:00][sql] SELECT * FROM `admin_config` [ RunTime:0.000438s ]
[2024-03-01T10:58:49+08:00][sql] SELECT * FROM `admin_config` [ RunTime:0.000351s ]
[2024-03-01T10:58:49+08:00][sql] SELECT * FROM `admin_config` [ RunTime:0.000291s ]
[2024-03-01T10:58:49+08:00][sql] SELECT * FROM `admin_config` [ RunTime:0.000292s ]
[2024-03-01T10:58:54+08:00][sql] CONNECT:[ UseTime:0.000406s ] mysql:host=127.0.0.1;port=3306;dbname=ypay;charset=utf8
[2024-03-01T10:58:54+08:00][sql] SHOW FULL COLUMNS FROM `admin_config` [ RunTime:0.000599s ]
[2024-03-01T10:58:54+08:00][sql] SELECT * FROM `admin_config` [ RunTime:0.000314s ]
[2024-03-01T10:58:54+08:00][sql] SELECT * FROM `admin_config` [ RunTime:0.000346s ]
[2024-03-01T10:58:54+08:00][sql] SHOW FULL COLUMNS FROM `ypay_navs` [ RunTime:0.000408s ]
[2024-03-01T10:58:54+08:00][sql] SELECT * FROM `ypay_navs` WHERE  `status` = 1 ORDER BY `sort` ASC [ RunTime:0.000275s ]
[2024-03-01T10:58:54+08:00][sql] SHOW FULL COLUMNS FROM `ypay_news` [ RunTime:0.000384s ]
[2024-03-01T10:58:54+08:00][sql] SELECT COUNT(*) AS think_count FROM `ypay_news` WHERE  `type` = 1  AND `status` = 1 LIMIT 1 [ RunTime:0.000262s ]
[2024-03-01T10:58:54+08:00][sql] SELECT COUNT(*) AS think_count FROM `ypay_news` WHERE  `type` = 2  AND `status` = 1 LIMIT 1 [ RunTime:0.000514s ]
[2024-03-01T10:58:54+08:00][sql] SELECT COUNT(*) AS think_count FROM `ypay_news` WHERE  `type` = 3  AND `status` = 1 LIMIT 1 [ RunTime:0.000240s ]
[2024-03-01T10:58:54+08:00][sql] SELECT VERSION() as mysql_version [ RunTime:0.000306s ]
[2024-03-01T10:58:54+08:00][sql] SELECT * FROM `admin_config` [ RunTime:0.000357s ]
[2024-03-01T10:58:54+08:00][sql] SELECT * FROM `admin_config` [ RunTime:0.000269s ]
[2024-03-01T10:58:54+08:00][sql] SELECT * FROM `admin_config` [ RunTime:0.000260s ]
[2024-03-01T10:58:54+08:00][sql] SELECT * FROM `admin_config` [ RunTime:0.000274s ]
[2024-03-01T10:58:54+08:00][sql] SELECT * FROM `admin_config` [ RunTime:0.000286s ]
[2024-03-01T10:58:54+08:00][sql] SELECT * FROM `admin_config` [ RunTime:0.000305s ]
[2024-03-01T10:58:54+08:00][sql] SELECT * FROM `admin_config` [ RunTime:0.000281s ]
[2024-03-01T10:58:54+08:00][sql] SELECT * FROM `admin_config` [ RunTime:0.000255s ]
[2024-03-01T10:58:54+08:00][sql] SELECT * FROM `admin_config` [ RunTime:0.000243s ]
[2024-03-01T10:58:54+08:00][sql] SELECT * FROM `admin_config` [ RunTime:0.000299s ]
[2024-03-01T10:58:54+08:00][sql] SELECT * FROM `admin_config` [ RunTime:0.000615s ]
[2024-03-01T10:58:54+08:00][sql] SELECT * FROM `admin_config` [ RunTime:0.000325s ]
[2024-03-01T10:58:57+08:00][sql] CONNECT:[ UseTime:0.000366s ] mysql:host=127.0.0.1;port=3306;dbname=ypay;charset=utf8
[2024-03-01T10:58:57+08:00][sql] SHOW FULL COLUMNS FROM `ypay_navs` [ RunTime:0.000647s ]
[2024-03-01T10:58:57+08:00][sql] SELECT * FROM `ypay_navs` WHERE  `status` = 1 ORDER BY `id` ASC [ RunTime:0.000338s ]
[2024-03-01T10:58:57+08:00][sql] SELECT VERSION() as mysql_version [ RunTime:0.000229s ]
[2024-03-01T10:58:57+08:00][sql] SHOW FULL COLUMNS FROM `admin_config` [ RunTime:0.000585s ]
[2024-03-01T10:58:57+08:00][sql] SELECT * FROM `admin_config` [ RunTime:0.000330s ]
[2024-03-01T10:58:57+08:00][sql] SELECT * FROM `admin_config` [ RunTime:0.000308s ]
[2024-03-01T10:58:57+08:00][sql] SELECT * FROM `admin_config` [ RunTime:0.000262s ]
[2024-03-01T10:58:57+08:00][sql] SELECT * FROM `admin_config` [ RunTime:0.000362s ]
[2024-03-01T10:58:57+08:00][sql] SELECT * FROM `admin_config` [ RunTime:0.000655s ]
[2024-03-01T10:58:57+08:00][sql] SELECT * FROM `admin_config` [ RunTime:0.000402s ]
[2024-03-01T10:58:59+08:00][sql] CONNECT:[ UseTime:0.000393s ] mysql:host=127.0.0.1;port=3306;dbname=ypay;charset=utf8
[2024-03-01T10:58:59+08:00][sql] SELECT VERSION() as mysql_version [ RunTime:0.000250s ]
[2024-03-01T10:58:59+08:00][sql] SHOW FULL COLUMNS FROM `admin_config` [ RunTime:0.000855s ]
[2024-03-01T10:58:59+08:00][sql] SELECT * FROM `admin_config` [ RunTime:0.000378s ]
[2024-03-01T10:58:59+08:00][sql] SELECT * FROM `admin_config` [ RunTime:0.000367s ]
[2024-03-01T10:58:59+08:00][sql] SELECT * FROM `admin_config` [ RunTime:0.000259s ]
[2024-03-01T10:58:59+08:00][sql] SELECT * FROM `admin_config` [ RunTime:0.000306s ]
[2024-03-01T10:58:59+08:00][sql] SELECT * FROM `admin_config` [ RunTime:0.000305s ]
[2024-03-01T10:58:59+08:00][sql] SELECT * FROM `admin_config` [ RunTime:0.000270s ]
[2024-03-01T10:59:18+08:00][sql] CONNECT:[ UseTime:0.000390s ] mysql:host=127.0.0.1;port=3306;dbname=ypay;charset=utf8
[2024-03-01T10:59:18+08:00][sql] SELECT VERSION() as mysql_version [ RunTime:0.000221s ]
[2024-03-01T10:59:18+08:00][sql] SHOW FULL COLUMNS FROM `admin_config` [ RunTime:0.000619s ]
[2024-03-01T10:59:18+08:00][sql] SELECT * FROM `admin_config` [ RunTime:0.000316s ]
[2024-03-01T10:59:18+08:00][sql] SELECT * FROM `admin_config` [ RunTime:0.000426s ]
[2024-03-01T10:59:18+08:00][sql] SELECT * FROM `admin_config` [ RunTime:0.000317s ]
[2024-03-01T10:59:18+08:00][sql] SELECT * FROM `admin_config` [ RunTime:0.000263s ]
[2024-03-01T10:59:18+08:00][sql] SELECT * FROM `admin_config` [ RunTime:0.000304s ]
[2024-03-01T10:59:18+08:00][sql] SELECT * FROM `admin_config` [ RunTime:0.000304s ]
[2024-03-01T10:59:20+08:00][sql] CONNECT:[ UseTime:0.000301s ] mysql:host=127.0.0.1;port=3306;dbname=ypay;charset=utf8
[2024-03-01T10:59:20+08:00][sql] SELECT VERSION() as mysql_version [ RunTime:0.000159s ]
[2024-03-01T10:59:20+08:00][sql] SHOW FULL COLUMNS FROM `admin_config` [ RunTime:0.000500s ]
[2024-03-01T10:59:20+08:00][sql] SELECT * FROM `admin_config` [ RunTime:0.000341s ]
[2024-03-01T10:59:20+08:00][sql] SELECT * FROM `admin_config` [ RunTime:0.000360s ]
[2024-03-01T10:59:20+08:00][sql] SELECT * FROM `admin_config` [ RunTime:0.000255s ]
[2024-03-01T10:59:20+08:00][sql] SELECT * FROM `admin_config` [ RunTime:0.000319s ]
[2024-03-01T10:59:20+08:00][sql] SELECT * FROM `admin_config` [ RunTime:0.000273s ]
[2024-03-01T10:59:20+08:00][sql] SELECT * FROM `admin_config` [ RunTime:0.000295s ]
[2024-03-01T10:59:51+08:00][sql] CONNECT:[ UseTime:0.000292s ] mysql:host=127.0.0.1;port=3306;dbname=ypay;charset=utf8
[2024-03-01T10:59:51+08:00][sql] SHOW FULL COLUMNS FROM `admin_config` [ RunTime:0.000483s ]
[2024-03-01T10:59:51+08:00][sql] SELECT * FROM `admin_config` [ RunTime:0.000278s ]
[2024-03-01T10:59:54+08:00][sql] CONNECT:[ UseTime:0.000334s ] mysql:host=127.0.0.1;port=3306;dbname=ypay;charset=utf8
[2024-03-01T10:59:54+08:00][sql] SHOW FULL COLUMNS FROM `admin_config` [ RunTime:0.000540s ]
[2024-03-01T10:59:54+08:00][sql] SELECT * FROM `admin_config` [ RunTime:0.000335s ]
[2024-03-01T10:59:54+08:00][sql] SELECT * FROM `admin_config` [ RunTime:0.000517s ]
[2024-03-01T10:59:54+08:00][sql] SHOW FULL COLUMNS FROM `ypay_navs` [ RunTime:0.000612s ]
[2024-03-01T10:59:54+08:00][sql] SELECT * FROM `ypay_navs` WHERE  `status` = 1 ORDER BY `sort` ASC [ RunTime:0.000289s ]
[2024-03-01T10:59:54+08:00][sql] SHOW FULL COLUMNS FROM `ypay_news` [ RunTime:0.000403s ]
[2024-03-01T10:59:54+08:00][sql] SELECT COUNT(*) AS think_count FROM `ypay_news` WHERE  `type` = 1  AND `status` = 1 LIMIT 1 [ RunTime:0.000234s ]
[2024-03-01T10:59:54+08:00][sql] SELECT COUNT(*) AS think_count FROM `ypay_news` WHERE  `type` = 2  AND `status` = 1 LIMIT 1 [ RunTime:0.000291s ]
[2024-03-01T10:59:54+08:00][sql] SELECT COUNT(*) AS think_count FROM `ypay_news` WHERE  `type` = 3  AND `status` = 1 LIMIT 1 [ RunTime:0.000245s ]
[2024-03-01T10:59:54+08:00][sql] SELECT VERSION() as mysql_version [ RunTime:0.000151s ]
[2024-03-01T10:59:54+08:00][sql] SELECT * FROM `admin_config` [ RunTime:0.000401s ]
[2024-03-01T10:59:54+08:00][sql] SELECT * FROM `admin_config` [ RunTime:0.000257s ]
[2024-03-01T10:59:54+08:00][sql] SELECT * FROM `admin_config` [ RunTime:0.000319s ]
[2024-03-01T10:59:54+08:00][sql] SELECT * FROM `admin_config` [ RunTime:0.000245s ]
[2024-03-01T10:59:54+08:00][sql] SELECT * FROM `admin_config` [ RunTime:0.000324s ]
[2024-03-01T10:59:54+08:00][sql] SELECT * FROM `admin_config` [ RunTime:0.000293s ]
[2024-03-01T10:59:54+08:00][sql] SELECT * FROM `admin_config` [ RunTime:0.000250s ]
[2024-03-01T10:59:54+08:00][sql] SELECT * FROM `admin_config` [ RunTime:0.000245s ]
[2024-03-01T10:59:54+08:00][sql] SELECT * FROM `admin_config` [ RunTime:0.000275s ]
[2024-03-01T10:59:54+08:00][sql] SELECT * FROM `admin_config` [ RunTime:0.000317s ]
[2024-03-01T10:59:54+08:00][sql] SELECT * FROM `admin_config` [ RunTime:0.000245s ]
[2024-03-01T10:59:54+08:00][sql] SELECT * FROM `admin_config` [ RunTime:0.000283s ]
[2024-03-01T10:59:55+08:00][sql] CONNECT:[ UseTime:0.000285s ] mysql:host=127.0.0.1;port=3306;dbname=ypay;charset=utf8
[2024-03-01T10:59:55+08:00][sql] SHOW FULL COLUMNS FROM `admin_config` [ RunTime:0.000489s ]
[2024-03-01T10:59:55+08:00][sql] SELECT * FROM `admin_config` [ RunTime:0.000326s ]
[2024-03-01T11:00:06+08:00][sql] CONNECT:[ UseTime:0.000303s ] mysql:host=127.0.0.1;port=3306;dbname=ypay;charset=utf8
[2024-03-01T11:00:06+08:00][sql] SHOW FULL COLUMNS FROM `admin_config` [ RunTime:0.000495s ]
[2024-03-01T11:00:06+08:00][sql] SELECT * FROM `admin_config` [ RunTime:0.000334s ]
[2024-03-01T11:00:06+08:00][sql] SELECT * FROM `admin_config` [ RunTime:0.000291s ]
[2024-03-01T11:00:06+08:00][sql] SHOW FULL COLUMNS FROM `ypay_user` [ RunTime:0.000703s ]
[2024-03-01T11:00:06+08:00][sql] SELECT * FROM `ypay_user` WHERE  `username` = 'jimmy123'  AND `password` = '3e747a6afbbcbf8be7668acfeb' LIMIT 1 [ RunTime:0.000321s ]
[2024-03-01T11:00:11+08:00][sql] CONNECT:[ UseTime:0.000413s ] mysql:host=127.0.0.1;port=3306;dbname=ypay;charset=utf8
[2024-03-01T11:00:11+08:00][sql] SHOW FULL COLUMNS FROM `admin_config` [ RunTime:0.000677s ]
[2024-03-01T11:00:11+08:00][sql] SELECT * FROM `admin_config` [ RunTime:0.000338s ]
[2024-03-01T11:00:11+08:00][sql] SELECT * FROM `admin_config` [ RunTime:0.000374s ]
[2024-03-01T11:00:11+08:00][sql] SHOW FULL COLUMNS FROM `ypay_user` [ RunTime:0.000677s ]
[2024-03-01T11:00:11+08:00][sql] SELECT * FROM `ypay_user` WHERE  `username` = 'jimmy123'  AND `password` = '6ebe43dab8b6ce6d033a5da6e6' LIMIT 1 [ RunTime:0.000557s ]
[2024-03-01T11:00:21+08:00][sql] CONNECT:[ UseTime:0.000297s ] mysql:host=127.0.0.1;port=3306;dbname=ypay;charset=utf8
[2024-03-01T11:00:21+08:00][sql] SHOW FULL COLUMNS FROM `admin_config` [ RunTime:0.000607s ]
[2024-03-01T11:00:21+08:00][sql] SELECT * FROM `admin_config` [ RunTime:0.000304s ]
[2024-03-01T11:00:21+08:00][sql] SELECT * FROM `admin_config` [ RunTime:0.000294s ]
[2024-03-01T11:00:21+08:00][sql] SHOW FULL COLUMNS FROM `ypay_user` [ RunTime:0.000617s ]
[2024-03-01T11:00:21+08:00][sql] SELECT * FROM `ypay_user` WHERE  `username` = 'test123'  AND `password` = '6ebe43dab8b6ce6d033a5da6e6' LIMIT 1 [ RunTime:0.000382s ]
[2024-03-01T11:00:21+08:00][sql] UPDATE `ypay_user`  SET `token` = 'aXu8vIJ8UQr17lwjOCtUZ3Oec0GxSz7Y10001709262021.4081'  WHERE  `id` = 1000 [ RunTime:0.000305s ]
[2024-03-01T11:00:21+08:00][sql] SHOW FULL COLUMNS FROM `admin_front_log` [ RunTime:0.000543s ]
[2024-03-01T11:00:21+08:00][sql] INSERT INTO `admin_front_log` SET `uid` = 1000 , `url` = '/User/Login' , `desc` = '商户登录成功' , `ip` = '10.50.50.2' , `user_agent` = 'Mozilla/5.0 (Windows NT 10.0; Win64; x64) AppleWebKit/537.36 (KHTML, like Gecko) Chrome/121.0.0.0 Safari/537.36' , `create_time` = '2024-03-01 11:00:21.426950' [ RunTime:0.000788s ]
[2024-03-01T11:00:23+08:00][sql] CONNECT:[ UseTime:0.000291s ] mysql:host=127.0.0.1;port=3306;dbname=ypay;charset=utf8
[2024-03-01T11:00:23+08:00][sql] SHOW FULL COLUMNS FROM `ypay_user` [ RunTime:0.001015s ]
[2024-03-01T11:00:23+08:00][sql] SELECT * FROM `ypay_user` WHERE  `token` = 'aXu8vIJ8UQr17lwjOCtUZ3Oec0GxSz7Y10001709262021.4081'  AND `is_frozen` = 0 LIMIT 1 [ RunTime:0.000437s ]
[2024-03-01T11:00:23+08:00][sql] SELECT VERSION() as mysql_version [ RunTime:0.000196s ]
[2024-03-01T11:00:23+08:00][sql] SHOW FULL COLUMNS FROM `admin_config` [ RunTime:0.000467s ]
[2024-03-01T11:00:23+08:00][sql] SELECT * FROM `admin_config` [ RunTime:0.000271s ]
[2024-03-01T11:00:23+08:00][sql] SELECT * FROM `admin_config` [ RunTime:0.000291s ]
[2024-03-01T11:00:23+08:00][sql] SELECT * FROM `admin_config` [ RunTime:0.000312s ]
[2024-03-01T11:00:23+08:00][sql] CONNECT:[ UseTime:0.000417s ] mysql:host=127.0.0.1;port=3306;dbname=ypay;charset=utf8
[2024-03-01T11:00:23+08:00][sql] SHOW FULL COLUMNS FROM `ypay_user` [ RunTime:0.000674s ]
[2024-03-01T11:00:23+08:00][sql] SELECT * FROM `ypay_user` WHERE  `token` = 'aXu8vIJ8UQr17lwjOCtUZ3Oec0GxSz7Y10001709262021.4081'  AND `is_frozen` = 0 LIMIT 1 [ RunTime:0.000398s ]
[2024-03-01T11:00:23+08:00][sql] SHOW FULL COLUMNS FROM `ypay_plug` [ RunTime:0.001066s ]
[2024-03-01T11:00:23+08:00][sql] SELECT * FROM `ypay_plug` WHERE  `status` = 1 [ RunTime:0.000301s ]
[2024-03-01T11:00:23+08:00][sql] SHOW FULL COLUMNS FROM `admin_config` [ RunTime:0.000550s ]
[2024-03-01T11:00:23+08:00][sql] SELECT * FROM `admin_config` [ RunTime:0.000264s ]
[2024-03-01T11:00:23+08:00][sql] SELECT * FROM `ypay_user` WHERE  `token` = 'aXu8vIJ8UQr17lwjOCtUZ3Oec0GxSz7Y10001709262021.4081'  AND `is_frozen` = 0 LIMIT 1 [ RunTime:0.000321s ]
[2024-03-01T11:00:23+08:00][sql] SHOW FULL COLUMNS FROM `ypay_order` [ RunTime:0.000581s ]
[2024-03-01T11:00:23+08:00][sql] SELECT * FROM `ypay_user` WHERE  `token` = 'aXu8vIJ8UQr17lwjOCtUZ3Oec0GxSz7Y10001709262021.4081'  AND `is_frozen` = 0 LIMIT 1 [ RunTime:0.000355s ]
[2024-03-01T11:00:23+08:00][sql] SELECT COUNT(*) AS think_count FROM `ypay_order` WHERE  `status` = 1  AND `user_id` = 1000 LIMIT 1 [ RunTime:0.000493s ]
[2024-03-01T11:00:23+08:00][sql] SELECT * FROM `ypay_user` WHERE  `token` = 'aXu8vIJ8UQr17lwjOCtUZ3Oec0GxSz7Y10001709262021.4081'  AND `is_frozen` = 0 LIMIT 1 [ RunTime:0.000304s ]
[2024-03-01T11:00:23+08:00][sql] SELECT COUNT(*) AS think_count FROM `ypay_order` WHERE  `status` = 1  AND `user_id` = 1000  AND `create_time` BETWEEN '2024-03-01 00:00:00' AND '2024-03-01 23:59:59' LIMIT 1 [ RunTime:0.000533s ]
[2024-03-01T11:00:23+08:00][sql] SELECT * FROM `ypay_user` WHERE  `token` = 'aXu8vIJ8UQr17lwjOCtUZ3Oec0GxSz7Y10001709262021.4081'  AND `is_frozen` = 0 LIMIT 1 [ RunTime:0.000306s ]
[2024-03-01T11:00:23+08:00][sql] SELECT SUM(`truemoney`) AS think_sum FROM `ypay_order` WHERE  `user_id` = 1000  AND `status` = 1 LIMIT 1 [ RunTime:0.000231s ]
[2024-03-01T11:00:23+08:00][sql] SELECT * FROM `ypay_user` WHERE  `token` = 'aXu8vIJ8UQr17lwjOCtUZ3Oec0GxSz7Y10001709262021.4081'  AND `is_frozen` = 0 LIMIT 1 [ RunTime:0.000369s ]
[2024-03-01T11:00:23+08:00][sql] SELECT SUM(`truemoney`) AS think_sum FROM `ypay_order` WHERE  `user_id` = 1000  AND `status` = 1  AND `create_time` BETWEEN '2024-03-01 00:00:00' AND '2024-03-01 23:59:59' LIMIT 1 [ RunTime:0.000400s ]
[2024-03-01T11:00:23+08:00][sql] SHOW FULL COLUMNS FROM `ypay_account` [ RunTime:0.000719s ]
[2024-03-01T11:00:23+08:00][sql] SELECT * FROM `ypay_user` WHERE  `token` = 'aXu8vIJ8UQr17lwjOCtUZ3Oec0GxSz7Y10001709262021.4081'  AND `is_frozen` = 0 LIMIT 1 [ RunTime:0.000439s ]
[2024-03-01T11:00:23+08:00][sql] SELECT COUNT(*) AS think_count FROM `ypay_account` WHERE  `type` = 'wxpay'  AND `user_id` = 1000 LIMIT 1 [ RunTime:0.000332s ]
[2024-03-01T11:00:23+08:00][sql] SELECT * FROM `ypay_user` WHERE  `token` = 'aXu8vIJ8UQr17lwjOCtUZ3Oec0GxSz7Y10001709262021.4081'  AND `is_frozen` = 0 LIMIT 1 [ RunTime:0.000344s ]
[2024-03-01T11:00:23+08:00][sql] SELECT COUNT(*) AS think_count FROM `ypay_account` WHERE  `type` = 'alipay'  AND `user_id` = 1000 LIMIT 1 [ RunTime:0.000285s ]
[2024-03-01T11:00:23+08:00][sql] SELECT * FROM `ypay_user` WHERE  `token` = 'aXu8vIJ8UQr17lwjOCtUZ3Oec0GxSz7Y10001709262021.4081'  AND `is_frozen` = 0 LIMIT 1 [ RunTime:0.000336s ]
[2024-03-01T11:00:23+08:00][sql] SELECT COUNT(*) AS think_count FROM `ypay_account` WHERE  `type` = 'qqpay'  AND `user_id` = 1000 LIMIT 1 [ RunTime:0.000230s ]
[2024-03-01T11:00:23+08:00][sql] SELECT * FROM `ypay_user` WHERE  `token` = 'aXu8vIJ8UQr17lwjOCtUZ3Oec0GxSz7Y10001709262021.4081'  AND `is_frozen` = 0 LIMIT 1 [ RunTime:0.000321s ]
[2024-03-01T11:00:23+08:00][sql] SELECT COUNT(*) AS think_count FROM `ypay_account` WHERE  `user_id` = 1000 LIMIT 1 [ RunTime:0.000209s ]
[2024-03-01T11:00:23+08:00][sql] SELECT * FROM `ypay_user` WHERE  `token` = 'aXu8vIJ8UQr17lwjOCtUZ3Oec0GxSz7Y10001709262021.4081'  AND `is_frozen` = 0 LIMIT 1 [ RunTime:0.000303s ]
[2024-03-01T11:00:23+08:00][sql] SELECT COUNT(*) AS think_count FROM `ypay_account` WHERE  `user_id` = 1000  AND `status` = 0 LIMIT 1 [ RunTime:0.000241s ]
[2024-03-01T11:00:23+08:00][sql] SELECT * FROM `ypay_user` WHERE  `token` = 'aXu8vIJ8UQr17lwjOCtUZ3Oec0GxSz7Y10001709262021.4081'  AND `is_frozen` = 0 LIMIT 1 [ RunTime:0.000289s ]
[2024-03-01T11:00:23+08:00][sql] SELECT SUM(`truemoney`) AS think_sum FROM `ypay_order` WHERE  `user_id` = 1000  AND `status` = 1  AND `create_time` BETWEEN '2024-02-29 00:00:00' AND '2024-02-29 23:59:59' LIMIT 1 [ RunTime:0.000292s ]
[2024-03-01T11:00:23+08:00][sql] SELECT * FROM `ypay_user` WHERE  `token` = 'aXu8vIJ8UQr17lwjOCtUZ3Oec0GxSz7Y10001709262021.4081'  AND `is_frozen` = 0 LIMIT 1 [ RunTime:0.000297s ]
[2024-03-01T11:00:23+08:00][sql] SELECT COUNT(*) AS think_count FROM `ypay_order` WHERE  `user_id` = 1000  AND `status` = 1  AND `create_time` BETWEEN '2024-02-29 00:00:00' AND '2024-02-29 23:59:59' LIMIT 1 [ RunTime:0.000277s ]
[2024-03-01T11:00:23+08:00][sql] SELECT * FROM `ypay_user` WHERE  `token` = 'aXu8vIJ8UQr17lwjOCtUZ3Oec0GxSz7Y10001709262021.4081'  AND `is_frozen` = 0 LIMIT 1 [ RunTime:0.000335s ]
[2024-03-01T11:00:23+08:00][sql] SELECT SUM(`truemoney`) AS think_sum FROM `ypay_order` WHERE  `user_id` = 1000  AND `status` = 1  AND `create_time` BETWEEN '2024-03-01 00:00:00' AND '2024-03-31 23:59:59' LIMIT 1 [ RunTime:0.000229s ]
[2024-03-01T11:00:23+08:00][sql] SELECT * FROM `admin_config` [ RunTime:0.000550s ]
[2024-03-01T11:01:51+08:00][sql] CONNECT:[ UseTime:0.000359s ] mysql:host=127.0.0.1;port=3306;dbname=ypay;charset=utf8
[2024-03-01T11:01:51+08:00][sql] SHOW FULL COLUMNS FROM `ypay_user` [ RunTime:0.000812s ]
[2024-03-01T11:01:51+08:00][sql] SELECT * FROM `ypay_user` WHERE  `token` = 'aXu8vIJ8UQr17lwjOCtUZ3Oec0GxSz7Y10001709262021.4081'  AND `is_frozen` = 0 LIMIT 1 [ RunTime:0.000419s ]
[2024-03-01T11:01:51+08:00][sql] SELECT * FROM `ypay_user` WHERE  `token` = 'aXu8vIJ8UQr17lwjOCtUZ3Oec0GxSz7Y10001709262021.4081'  AND `is_frozen` = 0 LIMIT 1 [ RunTime:0.000472s ]
[2024-03-01T11:01:51+08:00][sql] SHOW FULL COLUMNS FROM `admin_config` [ RunTime:0.000542s ]
[2024-03-01T11:01:51+08:00][sql] SELECT * FROM `admin_config` [ RunTime:0.000328s ]
[2024-03-01T11:01:51+08:00][sql] SELECT * FROM `admin_config` [ RunTime:0.000333s ]
[2024-03-01T11:01:52+08:00][sql] CONNECT:[ UseTime:0.000352s ] mysql:host=127.0.0.1;port=3306;dbname=ypay;charset=utf8
[2024-03-01T11:01:52+08:00][sql] SHOW FULL COLUMNS FROM `ypay_user` [ RunTime:0.000650s ]
[2024-03-01T11:01:52+08:00][sql] SELECT * FROM `ypay_user` WHERE  `token` = 'aXu8vIJ8UQr17lwjOCtUZ3Oec0GxSz7Y10001709262021.4081'  AND `is_frozen` = 0 LIMIT 1 [ RunTime:0.000344s ]
[2024-03-01T11:01:52+08:00][sql] SELECT * FROM `ypay_user` WHERE  `token` = 'aXu8vIJ8UQr17lwjOCtUZ3Oec0GxSz7Y10001709262021.4081'  AND `is_frozen` = 0 LIMIT 1 [ RunTime:0.000435s ]
[2024-03-01T11:01:53+08:00][sql] CONNECT:[ UseTime:0.000586s ] mysql:host=127.0.0.1;port=3306;dbname=ypay;charset=utf8
[2024-03-01T11:01:53+08:00][sql] SHOW FULL COLUMNS FROM `ypay_user` [ RunTime:0.000716s ]
[2024-03-01T11:01:53+08:00][sql] SELECT * FROM `ypay_user` WHERE  `token` = 'aXu8vIJ8UQr17lwjOCtUZ3Oec0GxSz7Y10001709262021.4081'  AND `is_frozen` = 0 LIMIT 1 [ RunTime:0.000395s ]
[2024-03-01T11:01:53+08:00][sql] CONNECT:[ UseTime:0.000391s ] mysql:host=127.0.0.1;port=3306;dbname=ypay;charset=utf8
[2024-03-01T11:01:53+08:00][sql] SHOW FULL COLUMNS FROM `ypay_user` [ RunTime:0.001045s ]
[2024-03-01T11:01:53+08:00][sql] SELECT * FROM `ypay_user` WHERE  `token` = 'aXu8vIJ8UQr17lwjOCtUZ3Oec0GxSz7Y10001709262021.4081'  AND `is_frozen` = 0 LIMIT 1 [ RunTime:0.000478s ]
[2024-03-01T11:01:53+08:00][sql] SELECT * FROM `ypay_user` WHERE  `token` = 'aXu8vIJ8UQr17lwjOCtUZ3Oec0GxSz7Y10001709262021.4081'  AND `is_frozen` = 0 LIMIT 1 [ RunTime:0.000432s ]
[2024-03-01T11:01:53+08:00][sql] SHOW FULL COLUMNS FROM `admin_front_log` [ RunTime:0.000440s ]
[2024-03-01T11:01:53+08:00][sql] SELECT COUNT(*) AS think_count FROM `admin_front_log` WHERE  `uid` = 1000 LIMIT 1 [ RunTime:0.000240s ]
[2024-03-01T11:01:53+08:00][sql] SELECT * FROM `admin_front_log` WHERE  `uid` = 1000 ORDER BY `id` DESC LIMIT 0,10 [ RunTime:0.000216s ]
[2024-03-01T11:01:57+08:00][sql] CONNECT:[ UseTime:0.000336s ] mysql:host=127.0.0.1;port=3306;dbname=ypay;charset=utf8
[2024-03-01T11:01:57+08:00][sql] SHOW FULL COLUMNS FROM `ypay_user` [ RunTime:0.000650s ]
[2024-03-01T11:01:57+08:00][sql] SELECT * FROM `ypay_user` WHERE  `token` = 'aXu8vIJ8UQr17lwjOCtUZ3Oec0GxSz7Y10001709262021.4081'  AND `is_frozen` = 0 LIMIT 1 [ RunTime:0.000346s ]
[2024-03-01T11:01:57+08:00][sql] SELECT * FROM `ypay_user` WHERE  `token` = 'aXu8vIJ8UQr17lwjOCtUZ3Oec0GxSz7Y10001709262021.4081'  AND `is_frozen` = 0 LIMIT 1 [ RunTime:0.000309s ]
[2024-03-01T11:01:57+08:00][sql] SELECT * FROM `ypay_user` WHERE  `id` = 1000 LIMIT 1 [ RunTime:0.000285s ]
[2024-03-01T11:02:00+08:00][sql] CONNECT:[ UseTime:0.000364s ] mysql:host=127.0.0.1;port=3306;dbname=ypay;charset=utf8
[2024-03-01T11:02:00+08:00][sql] SHOW FULL COLUMNS FROM `ypay_user` [ RunTime:0.000574s ]
[2024-03-01T11:02:00+08:00][sql] SELECT * FROM `ypay_user` WHERE  `token` = 'aXu8vIJ8UQr17lwjOCtUZ3Oec0GxSz7Y10001709262021.4081'  AND `is_frozen` = 0 LIMIT 1 [ RunTime:0.000361s ]
[2024-03-01T11:02:00+08:00][sql] SELECT * FROM `ypay_user` WHERE  `token` = 'aXu8vIJ8UQr17lwjOCtUZ3Oec0GxSz7Y10001709262021.4081'  AND `is_frozen` = 0 LIMIT 1 [ RunTime:0.000519s ]
[2024-03-01T11:02:00+08:00][sql] SELECT * FROM `ypay_user` WHERE  `token` = 'aXu8vIJ8UQr17lwjOCtUZ3Oec0GxSz7Y10001709262021.4081'  AND `is_frozen` = 0 LIMIT 1 [ RunTime:0.000550s ]
[2024-03-01T11:02:00+08:00][sql] SHOW FULL COLUMNS FROM `admin_config` [ RunTime:0.000549s ]
[2024-03-01T11:02:00+08:00][sql] SELECT * FROM `admin_config` [ RunTime:0.000293s ]
[2024-03-01T11:02:00+08:00][sql] SELECT * FROM `admin_config` [ RunTime:0.000323s ]
[2024-03-01T11:02:01+08:00][sql] CONNECT:[ UseTime:0.000322s ] mysql:host=127.0.0.1;port=3306;dbname=ypay;charset=utf8
[2024-03-01T11:02:01+08:00][sql] SHOW FULL COLUMNS FROM `ypay_user` [ RunTime:0.000579s ]
[2024-03-01T11:02:01+08:00][sql] SELECT * FROM `ypay_user` WHERE  `token` = 'aXu8vIJ8UQr17lwjOCtUZ3Oec0GxSz7Y10001709262021.4081'  AND `is_frozen` = 0 LIMIT 1 [ RunTime:0.000476s ]
[2024-03-01T11:02:01+08:00][sql] SELECT * FROM `ypay_user` WHERE  `token` = 'aXu8vIJ8UQr17lwjOCtUZ3Oec0GxSz7Y10001709262021.4081'  AND `is_frozen` = 0 LIMIT 1 [ RunTime:0.000697s ]
[2024-03-01T11:02:01+08:00][sql] CONNECT:[ UseTime:0.000333s ] mysql:host=127.0.0.1;port=3306;dbname=ypay;charset=utf8
[2024-03-01T11:02:01+08:00][sql] SHOW FULL COLUMNS FROM `ypay_user` [ RunTime:0.000666s ]
[2024-03-01T11:02:01+08:00][sql] SELECT * FROM `ypay_user` WHERE  `token` = 'aXu8vIJ8UQr17lwjOCtUZ3Oec0GxSz7Y10001709262021.4081'  AND `is_frozen` = 0 LIMIT 1 [ RunTime:0.000405s ]
[2024-03-01T11:02:01+08:00][sql] SELECT * FROM `ypay_user` WHERE  `token` = 'aXu8vIJ8UQr17lwjOCtUZ3Oec0GxSz7Y10001709262021.4081'  AND `is_frozen` = 0 LIMIT 1 [ RunTime:0.000426s ]
[2024-03-01T11:02:01+08:00][sql] SELECT * FROM `ypay_user` WHERE  `token` = 'aXu8vIJ8UQr17lwjOCtUZ3Oec0GxSz7Y10001709262021.4081'  AND `is_frozen` = 0 LIMIT 1 [ RunTime:0.000581s ]
[2024-03-01T11:02:01+08:00][sql] SHOW FULL COLUMNS FROM `money_log` [ RunTime:0.000693s ]
[2024-03-01T11:02:01+08:00][sql] SELECT COUNT(*) AS think_count FROM `money_log` WHERE  `user_id` = 1000 LIMIT 1 [ RunTime:0.000313s ]
[2024-03-01T11:02:04+08:00][sql] CONNECT:[ UseTime:0.000380s ] mysql:host=127.0.0.1;port=3306;dbname=ypay;charset=utf8
[2024-03-01T11:02:04+08:00][sql] SHOW FULL COLUMNS FROM `ypay_user` [ RunTime:0.000838s ]
[2024-03-01T11:02:04+08:00][sql] SELECT * FROM `ypay_user` WHERE  `token` = 'aXu8vIJ8UQr17lwjOCtUZ3Oec0GxSz7Y10001709262021.4081'  AND `is_frozen` = 0 LIMIT 1 [ RunTime:0.000476s ]
[2024-03-01T11:02:04+08:00][sql] SELECT * FROM `ypay_user` WHERE  `token` = 'aXu8vIJ8UQr17lwjOCtUZ3Oec0GxSz7Y10001709262021.4081'  AND `is_frozen` = 0 LIMIT 1 [ RunTime:0.000794s ]
[2024-03-01T11:02:04+08:00][sql] SHOW FULL COLUMNS FROM `ypay_order` [ RunTime:0.000649s ]
[2024-03-01T11:02:04+08:00][sql] SELECT * FROM `ypay_user` WHERE  `token` = 'aXu8vIJ8UQr17lwjOCtUZ3Oec0GxSz7Y10001709262021.4081'  AND `is_frozen` = 0 LIMIT 1 [ RunTime:0.000389s ]
[2024-03-01T11:02:04+08:00][sql] SELECT COUNT(*) AS think_count FROM `ypay_order` WHERE  `status` = 1  AND `user_id` = 1000 LIMIT 1 [ RunTime:0.000236s ]
[2024-03-01T11:02:04+08:00][sql] SELECT * FROM `ypay_user` WHERE  `token` = 'aXu8vIJ8UQr17lwjOCtUZ3Oec0GxSz7Y10001709262021.4081'  AND `is_frozen` = 0 LIMIT 1 [ RunTime:0.000288s ]
[2024-03-01T11:02:04+08:00][sql] SELECT COUNT(*) AS think_count FROM `ypay_order` WHERE  `status` = 1  AND `user_id` = 1000  AND `create_time` BETWEEN '2024-03-01 00:00:00' AND '2024-03-01 23:59:59' LIMIT 1 [ RunTime:0.000260s ]
[2024-03-01T11:02:04+08:00][sql] SELECT * FROM `ypay_user` WHERE  `token` = 'aXu8vIJ8UQr17lwjOCtUZ3Oec0GxSz7Y10001709262021.4081'  AND `is_frozen` = 0 LIMIT 1 [ RunTime:0.000396s ]
[2024-03-01T11:02:04+08:00][sql] SELECT SUM(`truemoney`) AS think_sum FROM `ypay_order` WHERE  `user_id` = 1000  AND `status` = 1 LIMIT 1 [ RunTime:0.000219s ]
[2024-03-01T11:02:04+08:00][sql] SELECT * FROM `ypay_user` WHERE  `token` = 'aXu8vIJ8UQr17lwjOCtUZ3Oec0GxSz7Y10001709262021.4081'  AND `is_frozen` = 0 LIMIT 1 [ RunTime:0.000291s ]
[2024-03-01T11:02:04+08:00][sql] SELECT SUM(`truemoney`) AS think_sum FROM `ypay_order` WHERE  `user_id` = 1000  AND `status` = 1  AND `create_time` BETWEEN '2024-03-01 00:00:00' AND '2024-03-01 23:59:59' LIMIT 1 [ RunTime:0.000223s ]
[2024-03-01T11:02:04+08:00][sql] CONNECT:[ UseTime:0.000428s ] mysql:host=127.0.0.1;port=3306;dbname=ypay;charset=utf8
[2024-03-01T11:02:04+08:00][sql] SHOW FULL COLUMNS FROM `ypay_user` [ RunTime:0.000596s ]
[2024-03-01T11:02:04+08:00][sql] SELECT * FROM `ypay_user` WHERE  `token` = 'aXu8vIJ8UQr17lwjOCtUZ3Oec0GxSz7Y10001709262021.4081'  AND `is_frozen` = 0 LIMIT 1 [ RunTime:0.000430s ]
[2024-03-01T11:02:04+08:00][sql] SELECT * FROM `ypay_user` WHERE  `token` = 'aXu8vIJ8UQr17lwjOCtUZ3Oec0GxSz7Y10001709262021.4081'  AND `is_frozen` = 0 LIMIT 1 [ RunTime:0.000548s ]
[2024-03-01T11:02:04+08:00][sql] SELECT * FROM `ypay_user` WHERE  `token` = 'aXu8vIJ8UQr17lwjOCtUZ3Oec0GxSz7Y10001709262021.4081'  AND `is_frozen` = 0 LIMIT 1 [ RunTime:0.000542s ]
[2024-03-01T11:02:04+08:00][sql] SHOW FULL COLUMNS FROM `ypay_order` [ RunTime:0.000470s ]
[2024-03-01T11:02:04+08:00][sql] SELECT COUNT(*) AS think_count FROM `ypay_order` WHERE  `user_id` = 1000 LIMIT 1 [ RunTime:0.000203s ]
[2024-03-01T11:02:05+08:00][sql] CONNECT:[ UseTime:0.000314s ] mysql:host=127.0.0.1;port=3306;dbname=ypay;charset=utf8
[2024-03-01T11:02:05+08:00][sql] SHOW FULL COLUMNS FROM `ypay_user` [ RunTime:0.000572s ]
[2024-03-01T11:02:05+08:00][sql] SELECT * FROM `ypay_user` WHERE  `token` = 'aXu8vIJ8UQr17lwjOCtUZ3Oec0GxSz7Y10001709262021.4081'  AND `is_frozen` = 0 LIMIT 1 [ RunTime:0.000384s ]
[2024-03-01T11:02:05+08:00][sql] SHOW FULL COLUMNS FROM `ypay_plug` [ RunTime:0.000553s ]
[2024-03-01T11:02:05+08:00][sql] SELECT * FROM `ypay_plug` WHERE  `status` = 1 [ RunTime:0.000281s ]
[2024-03-01T11:02:05+08:00][sql] SHOW FULL COLUMNS FROM `admin_config` [ RunTime:0.000494s ]
[2024-03-01T11:02:05+08:00][sql] SELECT * FROM `admin_config` [ RunTime:0.000303s ]
[2024-03-01T11:02:05+08:00][sql] SELECT * FROM `ypay_user` WHERE  `token` = 'aXu8vIJ8UQr17lwjOCtUZ3Oec0GxSz7Y10001709262021.4081'  AND `is_frozen` = 0 LIMIT 1 [ RunTime:0.000371s ]
[2024-03-01T11:02:15+08:00][sql] CONNECT:[ UseTime:0.000383s ] mysql:host=127.0.0.1;port=3306;dbname=ypay;charset=utf8
[2024-03-01T11:02:15+08:00][sql] SHOW FULL COLUMNS FROM `ypay_user` [ RunTime:0.000572s ]
[2024-03-01T11:02:15+08:00][sql] SELECT * FROM `ypay_user` WHERE  `token` = 'aXu8vIJ8UQr17lwjOCtUZ3Oec0GxSz7Y10001709262021.4081'  AND `is_frozen` = 0 LIMIT 1 [ RunTime:0.000332s ]
[2024-03-01T11:02:15+08:00][sql] SELECT * FROM `ypay_user` WHERE  `token` = 'aXu8vIJ8UQr17lwjOCtUZ3Oec0GxSz7Y10001709262021.4081'  AND `is_frozen` = 0 LIMIT 1 [ RunTime:0.000417s ]
[2024-03-01T11:02:16+08:00][sql] CONNECT:[ UseTime:0.000370s ] mysql:host=127.0.0.1;port=3306;dbname=ypay;charset=utf8
[2024-03-01T11:02:16+08:00][sql] SHOW FULL COLUMNS FROM `ypay_user` [ RunTime:0.000704s ]
[2024-03-01T11:02:16+08:00][sql] SELECT * FROM `ypay_user` WHERE  `token` = 'aXu8vIJ8UQr17lwjOCtUZ3Oec0GxSz7Y10001709262021.4081'  AND `is_frozen` = 0 LIMIT 1 [ RunTime:0.000408s ]
[2024-03-01T11:02:16+08:00][sql] SELECT * FROM `ypay_user` WHERE  `token` = 'aXu8vIJ8UQr17lwjOCtUZ3Oec0GxSz7Y10001709262021.4081'  AND `is_frozen` = 0 LIMIT 1 [ RunTime:0.000448s ]
[2024-03-01T11:02:16+08:00][sql] SELECT * FROM `ypay_user` WHERE  `token` = 'aXu8vIJ8UQr17lwjOCtUZ3Oec0GxSz7Y10001709262021.4081'  AND `is_frozen` = 0 LIMIT 1 [ RunTime:0.000319s ]
[2024-03-01T11:02:16+08:00][sql] SHOW FULL COLUMNS FROM `money_log` [ RunTime:0.000434s ]
[2024-03-01T11:02:16+08:00][sql] SELECT COUNT(*) AS think_count FROM `money_log` WHERE  `user_id` = 1000 LIMIT 1 [ RunTime:0.000247s ]
[2024-03-01T11:02:18+08:00][sql] CONNECT:[ UseTime:0.000328s ] mysql:host=127.0.0.1;port=3306;dbname=ypay;charset=utf8
[2024-03-01T11:02:18+08:00][sql] SHOW FULL COLUMNS FROM `ypay_user` [ RunTime:0.000611s ]
[2024-03-01T11:02:18+08:00][sql] SELECT * FROM `ypay_user` WHERE  `token` = 'aXu8vIJ8UQr17lwjOCtUZ3Oec0GxSz7Y10001709262021.4081'  AND `is_frozen` = 0 LIMIT 1 [ RunTime:0.000398s ]
[2024-03-01T11:02:18+08:00][sql] SELECT * FROM `ypay_user` WHERE  `token` = 'aXu8vIJ8UQr17lwjOCtUZ3Oec0GxSz7Y10001709262021.4081'  AND `is_frozen` = 0 LIMIT 1 [ RunTime:0.000358s ]
[2024-03-01T11:02:19+08:00][sql] CONNECT:[ UseTime:0.000375s ] mysql:host=127.0.0.1;port=3306;dbname=ypay;charset=utf8
[2024-03-01T11:02:19+08:00][sql] SHOW FULL COLUMNS FROM `ypay_user` [ RunTime:0.000588s ]
[2024-03-01T11:02:19+08:00][sql] SELECT * FROM `ypay_user` WHERE  `token` = 'aXu8vIJ8UQr17lwjOCtUZ3Oec0GxSz7Y10001709262021.4081'  AND `is_frozen` = 0 LIMIT 1 [ RunTime:0.000365s ]
[2024-03-01T11:02:19+08:00][sql] SELECT * FROM `ypay_user` WHERE  `token` = 'aXu8vIJ8UQr17lwjOCtUZ3Oec0GxSz7Y10001709262021.4081'  AND `is_frozen` = 0 LIMIT 1 [ RunTime:0.000562s ]
[2024-03-01T11:02:19+08:00][sql] SHOW FULL COLUMNS FROM `admin_config` [ RunTime:0.000547s ]
[2024-03-01T11:02:19+08:00][sql] SELECT * FROM `admin_config` [ RunTime:0.000296s ]
[2024-03-01T11:02:19+08:00][sql] SELECT * FROM `admin_config` [ RunTime:0.000517s ]
[2024-03-01T11:02:20+08:00][sql] CONNECT:[ UseTime:0.000391s ] mysql:host=127.0.0.1;port=3306;dbname=ypay;charset=utf8
[2024-03-01T11:02:20+08:00][sql] SHOW FULL COLUMNS FROM `ypay_user` [ RunTime:0.000619s ]
[2024-03-01T11:02:20+08:00][sql] SELECT * FROM `ypay_user` WHERE  `token` = 'aXu8vIJ8UQr17lwjOCtUZ3Oec0GxSz7Y10001709262021.4081'  AND `is_frozen` = 0 LIMIT 1 [ RunTime:0.000367s ]
[2024-03-01T11:02:20+08:00][sql] CONNECT:[ UseTime:0.000315s ] mysql:host=127.0.0.1;port=3306;dbname=ypay;charset=utf8
[2024-03-01T11:02:20+08:00][sql] SHOW FULL COLUMNS FROM `ypay_user` [ RunTime:0.000599s ]
[2024-03-01T11:02:20+08:00][sql] SELECT * FROM `ypay_user` WHERE  `token` = 'aXu8vIJ8UQr17lwjOCtUZ3Oec0GxSz7Y10001709262021.4081'  AND `is_frozen` = 0 LIMIT 1 [ RunTime:0.000354s ]
[2024-03-01T11:02:20+08:00][sql] SELECT * FROM `ypay_user` WHERE  `token` = 'aXu8vIJ8UQr17lwjOCtUZ3Oec0GxSz7Y10001709262021.4081'  AND `is_frozen` = 0 LIMIT 1 [ RunTime:0.000468s ]
[2024-03-01T11:02:20+08:00][sql] SHOW FULL COLUMNS FROM `admin_front_log` [ RunTime:0.000524s ]
[2024-03-01T11:02:20+08:00][sql] SELECT COUNT(*) AS think_count FROM `admin_front_log` WHERE  `uid` = 1000 LIMIT 1 [ RunTime:0.000439s ]
[2024-03-01T11:02:20+08:00][sql] SELECT * FROM `admin_front_log` WHERE  `uid` = 1000 ORDER BY `id` DESC LIMIT 0,10 [ RunTime:0.000392s ]
[2024-03-01T11:02:21+08:00][sql] CONNECT:[ UseTime:0.000383s ] mysql:host=127.0.0.1;port=3306;dbname=ypay;charset=utf8
[2024-03-01T11:02:21+08:00][sql] SHOW FULL COLUMNS FROM `ypay_user` [ RunTime:0.000599s ]
[2024-03-01T11:02:21+08:00][sql] SELECT * FROM `ypay_user` WHERE  `token` = 'aXu8vIJ8UQr17lwjOCtUZ3Oec0GxSz7Y10001709262021.4081'  AND `is_frozen` = 0 LIMIT 1 [ RunTime:0.000409s ]
[2024-03-01T11:02:21+08:00][sql] SELECT * FROM `ypay_user` WHERE  `token` = 'aXu8vIJ8UQr17lwjOCtUZ3Oec0GxSz7Y10001709262021.4081'  AND `is_frozen` = 0 LIMIT 1 [ RunTime:0.000352s ]
[2024-03-01T11:02:21+08:00][sql] SELECT * FROM `ypay_user` WHERE  `id` = 1000 LIMIT 1 [ RunTime:0.000319s ]
[2024-03-01T11:16:56+08:00][sql] CONNECT:[ UseTime:0.000354s ] mysql:host=127.0.0.1;port=3306;dbname=ypay;charset=utf8
[2024-03-01T11:16:56+08:00][sql] SELECT VERSION() as mysql_version [ RunTime:0.000204s ]
[2024-03-01T11:16:56+08:00][sql] SHOW FULL COLUMNS FROM `admin_config` [ RunTime:0.000559s ]
[2024-03-01T11:16:56+08:00][sql] SELECT * FROM `admin_config` [ RunTime:0.000322s ]
[2024-03-01T11:16:56+08:00][sql] SELECT * FROM `admin_config` [ RunTime:0.000460s ]
[2024-03-01T11:16:56+08:00][sql] SELECT * FROM `admin_config` [ RunTime:0.000386s ]
[2024-03-01T11:16:56+08:00][sql] SELECT * FROM `admin_config` [ RunTime:0.000249s ]
[2024-03-01T11:16:56+08:00][sql] SELECT * FROM `admin_config` [ RunTime:0.000249s ]
[2024-03-01T11:16:56+08:00][sql] SELECT * FROM `admin_config` [ RunTime:0.000271s ]
[2024-03-01T11:18:05+08:00][sql] CONNECT:[ UseTime:0.000291s ] mysql:host=127.0.0.1;port=3306;dbname=ypay;charset=utf8
[2024-03-01T11:18:05+08:00][sql] SELECT VERSION() as mysql_version [ RunTime:0.000200s ]
[2024-03-01T11:18:05+08:00][sql] SHOW FULL COLUMNS FROM `admin_config` [ RunTime:0.000553s ]
[2024-03-01T11:18:05+08:00][sql] SELECT * FROM `admin_config` [ RunTime:0.000274s ]
[2024-03-01T11:18:05+08:00][sql] SELECT * FROM `admin_config` [ RunTime:0.000342s ]
[2024-03-01T11:18:05+08:00][sql] SELECT * FROM `admin_config` [ RunTime:0.000299s ]
[2024-03-01T11:18:05+08:00][sql] SELECT * FROM `admin_config` [ RunTime:0.000323s ]
[2024-03-01T11:18:05+08:00][sql] SELECT * FROM `admin_config` [ RunTime:0.000279s ]
[2024-03-01T11:18:05+08:00][sql] SELECT * FROM `admin_config` [ RunTime:0.000269s ]
[2024-03-01T11:18:08+08:00][sql] CONNECT:[ UseTime:0.000350s ] mysql:host=127.0.0.1;port=3306;dbname=ypay;charset=utf8
[2024-03-01T11:18:08+08:00][sql] SELECT VERSION() as mysql_version [ RunTime:0.000240s ]
[2024-03-01T11:18:08+08:00][sql] SHOW FULL COLUMNS FROM `admin_config` [ RunTime:0.000574s ]
[2024-03-01T11:18:08+08:00][sql] SELECT * FROM `admin_config` [ RunTime:0.000354s ]
[2024-03-01T11:18:08+08:00][sql] SELECT * FROM `admin_config` [ RunTime:0.000327s ]
[2024-03-01T11:18:08+08:00][sql] SELECT * FROM `admin_config` [ RunTime:0.000285s ]
[2024-03-01T11:18:08+08:00][sql] SELECT * FROM `admin_config` [ RunTime:0.000262s ]
[2024-03-01T11:18:08+08:00][sql] SELECT * FROM `admin_config` [ RunTime:0.000271s ]
[2024-03-01T11:18:08+08:00][sql] SELECT * FROM `admin_config` [ RunTime:0.000247s ]
[2024-03-01T11:19:10+08:00][sql] CONNECT:[ UseTime:0.000327s ] mysql:host=127.0.0.1;port=3306;dbname=ypay;charset=utf8
[2024-03-01T11:19:10+08:00][sql] SELECT VERSION() as mysql_version [ RunTime:0.000182s ]
[2024-03-01T11:19:10+08:00][sql] SHOW FULL COLUMNS FROM `admin_config` [ RunTime:0.000527s ]
[2024-03-01T11:19:10+08:00][sql] SELECT * FROM `admin_config` [ RunTime:0.000353s ]
[2024-03-01T11:19:10+08:00][sql] SELECT * FROM `admin_config` [ RunTime:0.000344s ]
[2024-03-01T11:19:10+08:00][sql] SELECT * FROM `admin_config` [ RunTime:0.000333s ]
[2024-03-01T11:19:10+08:00][sql] SELECT * FROM `admin_config` [ RunTime:0.000273s ]
[2024-03-01T11:19:10+08:00][sql] SELECT * FROM `admin_config` [ RunTime:0.000260s ]
[2024-03-01T11:19:10+08:00][sql] SELECT * FROM `admin_config` [ RunTime:0.000261s ]
[2024-03-01T11:19:12+08:00][sql] CONNECT:[ UseTime:0.000376s ] mysql:host=127.0.0.1;port=3306;dbname=ypay;charset=utf8
[2024-03-01T11:19:12+08:00][sql] SELECT VERSION() as mysql_version [ RunTime:0.000213s ]
[2024-03-01T11:19:12+08:00][sql] SHOW FULL COLUMNS FROM `admin_config` [ RunTime:0.000558s ]
[2024-03-01T11:19:12+08:00][sql] SELECT * FROM `admin_config` [ RunTime:0.000272s ]
[2024-03-01T11:19:12+08:00][sql] SELECT * FROM `admin_config` [ RunTime:0.000420s ]
[2024-03-01T11:19:12+08:00][sql] SELECT * FROM `admin_config` [ RunTime:0.000281s ]
[2024-03-01T11:19:12+08:00][sql] SELECT * FROM `admin_config` [ RunTime:0.000350s ]
[2024-03-01T11:19:12+08:00][sql] SELECT * FROM `admin_config` [ RunTime:0.000271s ]
[2024-03-01T11:19:12+08:00][sql] SELECT * FROM `admin_config` [ RunTime:0.000312s ]
[2024-03-01T11:19:22+08:00][sql] CONNECT:[ UseTime:0.000286s ] mysql:host=127.0.0.1;port=3306;dbname=ypay;charset=utf8
[2024-03-01T11:19:22+08:00][sql] SHOW FULL COLUMNS FROM `ypay_user` [ RunTime:0.000630s ]
[2024-03-01T11:19:22+08:00][sql] SELECT * FROM `ypay_user` WHERE  `token` = 'aXu8vIJ8UQr17lwjOCtUZ3Oec0GxSz7Y10001709262021.4081'  AND `is_frozen` = 0 LIMIT 1 [ RunTime:0.000623s ]
[2024-03-01T11:19:22+08:00][sql] CONNECT:[ UseTime:0.000314s ] mysql:host=127.0.0.1;port=3306;dbname=ypay;charset=utf8
[2024-03-01T11:19:22+08:00][sql] SHOW FULL COLUMNS FROM `ypay_user` [ RunTime:0.000646s ]
[2024-03-01T11:19:22+08:00][sql] SELECT * FROM `ypay_user` WHERE  `token` = 'aXu8vIJ8UQr17lwjOCtUZ3Oec0GxSz7Y10001709262021.4081'  AND `is_frozen` = 0 LIMIT 1 [ RunTime:0.000386s ]
[2024-03-01T11:19:22+08:00][sql] SELECT VERSION() as mysql_version [ RunTime:0.000233s ]
[2024-03-01T11:19:22+08:00][sql] SHOW FULL COLUMNS FROM `admin_config` [ RunTime:0.000680s ]
[2024-03-01T11:19:22+08:00][sql] SELECT * FROM `admin_config` [ RunTime:0.000339s ]
[2024-03-01T11:19:22+08:00][sql] SELECT * FROM `admin_config` [ RunTime:0.000327s ]
[2024-03-01T11:19:22+08:00][sql] SELECT * FROM `admin_config` [ RunTime:0.000363s ]
[2024-03-01T11:19:23+08:00][sql] CONNECT:[ UseTime:0.000346s ] mysql:host=127.0.0.1;port=3306;dbname=ypay;charset=utf8
[2024-03-01T11:19:23+08:00][sql] SHOW FULL COLUMNS FROM `ypay_user` [ RunTime:0.000627s ]
[2024-03-01T11:19:23+08:00][sql] SELECT * FROM `ypay_user` WHERE  `token` = 'aXu8vIJ8UQr17lwjOCtUZ3Oec0GxSz7Y10001709262021.4081'  AND `is_frozen` = 0 LIMIT 1 [ RunTime:0.000493s ]
[2024-03-01T11:19:23+08:00][sql] SHOW FULL COLUMNS FROM `ypay_plug` [ RunTime:0.000643s ]
[2024-03-01T11:19:23+08:00][sql] SELECT * FROM `ypay_plug` WHERE  `status` = 1 [ RunTime:0.000242s ]
[2024-03-01T11:19:23+08:00][sql] SHOW FULL COLUMNS FROM `admin_config` [ RunTime:0.000480s ]
[2024-03-01T11:19:23+08:00][sql] SELECT * FROM `admin_config` [ RunTime:0.000296s ]
[2024-03-01T11:19:23+08:00][sql] SELECT * FROM `ypay_user` WHERE  `token` = 'aXu8vIJ8UQr17lwjOCtUZ3Oec0GxSz7Y10001709262021.4081'  AND `is_frozen` = 0 LIMIT 1 [ RunTime:0.000302s ]
[2024-03-01T11:19:23+08:00][sql] SHOW FULL COLUMNS FROM `ypay_order` [ RunTime:0.000627s ]
[2024-03-01T11:19:23+08:00][sql] SELECT * FROM `ypay_user` WHERE  `token` = 'aXu8vIJ8UQr17lwjOCtUZ3Oec0GxSz7Y10001709262021.4081'  AND `is_frozen` = 0 LIMIT 1 [ RunTime:0.000362s ]
[2024-03-01T11:19:23+08:00][sql] SELECT COUNT(*) AS think_count FROM `ypay_order` WHERE  `status` = 1  AND `user_id` = 1000 LIMIT 1 [ RunTime:0.000239s ]
[2024-03-01T11:19:23+08:00][sql] SELECT * FROM `ypay_user` WHERE  `token` = 'aXu8vIJ8UQr17lwjOCtUZ3Oec0GxSz7Y10001709262021.4081'  AND `is_frozen` = 0 LIMIT 1 [ RunTime:0.000295s ]
[2024-03-01T11:19:23+08:00][sql] SELECT COUNT(*) AS think_count FROM `ypay_order` WHERE  `status` = 1  AND `user_id` = 1000  AND `create_time` BETWEEN '2024-03-01 00:00:00' AND '2024-03-01 23:59:59' LIMIT 1 [ RunTime:0.000263s ]
[2024-03-01T11:19:23+08:00][sql] SELECT * FROM `ypay_user` WHERE  `token` = 'aXu8vIJ8UQr17lwjOCtUZ3Oec0GxSz7Y10001709262021.4081'  AND `is_frozen` = 0 LIMIT 1 [ RunTime:0.000277s ]
[2024-03-01T11:19:23+08:00][sql] SELECT SUM(`truemoney`) AS think_sum FROM `ypay_order` WHERE  `user_id` = 1000  AND `status` = 1 LIMIT 1 [ RunTime:0.000232s ]
[2024-03-01T11:19:23+08:00][sql] SELECT * FROM `ypay_user` WHERE  `token` = 'aXu8vIJ8UQr17lwjOCtUZ3Oec0GxSz7Y10001709262021.4081'  AND `is_frozen` = 0 LIMIT 1 [ RunTime:0.000344s ]
[2024-03-01T11:19:23+08:00][sql] SELECT SUM(`truemoney`) AS think_sum FROM `ypay_order` WHERE  `user_id` = 1000  AND `status` = 1  AND `create_time` BETWEEN '2024-03-01 00:00:00' AND '2024-03-01 23:59:59' LIMIT 1 [ RunTime:0.000401s ]
[2024-03-01T11:19:23+08:00][sql] SHOW FULL COLUMNS FROM `ypay_account` [ RunTime:0.000640s ]
[2024-03-01T11:19:23+08:00][sql] SELECT * FROM `ypay_user` WHERE  `token` = 'aXu8vIJ8UQr17lwjOCtUZ3Oec0GxSz7Y10001709262021.4081'  AND `is_frozen` = 0 LIMIT 1 [ RunTime:0.000489s ]
[2024-03-01T11:19:23+08:00][sql] SELECT COUNT(*) AS think_count FROM `ypay_account` WHERE  `type` = 'wxpay'  AND `user_id` = 1000 LIMIT 1 [ RunTime:0.000287s ]
[2024-03-01T11:19:23+08:00][sql] SELECT * FROM `ypay_user` WHERE  `token` = 'aXu8vIJ8UQr17lwjOCtUZ3Oec0GxSz7Y10001709262021.4081'  AND `is_frozen` = 0 LIMIT 1 [ RunTime:0.000281s ]
[2024-03-01T11:19:23+08:00][sql] SELECT COUNT(*) AS think_count FROM `ypay_account` WHERE  `type` = 'alipay'  AND `user_id` = 1000 LIMIT 1 [ RunTime:0.000240s ]
[2024-03-01T11:19:23+08:00][sql] SELECT * FROM `ypay_user` WHERE  `token` = 'aXu8vIJ8UQr17lwjOCtUZ3Oec0GxSz7Y10001709262021.4081'  AND `is_frozen` = 0 LIMIT 1 [ RunTime:0.000297s ]
[2024-03-01T11:19:23+08:00][sql] SELECT COUNT(*) AS think_count FROM `ypay_account` WHERE  `type` = 'qqpay'  AND `user_id` = 1000 LIMIT 1 [ RunTime:0.000235s ]
[2024-03-01T11:19:23+08:00][sql] SELECT * FROM `ypay_user` WHERE  `token` = 'aXu8vIJ8UQr17lwjOCtUZ3Oec0GxSz7Y10001709262021.4081'  AND `is_frozen` = 0 LIMIT 1 [ RunTime:0.000286s ]
[2024-03-01T11:19:23+08:00][sql] SELECT COUNT(*) AS think_count FROM `ypay_account` WHERE  `user_id` = 1000 LIMIT 1 [ RunTime:0.000235s ]
[2024-03-01T11:19:23+08:00][sql] SELECT * FROM `ypay_user` WHERE  `token` = 'aXu8vIJ8UQr17lwjOCtUZ3Oec0GxSz7Y10001709262021.4081'  AND `is_frozen` = 0 LIMIT 1 [ RunTime:0.000330s ]
[2024-03-01T11:19:23+08:00][sql] SELECT COUNT(*) AS think_count FROM `ypay_account` WHERE  `user_id` = 1000  AND `status` = 0 LIMIT 1 [ RunTime:0.000253s ]
[2024-03-01T11:19:23+08:00][sql] SELECT * FROM `ypay_user` WHERE  `token` = 'aXu8vIJ8UQr17lwjOCtUZ3Oec0GxSz7Y10001709262021.4081'  AND `is_frozen` = 0 LIMIT 1 [ RunTime:0.000288s ]
[2024-03-01T11:19:23+08:00][sql] SELECT SUM(`truemoney`) AS think_sum FROM `ypay_order` WHERE  `user_id` = 1000  AND `status` = 1  AND `create_time` BETWEEN '2024-02-29 00:00:00' AND '2024-02-29 23:59:59' LIMIT 1 [ RunTime:0.000209s ]
[2024-03-01T11:19:23+08:00][sql] SELECT * FROM `ypay_user` WHERE  `token` = 'aXu8vIJ8UQr17lwjOCtUZ3Oec0GxSz7Y10001709262021.4081'  AND `is_frozen` = 0 LIMIT 1 [ RunTime:0.000314s ]
[2024-03-01T11:19:23+08:00][sql] SELECT COUNT(*) AS think_count FROM `ypay_order` WHERE  `user_id` = 1000  AND `status` = 1  AND `create_time` BETWEEN '2024-02-29 00:00:00' AND '2024-02-29 23:59:59' LIMIT 1 [ RunTime:0.000243s ]
[2024-03-01T11:19:23+08:00][sql] SELECT * FROM `ypay_user` WHERE  `token` = 'aXu8vIJ8UQr17lwjOCtUZ3Oec0GxSz7Y10001709262021.4081'  AND `is_frozen` = 0 LIMIT 1 [ RunTime:0.000275s ]
[2024-03-01T11:19:23+08:00][sql] SELECT SUM(`truemoney`) AS think_sum FROM `ypay_order` WHERE  `user_id` = 1000  AND `status` = 1  AND `create_time` BETWEEN '2024-03-01 00:00:00' AND '2024-03-31 23:59:59' LIMIT 1 [ RunTime:0.000289s ]
[2024-03-01T11:19:23+08:00][sql] SELECT * FROM `admin_config` [ RunTime:0.000492s ]
[2024-03-01T11:19:38+08:00][sql] CONNECT:[ UseTime:0.000366s ] mysql:host=127.0.0.1;port=3306;dbname=ypay;charset=utf8
[2024-03-01T11:19:38+08:00][sql] SHOW FULL COLUMNS FROM `ypay_user` [ RunTime:0.000620s ]
[2024-03-01T11:19:38+08:00][sql] SELECT * FROM `ypay_user` WHERE  `token` = 'aXu8vIJ8UQr17lwjOCtUZ3Oec0GxSz7Y10001709262021.4081'  AND `is_frozen` = 0 LIMIT 1 [ RunTime:0.000336s ]
[2024-03-01T11:19:38+08:00][sql] SELECT * FROM `ypay_user` WHERE  `token` = 'aXu8vIJ8UQr17lwjOCtUZ3Oec0GxSz7Y10001709262021.4081'  AND `is_frozen` = 0 LIMIT 1 [ RunTime:0.000569s ]
[2024-03-01T11:19:38+08:00][sql] SHOW FULL COLUMNS FROM `ypay_order` [ RunTime:0.000735s ]
[2024-03-01T11:19:38+08:00][sql] SELECT * FROM `ypay_user` WHERE  `token` = 'aXu8vIJ8UQr17lwjOCtUZ3Oec0GxSz7Y10001709262021.4081'  AND `is_frozen` = 0 LIMIT 1 [ RunTime:0.000410s ]
[2024-03-01T11:19:38+08:00][sql] SELECT COUNT(*) AS think_count FROM `ypay_order` WHERE  `status` = 1  AND `user_id` = 1000 LIMIT 1 [ RunTime:0.000199s ]
[2024-03-01T11:19:38+08:00][sql] SELECT * FROM `ypay_user` WHERE  `token` = 'aXu8vIJ8UQr17lwjOCtUZ3Oec0GxSz7Y10001709262021.4081'  AND `is_frozen` = 0 LIMIT 1 [ RunTime:0.000291s ]
[2024-03-01T11:19:38+08:00][sql] SELECT COUNT(*) AS think_count FROM `ypay_order` WHERE  `status` = 1  AND `user_id` = 1000  AND `create_time` BETWEEN '2024-03-01 00:00:00' AND '2024-03-01 23:59:59' LIMIT 1 [ RunTime:0.000247s ]
[2024-03-01T11:19:38+08:00][sql] SELECT * FROM `ypay_user` WHERE  `token` = 'aXu8vIJ8UQr17lwjOCtUZ3Oec0GxSz7Y10001709262021.4081'  AND `is_frozen` = 0 LIMIT 1 [ RunTime:0.000266s ]
[2024-03-01T11:19:38+08:00][sql] SELECT SUM(`truemoney`) AS think_sum FROM `ypay_order` WHERE  `user_id` = 1000  AND `status` = 1 LIMIT 1 [ RunTime:0.000231s ]
[2024-03-01T11:19:38+08:00][sql] SELECT * FROM `ypay_user` WHERE  `token` = 'aXu8vIJ8UQr17lwjOCtUZ3Oec0GxSz7Y10001709262021.4081'  AND `is_frozen` = 0 LIMIT 1 [ RunTime:0.000261s ]
[2024-03-01T11:19:38+08:00][sql] SELECT SUM(`truemoney`) AS think_sum FROM `ypay_order` WHERE  `user_id` = 1000  AND `status` = 1  AND `create_time` BETWEEN '2024-03-01 00:00:00' AND '2024-03-01 23:59:59' LIMIT 1 [ RunTime:0.000213s ]
[2024-03-01T11:19:38+08:00][sql] CONNECT:[ UseTime:0.000329s ] mysql:host=127.0.0.1;port=3306;dbname=ypay;charset=utf8
[2024-03-01T11:19:38+08:00][sql] SHOW FULL COLUMNS FROM `ypay_user` [ RunTime:0.000616s ]
[2024-03-01T11:19:38+08:00][sql] SELECT * FROM `ypay_user` WHERE  `token` = 'aXu8vIJ8UQr17lwjOCtUZ3Oec0GxSz7Y10001709262021.4081'  AND `is_frozen` = 0 LIMIT 1 [ RunTime:0.000849s ]
[2024-03-01T11:19:38+08:00][sql] SELECT * FROM `ypay_user` WHERE  `token` = 'aXu8vIJ8UQr17lwjOCtUZ3Oec0GxSz7Y10001709262021.4081'  AND `is_frozen` = 0 LIMIT 1 [ RunTime:0.000453s ]
[2024-03-01T11:19:38+08:00][sql] SELECT * FROM `ypay_user` WHERE  `token` = 'aXu8vIJ8UQr17lwjOCtUZ3Oec0GxSz7Y10001709262021.4081'  AND `is_frozen` = 0 LIMIT 1 [ RunTime:0.000337s ]
[2024-03-01T11:19:38+08:00][sql] SHOW FULL COLUMNS FROM `ypay_order` [ RunTime:0.000525s ]
[2024-03-01T11:19:38+08:00][sql] SELECT COUNT(*) AS think_count FROM `ypay_order` WHERE  `user_id` = 1000 LIMIT 1 [ RunTime:0.000226s ]
[2024-03-01T11:19:40+08:00][sql] CONNECT:[ UseTime:0.000311s ] mysql:host=127.0.0.1;port=3306;dbname=ypay;charset=utf8
[2024-03-01T11:19:40+08:00][sql] SHOW FULL COLUMNS FROM `ypay_user` [ RunTime:0.000626s ]
[2024-03-01T11:19:40+08:00][sql] SELECT * FROM `ypay_user` WHERE  `token` = 'aXu8vIJ8UQr17lwjOCtUZ3Oec0GxSz7Y10001709262021.4081'  AND `is_frozen` = 0 LIMIT 1 [ RunTime:0.000437s ]
[2024-03-01T11:19:40+08:00][sql] SHOW FULL COLUMNS FROM `ypay_plug` [ RunTime:0.000708s ]
[2024-03-01T11:19:40+08:00][sql] SELECT * FROM `ypay_plug` WHERE  `status` = 1 [ RunTime:0.000471s ]
[2024-03-01T11:19:40+08:00][sql] SHOW FULL COLUMNS FROM `admin_config` [ RunTime:0.000565s ]
[2024-03-01T11:19:40+08:00][sql] SELECT * FROM `admin_config` [ RunTime:0.000278s ]
[2024-03-01T11:19:40+08:00][sql] SELECT * FROM `ypay_user` WHERE  `token` = 'aXu8vIJ8UQr17lwjOCtUZ3Oec0GxSz7Y10001709262021.4081'  AND `is_frozen` = 0 LIMIT 1 [ RunTime:0.000403s ]
[2024-03-01T11:26:17+08:00][sql] CONNECT:[ UseTime:0.000329s ] mysql:host=127.0.0.1;port=3306;dbname=ypay;charset=utf8
[2024-03-01T11:26:17+08:00][sql] SHOW FULL COLUMNS FROM `ypay_user` [ RunTime:0.000654s ]
[2024-03-01T11:26:17+08:00][sql] SELECT * FROM `ypay_user` WHERE  `token` = 'aXu8vIJ8UQr17lwjOCtUZ3Oec0GxSz7Y10001709262021.4081'  AND `is_frozen` = 0 LIMIT 1 [ RunTime:0.000340s ]
[2024-03-01T11:26:17+08:00][sql] SELECT * FROM `ypay_user` WHERE  `token` = 'aXu8vIJ8UQr17lwjOCtUZ3Oec0GxSz7Y10001709262021.4081'  AND `is_frozen` = 0 LIMIT 1 [ RunTime:0.000420s ]
[2024-03-01T11:26:19+08:00][sql] CONNECT:[ UseTime:0.000312s ] mysql:host=127.0.0.1;port=3306;dbname=ypay;charset=utf8
[2024-03-01T11:26:19+08:00][sql] SHOW FULL COLUMNS FROM `ypay_user` [ RunTime:0.000741s ]
[2024-03-01T11:26:19+08:00][sql] SELECT * FROM `ypay_user` WHERE  `token` = 'aXu8vIJ8UQr17lwjOCtUZ3Oec0GxSz7Y10001709262021.4081'  AND `is_frozen` = 0 LIMIT 1 [ RunTime:0.000404s ]
[2024-03-01T11:26:19+08:00][sql] CONNECT:[ UseTime:0.000334s ] mysql:host=127.0.0.1;port=3306;dbname=ypay;charset=utf8
[2024-03-01T11:26:19+08:00][sql] SHOW FULL COLUMNS FROM `ypay_user` [ RunTime:0.000679s ]
[2024-03-01T11:26:19+08:00][sql] SELECT * FROM `ypay_user` WHERE  `token` = 'aXu8vIJ8UQr17lwjOCtUZ3Oec0GxSz7Y10001709262021.4081'  AND `is_frozen` = 0 LIMIT 1 [ RunTime:0.000488s ]
[2024-03-01T11:26:19+08:00][sql] SELECT * FROM `ypay_user` WHERE  `token` = 'aXu8vIJ8UQr17lwjOCtUZ3Oec0GxSz7Y10001709262021.4081'  AND `is_frozen` = 0 LIMIT 1 [ RunTime:0.000550s ]
[2024-03-01T11:26:19+08:00][sql] SHOW FULL COLUMNS FROM `admin_front_log` [ RunTime:0.000477s ]
[2024-03-01T11:26:19+08:00][sql] SELECT COUNT(*) AS think_count FROM `admin_front_log` WHERE  `uid` = 1000 LIMIT 1 [ RunTime:0.000220s ]
[2024-03-01T11:26:19+08:00][sql] SELECT * FROM `admin_front_log` WHERE  `uid` = 1000 ORDER BY `id` DESC LIMIT 0,10 [ RunTime:0.000264s ]
[2024-03-01T11:26:21+08:00][sql] CONNECT:[ UseTime:0.000328s ] mysql:host=127.0.0.1;port=3306;dbname=ypay;charset=utf8
[2024-03-01T11:26:21+08:00][sql] SHOW FULL COLUMNS FROM `ypay_user` [ RunTime:0.000652s ]
[2024-03-01T11:26:21+08:00][sql] SELECT * FROM `ypay_user` WHERE  `token` = 'aXu8vIJ8UQr17lwjOCtUZ3Oec0GxSz7Y10001709262021.4081'  AND `is_frozen` = 0 LIMIT 1 [ RunTime:0.000412s ]
[2024-03-01T11:26:21+08:00][sql] SELECT * FROM `ypay_user` WHERE  `token` = 'aXu8vIJ8UQr17lwjOCtUZ3Oec0GxSz7Y10001709262021.4081'  AND `is_frozen` = 0 LIMIT 1 [ RunTime:0.000450s ]
[2024-03-01T11:26:21+08:00][sql] SELECT * FROM `ypay_user` WHERE  `id` = 1000 LIMIT 1 [ RunTime:0.000282s ]
[2024-03-01T11:26:27+08:00][sql] CONNECT:[ UseTime:0.000327s ] mysql:host=127.0.0.1;port=3306;dbname=ypay;charset=utf8
[2024-03-01T11:26:27+08:00][sql] SHOW FULL COLUMNS FROM `ypay_user` [ RunTime:0.000589s ]
[2024-03-01T11:26:27+08:00][sql] SELECT * FROM `ypay_user` WHERE  `token` = 'aXu8vIJ8UQr17lwjOCtUZ3Oec0GxSz7Y10001709262021.4081'  AND `is_frozen` = 0 LIMIT 1 [ RunTime:0.000383s ]
[2024-03-01T11:26:27+08:00][sql] SELECT * FROM `ypay_user` WHERE  `token` = 'aXu8vIJ8UQr17lwjOCtUZ3Oec0GxSz7Y10001709262021.4081'  AND `is_frozen` = 0 LIMIT 1 [ RunTime:0.000293s ]
[2024-03-01T11:26:27+08:00][sql] SELECT * FROM `ypay_user` WHERE  `id` = 1000 LIMIT 1 [ RunTime:0.000289s ]
[2024-03-01T11:26:27+08:00][sql] SELECT * FROM `ypay_user` WHERE  `token` = 'aXu8vIJ8UQr17lwjOCtUZ3Oec0GxSz7Y10001709262021.4081'  AND `is_frozen` = 0 LIMIT 1 [ RunTime:0.000302s ]
[2024-03-01T11:26:36+08:00][sql] CONNECT:[ UseTime:0.000324s ] mysql:host=127.0.0.1;port=3306;dbname=ypay;charset=utf8
[2024-03-01T11:26:36+08:00][sql] SHOW FULL COLUMNS FROM `ypay_user` [ RunTime:0.000905s ]
[2024-03-01T11:26:36+08:00][sql] SELECT * FROM `ypay_user` WHERE  `token` = 'aXu8vIJ8UQr17lwjOCtUZ3Oec0GxSz7Y10001709262021.4081'  AND `is_frozen` = 0 LIMIT 1 [ RunTime:0.000525s ]
[2024-03-01T11:26:36+08:00][sql] SHOW FULL COLUMNS FROM `ypay_plug` [ RunTime:0.000550s ]
[2024-03-01T11:26:36+08:00][sql] SELECT * FROM `ypay_plug` WHERE  `status` = 1 [ RunTime:0.000217s ]
[2024-03-01T11:26:36+08:00][sql] SHOW FULL COLUMNS FROM `admin_config` [ RunTime:0.000436s ]
[2024-03-01T11:26:36+08:00][sql] SELECT * FROM `admin_config` [ RunTime:0.000337s ]
[2024-03-01T11:26:36+08:00][sql] SELECT * FROM `ypay_user` WHERE  `token` = 'aXu8vIJ8UQr17lwjOCtUZ3Oec0GxSz7Y10001709262021.4081'  AND `is_frozen` = 0 LIMIT 1 [ RunTime:0.000446s ]
[2024-03-01T11:26:39+08:00][sql] CONNECT:[ UseTime:0.000360s ] mysql:host=127.0.0.1;port=3306;dbname=ypay;charset=utf8
[2024-03-01T11:26:39+08:00][sql] SHOW FULL COLUMNS FROM `ypay_user` [ RunTime:0.000705s ]
[2024-03-01T11:26:39+08:00][sql] SELECT * FROM `ypay_user` WHERE  `token` = 'aXu8vIJ8UQr17lwjOCtUZ3Oec0GxSz7Y10001709262021.4081'  AND `is_frozen` = 0 LIMIT 1 [ RunTime:0.000424s ]
[2024-03-01T11:26:39+08:00][sql] CONNECT:[ UseTime:0.000340s ] mysql:host=127.0.0.1;port=3306;dbname=ypay;charset=utf8
[2024-03-01T11:26:39+08:00][sql] SHOW FULL COLUMNS FROM `ypay_user` [ RunTime:0.000628s ]
[2024-03-01T11:26:39+08:00][sql] SELECT * FROM `ypay_user` WHERE  `token` = 'aXu8vIJ8UQr17lwjOCtUZ3Oec0GxSz7Y10001709262021.4081'  AND `is_frozen` = 0 LIMIT 1 [ RunTime:0.000352s ]
[2024-03-01T11:26:39+08:00][sql] SELECT * FROM `ypay_user` WHERE  `token` = 'aXu8vIJ8UQr17lwjOCtUZ3Oec0GxSz7Y10001709262021.4081'  AND `is_frozen` = 0 LIMIT 1 [ RunTime:0.000469s ]
[2024-03-01T11:26:39+08:00][sql] SHOW FULL COLUMNS FROM `admin_front_log` [ RunTime:0.000437s ]
[2024-03-01T11:26:39+08:00][sql] SELECT COUNT(*) AS think_count FROM `admin_front_log` WHERE  `uid` = 1000 LIMIT 1 [ RunTime:0.000215s ]
[2024-03-01T11:26:39+08:00][sql] SELECT * FROM `admin_front_log` WHERE  `uid` = 1000 ORDER BY `id` DESC LIMIT 0,10 [ RunTime:0.000216s ]
[2024-03-01T11:26:41+08:00][sql] CONNECT:[ UseTime:0.000361s ] mysql:host=127.0.0.1;port=3306;dbname=ypay;charset=utf8
[2024-03-01T11:26:41+08:00][sql] SHOW FULL COLUMNS FROM `ypay_user` [ RunTime:0.001389s ]
[2024-03-01T11:26:41+08:00][sql] SELECT * FROM `ypay_user` WHERE  `token` = 'aXu8vIJ8UQr17lwjOCtUZ3Oec0GxSz7Y10001709262021.4081'  AND `is_frozen` = 0 LIMIT 1 [ RunTime:0.000474s ]
[2024-03-01T11:26:41+08:00][sql] SELECT * FROM `ypay_user` WHERE  `token` = 'aXu8vIJ8UQr17lwjOCtUZ3Oec0GxSz7Y10001709262021.4081'  AND `is_frozen` = 0 LIMIT 1 [ RunTime:0.000601s ]
