[2024-02-29T18:22:35+08:00][sql] CONNECT:[ UseTime:0.000345s ] mysql:host=127.0.0.1;port=3306;dbname=ypay;charset=utf8
[2024-02-29T18:22:35+08:00][sql] SHOW FULL COLUMNS FROM `admin_admin` [ RunTime:0.000791s ]
[2024-02-29T18:22:35+08:00][sql] SELECT * FROM `admin_admin` WHERE (  `token` = 'uQWK26d8oo6j87gV1bXXs5LC7pVE21Cz11709004666.773'  AND `status` = 1 ) AND `admin_admin`.`delete_time` IS NULL LIMIT 1 [ RunTime:0.000321s ]
[2024-02-29T18:22:35+08:00][sql] SELECT * FROM `admin_admin` WHERE (  `id` = 1 ) AND `admin_admin`.`delete_time` IS NULL LIMIT 1 [ RunTime:0.000372s ]
[2024-02-29T18:22:35+08:00][sql] SHOW FULL COLUMNS FROM `admin_role` [ RunTime:0.000518s ]
[2024-02-29T18:22:35+08:00][sql] SHOW FULL COLUMNS FROM `admin_admin_role` [ RunTime:0.000575s ]
[2024-02-29T18:22:35+08:00][sql] SELECT `admin_role`.*,`pivot`.`id` AS `pivot__id`,`pivot`.`admin_id` AS `pivot__admin_id`,`pivot`.`role_id` AS `pivot__role_id` FROM `admin_role` INNER JOIN `admin_admin_role` `pivot` ON `pivot`.`role_id`=`admin_role`.`id` WHERE (  `pivot`.`admin_id` = '1' ) AND `admin_role`.`delete_time` IS NULL [ RunTime:0.000304s ]
[2024-02-29T18:22:35+08:00][sql] SHOW FULL COLUMNS FROM `admin_permission` [ RunTime:0.000587s ]
[2024-02-29T18:22:35+08:00][sql] SHOW FULL COLUMNS FROM `admin_admin_permission` [ RunTime:0.000399s ]
[2024-02-29T18:22:35+08:00][sql] SELECT `admin_permission`.*,`pivot`.`id` AS `pivot__id`,`pivot`.`admin_id` AS `pivot__admin_id`,`pivot`.`permission_id` AS `pivot__permission_id` FROM `admin_permission` INNER JOIN `admin_admin_permission` `pivot` ON `pivot`.`permission_id`=`admin_permission`.`id` WHERE  `pivot`.`admin_id` = '1' [ RunTime:0.000300s ]
[2024-02-29T18:22:35+08:00][sql] SELECT * FROM `admin_permission` ORDER BY `sort` ASC [ RunTime:0.000420s ]
[2024-02-29T18:22:35+08:00][sql] SHOW FULL COLUMNS FROM `admin_admin_log` [ RunTime:0.000566s ]
[2024-02-29T18:22:35+08:00][sql] SELECT * FROM `admin_admin_log` WHERE  `uid` = 1 ORDER BY `id` DESC LIMIT 1 [ RunTime:0.000254s ]
[2024-02-29T18:22:35+08:00][sql] INSERT INTO `admin_admin_log` SET `uid` = 1 , `url` = '/admin.php' , `desc` = '[]' , `ip` = '10.50.50.2' , `user_agent` = 'Mozilla/5.0 (Windows NT 10.0; Win64; x64) AppleWebKit/537.36 (KHTML, like Gecko) Chrome/121.0.0.0 Safari/537.36' , `create_time` = '2024-02-29 18:22:35.960190' [ RunTime:0.000242s ]
[2024-02-29T18:22:35+08:00][sql] SELECT `nickname` FROM `admin_admin` WHERE  `id` = 1 ORDER BY `id` DESC LIMIT 1 [ RunTime:0.000357s ]
[2024-02-29T18:22:36+08:00][sql] CONNECT:[ UseTime:0.000410s ] mysql:host=127.0.0.1;port=3306;dbname=ypay;charset=utf8
[2024-02-29T18:22:36+08:00][sql] SHOW FULL COLUMNS FROM `admin_admin` [ RunTime:0.000610s ]
[2024-02-29T18:22:36+08:00][sql] SELECT * FROM `admin_admin` WHERE (  `token` = 'uQWK26d8oo6j87gV1bXXs5LC7pVE21Cz11709004666.773'  AND `status` = 1 ) AND `admin_admin`.`delete_time` IS NULL LIMIT 1 [ RunTime:0.000452s ]
[2024-02-29T18:22:36+08:00][sql] SELECT * FROM `admin_admin` WHERE (  `id` = 1 ) AND `admin_admin`.`delete_time` IS NULL LIMIT 1 [ RunTime:0.000739s ]
[2024-02-29T18:22:36+08:00][sql] SHOW FULL COLUMNS FROM `admin_role` [ RunTime:0.000844s ]
[2024-02-29T18:22:36+08:00][sql] SHOW FULL COLUMNS FROM `admin_admin_role` [ RunTime:0.000704s ]
[2024-02-29T18:22:36+08:00][sql] SELECT `admin_role`.*,`pivot`.`id` AS `pivot__id`,`pivot`.`admin_id` AS `pivot__admin_id`,`pivot`.`role_id` AS `pivot__role_id` FROM `admin_role` INNER JOIN `admin_admin_role` `pivot` ON `pivot`.`role_id`=`admin_role`.`id` WHERE (  `pivot`.`admin_id` = '1' ) AND `admin_role`.`delete_time` IS NULL [ RunTime:0.000432s ]
[2024-02-29T18:22:36+08:00][sql] SHOW FULL COLUMNS FROM `admin_permission` [ RunTime:0.000875s ]
[2024-02-29T18:22:36+08:00][sql] SHOW FULL COLUMNS FROM `admin_admin_permission` [ RunTime:0.000720s ]
[2024-02-29T18:22:36+08:00][sql] SELECT `admin_permission`.*,`pivot`.`id` AS `pivot__id`,`pivot`.`admin_id` AS `pivot__admin_id`,`pivot`.`permission_id` AS `pivot__permission_id` FROM `admin_permission` INNER JOIN `admin_admin_permission` `pivot` ON `pivot`.`permission_id`=`admin_permission`.`id` WHERE  `pivot`.`admin_id` = '1' [ RunTime:0.000449s ]
[2024-02-29T18:22:36+08:00][sql] SELECT * FROM `admin_permission` ORDER BY `sort` ASC [ RunTime:0.000605s ]
[2024-02-29T18:22:36+08:00][sql] SHOW FULL COLUMNS FROM `admin_admin_log` [ RunTime:0.000830s ]
[2024-02-29T18:22:36+08:00][sql] CONNECT:[ UseTime:0.000451s ] mysql:host=127.0.0.1;port=3306;dbname=ypay;charset=utf8
[2024-02-29T18:22:36+08:00][sql] SHOW FULL COLUMNS FROM `admin_admin` [ RunTime:0.000675s ]
[2024-02-29T18:22:36+08:00][sql] SELECT * FROM `admin_admin` WHERE (  `token` = 'uQWK26d8oo6j87gV1bXXs5LC7pVE21Cz11709004666.773'  AND `status` = 1 ) AND `admin_admin`.`delete_time` IS NULL LIMIT 1 [ RunTime:0.000658s ]
[2024-02-29T18:22:36+08:00][sql] SELECT * FROM `admin_admin` WHERE (  `id` = 1 ) AND `admin_admin`.`delete_time` IS NULL LIMIT 1 [ RunTime:0.000638s ]
[2024-02-29T18:22:36+08:00][sql] SHOW FULL COLUMNS FROM `admin_role` [ RunTime:0.000625s ]
[2024-02-29T18:22:36+08:00][sql] SHOW FULL COLUMNS FROM `admin_admin_role` [ RunTime:0.000552s ]
[2024-02-29T18:22:36+08:00][sql] SELECT `admin_role`.*,`pivot`.`id` AS `pivot__id`,`pivot`.`admin_id` AS `pivot__admin_id`,`pivot`.`role_id` AS `pivot__role_id` FROM `admin_role` INNER JOIN `admin_admin_role` `pivot` ON `pivot`.`role_id`=`admin_role`.`id` WHERE (  `pivot`.`admin_id` = '1' ) AND `admin_role`.`delete_time` IS NULL [ RunTime:0.000681s ]
[2024-02-29T18:22:36+08:00][sql] SHOW FULL COLUMNS FROM `admin_permission` [ RunTime:0.000683s ]
[2024-02-29T18:22:36+08:00][sql] SHOW FULL COLUMNS FROM `admin_admin_permission` [ RunTime:0.000914s ]
[2024-02-29T18:22:36+08:00][sql] SELECT `admin_permission`.*,`pivot`.`id` AS `pivot__id`,`pivot`.`admin_id` AS `pivot__admin_id`,`pivot`.`permission_id` AS `pivot__permission_id` FROM `admin_permission` INNER JOIN `admin_admin_permission` `pivot` ON `pivot`.`permission_id`=`admin_permission`.`id` WHERE  `pivot`.`admin_id` = '1' [ RunTime:0.000381s ]
[2024-02-29T18:22:36+08:00][sql] SELECT * FROM `admin_permission` ORDER BY `sort` ASC [ RunTime:0.000425s ]
[2024-02-29T18:22:36+08:00][sql] SHOW FULL COLUMNS FROM `admin_admin_log` [ RunTime:0.000735s ]
[2024-02-29T18:22:36+08:00][sql] SELECT * FROM `admin_admin_log` WHERE  `uid` = 1 ORDER BY `id` DESC LIMIT 1 [ RunTime:0.000853s ]
[2024-02-29T18:22:36+08:00][sql] INSERT INTO `admin_admin_log` SET `uid` = 1 , `url` = '/admin.php/index/home' , `desc` = '[]' , `ip` = '10.50.50.2' , `user_agent` = 'Mozilla/5.0 (Windows NT 10.0; Win64; x64) AppleWebKit/537.36 (KHTML, like Gecko) Chrome/121.0.0.0 Safari/537.36' , `create_time` = '2024-02-29 18:22:36.356047' [ RunTime:0.000393s ]
[2024-02-29T18:22:36+08:00][sql] SELECT `nickname` FROM `admin_admin` WHERE  `id` = 1 ORDER BY `id` DESC LIMIT 1 [ RunTime:0.000350s ]
[2024-02-29T18:22:36+08:00][sql] SELECT VERSION() as mysql_version [ RunTime:0.000511s ]
[2024-02-29T18:22:41+08:00][sql] CONNECT:[ UseTime:0.000369s ] mysql:host=127.0.0.1;port=3306;dbname=ypay;charset=utf8
[2024-02-29T18:22:41+08:00][sql] SHOW FULL COLUMNS FROM `admin_admin` [ RunTime:0.000535s ]
[2024-02-29T18:22:41+08:00][sql] SELECT * FROM `admin_admin` WHERE (  `token` = 'uQWK26d8oo6j87gV1bXXs5LC7pVE21Cz11709004666.773'  AND `status` = 1 ) AND `admin_admin`.`delete_time` IS NULL LIMIT 1 [ RunTime:0.000299s ]
[2024-02-29T18:22:41+08:00][sql] SELECT * FROM `admin_admin` WHERE (  `id` = 1 ) AND `admin_admin`.`delete_time` IS NULL LIMIT 1 [ RunTime:0.000331s ]
[2024-02-29T18:22:41+08:00][sql] SHOW FULL COLUMNS FROM `admin_role` [ RunTime:0.000649s ]
[2024-02-29T18:22:41+08:00][sql] SHOW FULL COLUMNS FROM `admin_admin_role` [ RunTime:0.000622s ]
[2024-02-29T18:22:41+08:00][sql] SELECT `admin_role`.*,`pivot`.`id` AS `pivot__id`,`pivot`.`admin_id` AS `pivot__admin_id`,`pivot`.`role_id` AS `pivot__role_id` FROM `admin_role` INNER JOIN `admin_admin_role` `pivot` ON `pivot`.`role_id`=`admin_role`.`id` WHERE (  `pivot`.`admin_id` = '1' ) AND `admin_role`.`delete_time` IS NULL [ RunTime:0.000296s ]
[2024-02-29T18:22:41+08:00][sql] SHOW FULL COLUMNS FROM `admin_permission` [ RunTime:0.000527s ]
[2024-02-29T18:22:41+08:00][sql] SHOW FULL COLUMNS FROM `admin_admin_permission` [ RunTime:0.000393s ]
[2024-02-29T18:22:41+08:00][sql] SELECT `admin_permission`.*,`pivot`.`id` AS `pivot__id`,`pivot`.`admin_id` AS `pivot__admin_id`,`pivot`.`permission_id` AS `pivot__permission_id` FROM `admin_permission` INNER JOIN `admin_admin_permission` `pivot` ON `pivot`.`permission_id`=`admin_permission`.`id` WHERE  `pivot`.`admin_id` = '1' [ RunTime:0.000285s ]
[2024-02-29T18:22:41+08:00][sql] SELECT * FROM `admin_permission` ORDER BY `sort` ASC [ RunTime:0.000401s ]
[2024-02-29T18:22:41+08:00][sql] SHOW FULL COLUMNS FROM `admin_admin_log` [ RunTime:0.000567s ]
[2024-02-29T18:22:41+08:00][sql] SELECT * FROM `admin_admin_log` WHERE  `uid` = 1 ORDER BY `id` DESC LIMIT 1 [ RunTime:0.000318s ]
[2024-02-29T18:22:41+08:00][sql] INSERT INTO `admin_admin_log` SET `uid` = 1 , `url` = '/admin.php/admin.channel/index' , `desc` = '[]' , `ip` = '10.50.50.2' , `user_agent` = 'Mozilla/5.0 (Windows NT 10.0; Win64; x64) AppleWebKit/537.36 (KHTML, like Gecko) Chrome/121.0.0.0 Safari/537.36' , `create_time` = '2024-02-29 18:22:41.269314' [ RunTime:0.000227s ]
[2024-02-29T18:22:41+08:00][sql] CONNECT:[ UseTime:0.000363s ] mysql:host=127.0.0.1;port=3306;dbname=ypay;charset=utf8
[2024-02-29T18:22:41+08:00][sql] SHOW FULL COLUMNS FROM `admin_admin` [ RunTime:0.000614s ]
[2024-02-29T18:22:41+08:00][sql] SELECT * FROM `admin_admin` WHERE (  `token` = 'uQWK26d8oo6j87gV1bXXs5LC7pVE21Cz11709004666.773'  AND `status` = 1 ) AND `admin_admin`.`delete_time` IS NULL LIMIT 1 [ RunTime:0.000364s ]
[2024-02-29T18:22:41+08:00][sql] SELECT * FROM `admin_admin` WHERE (  `id` = 1 ) AND `admin_admin`.`delete_time` IS NULL LIMIT 1 [ RunTime:0.000318s ]
[2024-02-29T18:22:41+08:00][sql] SHOW FULL COLUMNS FROM `admin_role` [ RunTime:0.000534s ]
[2024-02-29T18:22:41+08:00][sql] SHOW FULL COLUMNS FROM `admin_admin_role` [ RunTime:0.000438s ]
[2024-02-29T18:22:41+08:00][sql] SELECT `admin_role`.*,`pivot`.`id` AS `pivot__id`,`pivot`.`admin_id` AS `pivot__admin_id`,`pivot`.`role_id` AS `pivot__role_id` FROM `admin_role` INNER JOIN `admin_admin_role` `pivot` ON `pivot`.`role_id`=`admin_role`.`id` WHERE (  `pivot`.`admin_id` = '1' ) AND `admin_role`.`delete_time` IS NULL [ RunTime:0.000313s ]
[2024-02-29T18:22:41+08:00][sql] SHOW FULL COLUMNS FROM `admin_permission` [ RunTime:0.000442s ]
[2024-02-29T18:22:41+08:00][sql] SHOW FULL COLUMNS FROM `admin_admin_permission` [ RunTime:0.000503s ]
[2024-02-29T18:22:41+08:00][sql] SELECT `admin_permission`.*,`pivot`.`id` AS `pivot__id`,`pivot`.`admin_id` AS `pivot__admin_id`,`pivot`.`permission_id` AS `pivot__permission_id` FROM `admin_permission` INNER JOIN `admin_admin_permission` `pivot` ON `pivot`.`permission_id`=`admin_permission`.`id` WHERE  `pivot`.`admin_id` = '1' [ RunTime:0.000398s ]
[2024-02-29T18:22:41+08:00][sql] SELECT * FROM `admin_permission` ORDER BY `sort` ASC [ RunTime:0.000369s ]
[2024-02-29T18:22:41+08:00][sql] SHOW FULL COLUMNS FROM `admin_admin_log` [ RunTime:0.000573s ]
[2024-02-29T18:22:41+08:00][sql] SHOW FULL COLUMNS FROM `admin_channel` [ RunTime:0.000437s ]
[2024-02-29T18:22:41+08:00][sql] SELECT COUNT(*) AS think_count FROM `admin_channel` LIMIT 1 [ RunTime:0.000219s ]
[2024-02-29T18:22:41+08:00][sql] SELECT * FROM `admin_channel` ORDER BY `sort` DESC LIMIT 0,10 [ RunTime:0.000218s ]
[2024-02-29T18:22:43+08:00][sql] CONNECT:[ UseTime:0.000371s ] mysql:host=127.0.0.1;port=3306;dbname=ypay;charset=utf8
[2024-02-29T18:22:43+08:00][sql] SHOW FULL COLUMNS FROM `admin_admin` [ RunTime:0.000572s ]
[2024-02-29T18:22:43+08:00][sql] SELECT * FROM `admin_admin` WHERE (  `token` = 'uQWK26d8oo6j87gV1bXXs5LC7pVE21Cz11709004666.773'  AND `status` = 1 ) AND `admin_admin`.`delete_time` IS NULL LIMIT 1 [ RunTime:0.000331s ]
[2024-02-29T18:22:43+08:00][sql] SELECT * FROM `admin_admin` WHERE (  `id` = 1 ) AND `admin_admin`.`delete_time` IS NULL LIMIT 1 [ RunTime:0.000392s ]
[2024-02-29T18:22:43+08:00][sql] SHOW FULL COLUMNS FROM `admin_role` [ RunTime:0.000562s ]
[2024-02-29T18:22:43+08:00][sql] SHOW FULL COLUMNS FROM `admin_admin_role` [ RunTime:0.000544s ]
[2024-02-29T18:22:43+08:00][sql] SELECT `admin_role`.*,`pivot`.`id` AS `pivot__id`,`pivot`.`admin_id` AS `pivot__admin_id`,`pivot`.`role_id` AS `pivot__role_id` FROM `admin_role` INNER JOIN `admin_admin_role` `pivot` ON `pivot`.`role_id`=`admin_role`.`id` WHERE (  `pivot`.`admin_id` = '1' ) AND `admin_role`.`delete_time` IS NULL [ RunTime:0.000294s ]
[2024-02-29T18:22:43+08:00][sql] SHOW FULL COLUMNS FROM `admin_permission` [ RunTime:0.000818s ]
[2024-02-29T18:22:43+08:00][sql] SHOW FULL COLUMNS FROM `admin_admin_permission` [ RunTime:0.000550s ]
[2024-02-29T18:22:43+08:00][sql] SELECT `admin_permission`.*,`pivot`.`id` AS `pivot__id`,`pivot`.`admin_id` AS `pivot__admin_id`,`pivot`.`permission_id` AS `pivot__permission_id` FROM `admin_permission` INNER JOIN `admin_admin_permission` `pivot` ON `pivot`.`permission_id`=`admin_permission`.`id` WHERE  `pivot`.`admin_id` = '1' [ RunTime:0.000396s ]
[2024-02-29T18:22:43+08:00][sql] SELECT * FROM `admin_permission` ORDER BY `sort` ASC [ RunTime:0.000549s ]
[2024-02-29T18:22:43+08:00][sql] SHOW FULL COLUMNS FROM `admin_admin_log` [ RunTime:0.000578s ]
[2024-02-29T18:22:43+08:00][sql] SELECT * FROM `admin_admin_log` WHERE  `uid` = 1 ORDER BY `id` DESC LIMIT 1 [ RunTime:0.000316s ]
[2024-02-29T18:22:43+08:00][sql] INSERT INTO `admin_admin_log` SET `uid` = 1 , `url` = '/admin.php/admin.channel/add' , `desc` = '[]' , `ip` = '10.50.50.2' , `user_agent` = 'Mozilla/5.0 (Windows NT 10.0; Win64; x64) AppleWebKit/537.36 (KHTML, like Gecko) Chrome/121.0.0.0 Safari/537.36' , `create_time` = '2024-02-29 18:22:43.483610' [ RunTime:0.000585s ]
[2024-02-29T18:22:57+08:00][sql] CONNECT:[ UseTime:0.000366s ] mysql:host=127.0.0.1;port=3306;dbname=ypay;charset=utf8
[2024-02-29T18:22:57+08:00][sql] SHOW FULL COLUMNS FROM `admin_admin` [ RunTime:0.000566s ]
[2024-02-29T18:22:57+08:00][sql] SELECT * FROM `admin_admin` WHERE (  `token` = 'uQWK26d8oo6j87gV1bXXs5LC7pVE21Cz11709004666.773'  AND `status` = 1 ) AND `admin_admin`.`delete_time` IS NULL LIMIT 1 [ RunTime:0.000355s ]
[2024-02-29T18:22:57+08:00][sql] SELECT * FROM `admin_admin` WHERE (  `id` = 1 ) AND `admin_admin`.`delete_time` IS NULL LIMIT 1 [ RunTime:0.000291s ]
[2024-02-29T18:22:57+08:00][sql] SHOW FULL COLUMNS FROM `admin_role` [ RunTime:0.000655s ]
[2024-02-29T18:22:57+08:00][sql] SHOW FULL COLUMNS FROM `admin_admin_role` [ RunTime:0.000460s ]
[2024-02-29T18:22:57+08:00][sql] SELECT `admin_role`.*,`pivot`.`id` AS `pivot__id`,`pivot`.`admin_id` AS `pivot__admin_id`,`pivot`.`role_id` AS `pivot__role_id` FROM `admin_role` INNER JOIN `admin_admin_role` `pivot` ON `pivot`.`role_id`=`admin_role`.`id` WHERE (  `pivot`.`admin_id` = '1' ) AND `admin_role`.`delete_time` IS NULL [ RunTime:0.000295s ]
[2024-02-29T18:22:57+08:00][sql] SHOW FULL COLUMNS FROM `admin_permission` [ RunTime:0.000562s ]
[2024-02-29T18:22:57+08:00][sql] SHOW FULL COLUMNS FROM `admin_admin_permission` [ RunTime:0.000366s ]
[2024-02-29T18:22:57+08:00][sql] SELECT `admin_permission`.*,`pivot`.`id` AS `pivot__id`,`pivot`.`admin_id` AS `pivot__admin_id`,`pivot`.`permission_id` AS `pivot__permission_id` FROM `admin_permission` INNER JOIN `admin_admin_permission` `pivot` ON `pivot`.`permission_id`=`admin_permission`.`id` WHERE  `pivot`.`admin_id` = '1' [ RunTime:0.000251s ]
[2024-02-29T18:22:57+08:00][sql] SELECT * FROM `admin_permission` ORDER BY `sort` ASC [ RunTime:0.000403s ]
[2024-02-29T18:22:57+08:00][sql] SHOW FULL COLUMNS FROM `admin_admin_log` [ RunTime:0.000542s ]
[2024-02-29T18:22:57+08:00][sql] SELECT * FROM `admin_admin_log` WHERE  `uid` = 1 ORDER BY `id` DESC LIMIT 1 [ RunTime:0.000311s ]
[2024-02-29T18:22:57+08:00][sql] INSERT INTO `admin_admin_log` SET `uid` = 1 , `url` = '/admin.php/admin.channel/edit/id/11' , `desc` = '{"id":"11"}' , `ip` = '10.50.50.2' , `user_agent` = 'Mozilla/5.0 (Windows NT 10.0; Win64; x64) AppleWebKit/537.36 (KHTML, like Gecko) Chrome/121.0.0.0 Safari/537.36' , `create_time` = '2024-02-29 18:22:57.918080' [ RunTime:0.000212s ]
[2024-02-29T18:22:57+08:00][sql] SHOW FULL COLUMNS FROM `admin_channel` [ RunTime:0.000563s ]
[2024-02-29T18:22:57+08:00][sql] SELECT * FROM `admin_channel` WHERE  `id` = 11 LIMIT 1 [ RunTime:0.000270s ]
[2024-02-29T18:23:10+08:00][sql] CONNECT:[ UseTime:0.000521s ] mysql:host=127.0.0.1;port=3306;dbname=ypay;charset=utf8
[2024-02-29T18:23:10+08:00][sql] SHOW FULL COLUMNS FROM `admin_admin` [ RunTime:0.000651s ]
[2024-02-29T18:23:10+08:00][sql] SELECT * FROM `admin_admin` WHERE (  `token` = 'uQWK26d8oo6j87gV1bXXs5LC7pVE21Cz11709004666.773'  AND `status` = 1 ) AND `admin_admin`.`delete_time` IS NULL LIMIT 1 [ RunTime:0.000287s ]
[2024-02-29T18:23:10+08:00][sql] SELECT * FROM `admin_admin` WHERE (  `id` = 1 ) AND `admin_admin`.`delete_time` IS NULL LIMIT 1 [ RunTime:0.000267s ]
[2024-02-29T18:23:10+08:00][sql] SHOW FULL COLUMNS FROM `admin_role` [ RunTime:0.000557s ]
[2024-02-29T18:23:10+08:00][sql] SHOW FULL COLUMNS FROM `admin_admin_role` [ RunTime:0.000436s ]
[2024-02-29T18:23:10+08:00][sql] SELECT `admin_role`.*,`pivot`.`id` AS `pivot__id`,`pivot`.`admin_id` AS `pivot__admin_id`,`pivot`.`role_id` AS `pivot__role_id` FROM `admin_role` INNER JOIN `admin_admin_role` `pivot` ON `pivot`.`role_id`=`admin_role`.`id` WHERE (  `pivot`.`admin_id` = '1' ) AND `admin_role`.`delete_time` IS NULL [ RunTime:0.000303s ]
[2024-02-29T18:23:10+08:00][sql] SHOW FULL COLUMNS FROM `admin_permission` [ RunTime:0.000555s ]
[2024-02-29T18:23:10+08:00][sql] SHOW FULL COLUMNS FROM `admin_admin_permission` [ RunTime:0.000397s ]
[2024-02-29T18:23:10+08:00][sql] SELECT `admin_permission`.*,`pivot`.`id` AS `pivot__id`,`pivot`.`admin_id` AS `pivot__admin_id`,`pivot`.`permission_id` AS `pivot__permission_id` FROM `admin_permission` INNER JOIN `admin_admin_permission` `pivot` ON `pivot`.`permission_id`=`admin_permission`.`id` WHERE  `pivot`.`admin_id` = '1' [ RunTime:0.000322s ]
[2024-02-29T18:23:10+08:00][sql] SELECT * FROM `admin_permission` ORDER BY `sort` ASC [ RunTime:0.000449s ]
[2024-02-29T18:23:10+08:00][sql] SHOW FULL COLUMNS FROM `admin_admin_log` [ RunTime:0.000573s ]
[2024-02-29T18:23:10+08:00][sql] SHOW FULL COLUMNS FROM `admin_channel` [ RunTime:0.000833s ]
[2024-02-29T18:23:10+08:00][sql] SELECT COUNT(*) AS think_count FROM `admin_channel` LIMIT 1 [ RunTime:0.000201s ]
[2024-02-29T18:23:10+08:00][sql] SELECT * FROM `admin_channel` ORDER BY `sort` DESC LIMIT 10,10 [ RunTime:0.000308s ]
[2024-02-29T18:23:12+08:00][sql] CONNECT:[ UseTime:0.000330s ] mysql:host=127.0.0.1;port=3306;dbname=ypay;charset=utf8
[2024-02-29T18:23:12+08:00][sql] SHOW FULL COLUMNS FROM `admin_admin` [ RunTime:0.000536s ]
[2024-02-29T18:23:12+08:00][sql] SELECT * FROM `admin_admin` WHERE (  `token` = 'uQWK26d8oo6j87gV1bXXs5LC7pVE21Cz11709004666.773'  AND `status` = 1 ) AND `admin_admin`.`delete_time` IS NULL LIMIT 1 [ RunTime:0.000320s ]
[2024-02-29T18:23:12+08:00][sql] SELECT * FROM `admin_admin` WHERE (  `id` = 1 ) AND `admin_admin`.`delete_time` IS NULL LIMIT 1 [ RunTime:0.000316s ]
[2024-02-29T18:23:12+08:00][sql] SHOW FULL COLUMNS FROM `admin_role` [ RunTime:0.000692s ]
[2024-02-29T18:23:12+08:00][sql] SHOW FULL COLUMNS FROM `admin_admin_role` [ RunTime:0.000548s ]
[2024-02-29T18:23:12+08:00][sql] SELECT `admin_role`.*,`pivot`.`id` AS `pivot__id`,`pivot`.`admin_id` AS `pivot__admin_id`,`pivot`.`role_id` AS `pivot__role_id` FROM `admin_role` INNER JOIN `admin_admin_role` `pivot` ON `pivot`.`role_id`=`admin_role`.`id` WHERE (  `pivot`.`admin_id` = '1' ) AND `admin_role`.`delete_time` IS NULL [ RunTime:0.000304s ]
[2024-02-29T18:23:12+08:00][sql] SHOW FULL COLUMNS FROM `admin_permission` [ RunTime:0.000524s ]
[2024-02-29T18:23:12+08:00][sql] SHOW FULL COLUMNS FROM `admin_admin_permission` [ RunTime:0.000340s ]
[2024-02-29T18:23:12+08:00][sql] SELECT `admin_permission`.*,`pivot`.`id` AS `pivot__id`,`pivot`.`admin_id` AS `pivot__admin_id`,`pivot`.`permission_id` AS `pivot__permission_id` FROM `admin_permission` INNER JOIN `admin_admin_permission` `pivot` ON `pivot`.`permission_id`=`admin_permission`.`id` WHERE  `pivot`.`admin_id` = '1' [ RunTime:0.000248s ]
[2024-02-29T18:23:12+08:00][sql] SELECT * FROM `admin_permission` ORDER BY `sort` ASC [ RunTime:0.000526s ]
[2024-02-29T18:23:12+08:00][sql] SHOW FULL COLUMNS FROM `admin_admin_log` [ RunTime:0.000583s ]
[2024-02-29T18:23:12+08:00][sql] SELECT * FROM `admin_admin_log` WHERE  `uid` = 1 ORDER BY `id` DESC LIMIT 1 [ RunTime:0.000281s ]
[2024-02-29T18:23:12+08:00][sql] INSERT INTO `admin_admin_log` SET `uid` = 1 , `url` = '/admin.php/admin.channel/edit/id/2' , `desc` = '{"id":"2"}' , `ip` = '10.50.50.2' , `user_agent` = 'Mozilla/5.0 (Windows NT 10.0; Win64; x64) AppleWebKit/537.36 (KHTML, like Gecko) Chrome/121.0.0.0 Safari/537.36' , `create_time` = '2024-02-29 18:23:12.952042' [ RunTime:0.000218s ]
[2024-02-29T18:23:12+08:00][sql] SHOW FULL COLUMNS FROM `admin_channel` [ RunTime:0.000551s ]
[2024-02-29T18:23:12+08:00][sql] SELECT * FROM `admin_channel` WHERE  `id` = 2 LIMIT 1 [ RunTime:0.000249s ]
[2024-02-29T18:23:32+08:00][sql] CONNECT:[ UseTime:0.000358s ] mysql:host=127.0.0.1;port=3306;dbname=ypay;charset=utf8
[2024-02-29T18:23:32+08:00][sql] SHOW FULL COLUMNS FROM `admin_admin` [ RunTime:0.000780s ]
[2024-02-29T18:23:32+08:00][sql] SELECT * FROM `admin_admin` WHERE (  `token` = 'uQWK26d8oo6j87gV1bXXs5LC7pVE21Cz11709004666.773'  AND `status` = 1 ) AND `admin_admin`.`delete_time` IS NULL LIMIT 1 [ RunTime:0.000305s ]
[2024-02-29T18:23:32+08:00][sql] SELECT * FROM `admin_admin` WHERE (  `id` = 1 ) AND `admin_admin`.`delete_time` IS NULL LIMIT 1 [ RunTime:0.000313s ]
[2024-02-29T18:23:32+08:00][sql] SHOW FULL COLUMNS FROM `admin_role` [ RunTime:0.000492s ]
[2024-02-29T18:23:32+08:00][sql] SHOW FULL COLUMNS FROM `admin_admin_role` [ RunTime:0.000395s ]
[2024-02-29T18:23:32+08:00][sql] SELECT `admin_role`.*,`pivot`.`id` AS `pivot__id`,`pivot`.`admin_id` AS `pivot__admin_id`,`pivot`.`role_id` AS `pivot__role_id` FROM `admin_role` INNER JOIN `admin_admin_role` `pivot` ON `pivot`.`role_id`=`admin_role`.`id` WHERE (  `pivot`.`admin_id` = '1' ) AND `admin_role`.`delete_time` IS NULL [ RunTime:0.000274s ]
[2024-02-29T18:23:32+08:00][sql] SHOW FULL COLUMNS FROM `admin_permission` [ RunTime:0.000535s ]
[2024-02-29T18:23:32+08:00][sql] SHOW FULL COLUMNS FROM `admin_admin_permission` [ RunTime:0.000347s ]
[2024-02-29T18:23:32+08:00][sql] SELECT `admin_permission`.*,`pivot`.`id` AS `pivot__id`,`pivot`.`admin_id` AS `pivot__admin_id`,`pivot`.`permission_id` AS `pivot__permission_id` FROM `admin_permission` INNER JOIN `admin_admin_permission` `pivot` ON `pivot`.`permission_id`=`admin_permission`.`id` WHERE  `pivot`.`admin_id` = '1' [ RunTime:0.000327s ]
[2024-02-29T18:23:32+08:00][sql] SELECT * FROM `admin_permission` ORDER BY `sort` ASC [ RunTime:0.000481s ]
[2024-02-29T18:23:32+08:00][sql] SHOW FULL COLUMNS FROM `admin_admin_log` [ RunTime:0.000692s ]
[2024-02-29T18:23:32+08:00][sql] SELECT * FROM `admin_admin_log` WHERE  `uid` = 1 ORDER BY `id` DESC LIMIT 1 [ RunTime:0.000271s ]
[2024-02-29T18:23:32+08:00][sql] INSERT INTO `admin_admin_log` SET `uid` = 1 , `url` = '/admin.php/admin.channel/edit/id/3' , `desc` = '{"id":"3"}' , `ip` = '10.50.50.2' , `user_agent` = 'Mozilla/5.0 (Windows NT 10.0; Win64; x64) AppleWebKit/537.36 (KHTML, like Gecko) Chrome/121.0.0.0 Safari/537.36' , `create_time` = '2024-02-29 18:23:32.106888' [ RunTime:0.000211s ]
[2024-02-29T18:23:32+08:00][sql] SHOW FULL COLUMNS FROM `admin_channel` [ RunTime:0.000606s ]
[2024-02-29T18:23:32+08:00][sql] SELECT * FROM `admin_channel` WHERE  `id` = 3 LIMIT 1 [ RunTime:0.000237s ]
[2024-02-29T18:23:43+08:00][sql] CONNECT:[ UseTime:0.000332s ] mysql:host=127.0.0.1;port=3306;dbname=ypay;charset=utf8
[2024-02-29T18:23:43+08:00][sql] SHOW FULL COLUMNS FROM `admin_admin` [ RunTime:0.000632s ]
[2024-02-29T18:23:43+08:00][sql] SELECT * FROM `admin_admin` WHERE (  `token` = 'uQWK26d8oo6j87gV1bXXs5LC7pVE21Cz11709004666.773'  AND `status` = 1 ) AND `admin_admin`.`delete_time` IS NULL LIMIT 1 [ RunTime:0.000386s ]
[2024-02-29T18:23:43+08:00][sql] SELECT * FROM `admin_admin` WHERE (  `id` = 1 ) AND `admin_admin`.`delete_time` IS NULL LIMIT 1 [ RunTime:0.000354s ]
[2024-02-29T18:23:43+08:00][sql] SHOW FULL COLUMNS FROM `admin_role` [ RunTime:0.000681s ]
[2024-02-29T18:23:43+08:00][sql] SHOW FULL COLUMNS FROM `admin_admin_role` [ RunTime:0.000494s ]
[2024-02-29T18:23:43+08:00][sql] SELECT `admin_role`.*,`pivot`.`id` AS `pivot__id`,`pivot`.`admin_id` AS `pivot__admin_id`,`pivot`.`role_id` AS `pivot__role_id` FROM `admin_role` INNER JOIN `admin_admin_role` `pivot` ON `pivot`.`role_id`=`admin_role`.`id` WHERE (  `pivot`.`admin_id` = '1' ) AND `admin_role`.`delete_time` IS NULL [ RunTime:0.000265s ]
[2024-02-29T18:23:43+08:00][sql] SHOW FULL COLUMNS FROM `admin_permission` [ RunTime:0.000438s ]
[2024-02-29T18:23:43+08:00][sql] SHOW FULL COLUMNS FROM `admin_admin_permission` [ RunTime:0.000416s ]
[2024-02-29T18:23:43+08:00][sql] SELECT `admin_permission`.*,`pivot`.`id` AS `pivot__id`,`pivot`.`admin_id` AS `pivot__admin_id`,`pivot`.`permission_id` AS `pivot__permission_id` FROM `admin_permission` INNER JOIN `admin_admin_permission` `pivot` ON `pivot`.`permission_id`=`admin_permission`.`id` WHERE  `pivot`.`admin_id` = '1' [ RunTime:0.000255s ]
[2024-02-29T18:23:43+08:00][sql] SELECT * FROM `admin_permission` ORDER BY `sort` ASC [ RunTime:0.000370s ]
[2024-02-29T18:23:43+08:00][sql] SHOW FULL COLUMNS FROM `admin_admin_log` [ RunTime:0.000625s ]
[2024-02-29T18:23:43+08:00][sql] SHOW FULL COLUMNS FROM `admin_channel` [ RunTime:0.000459s ]
[2024-02-29T18:23:43+08:00][sql] SELECT COUNT(*) AS think_count FROM `admin_channel` LIMIT 1 [ RunTime:0.000212s ]
[2024-02-29T18:23:43+08:00][sql] SELECT * FROM `admin_channel` ORDER BY `sort` DESC LIMIT 0,10 [ RunTime:0.000264s ]
[2024-02-29T18:23:47+08:00][sql] CONNECT:[ UseTime:0.000362s ] mysql:host=127.0.0.1;port=3306;dbname=ypay;charset=utf8
[2024-02-29T18:23:47+08:00][sql] SHOW FULL COLUMNS FROM `admin_admin` [ RunTime:0.000606s ]
[2024-02-29T18:23:47+08:00][sql] SELECT * FROM `admin_admin` WHERE (  `token` = 'uQWK26d8oo6j87gV1bXXs5LC7pVE21Cz11709004666.773'  AND `status` = 1 ) AND `admin_admin`.`delete_time` IS NULL LIMIT 1 [ RunTime:0.000277s ]
[2024-02-29T18:23:47+08:00][sql] SELECT * FROM `admin_admin` WHERE (  `id` = 1 ) AND `admin_admin`.`delete_time` IS NULL LIMIT 1 [ RunTime:0.000296s ]
[2024-02-29T18:23:47+08:00][sql] SHOW FULL COLUMNS FROM `admin_role` [ RunTime:0.000535s ]
[2024-02-29T18:23:47+08:00][sql] SHOW FULL COLUMNS FROM `admin_admin_role` [ RunTime:0.000392s ]
[2024-02-29T18:23:47+08:00][sql] SELECT `admin_role`.*,`pivot`.`id` AS `pivot__id`,`pivot`.`admin_id` AS `pivot__admin_id`,`pivot`.`role_id` AS `pivot__role_id` FROM `admin_role` INNER JOIN `admin_admin_role` `pivot` ON `pivot`.`role_id`=`admin_role`.`id` WHERE (  `pivot`.`admin_id` = '1' ) AND `admin_role`.`delete_time` IS NULL [ RunTime:0.000298s ]
[2024-02-29T18:23:47+08:00][sql] SHOW FULL COLUMNS FROM `admin_permission` [ RunTime:0.000803s ]
[2024-02-29T18:23:47+08:00][sql] SHOW FULL COLUMNS FROM `admin_admin_permission` [ RunTime:0.000518s ]
[2024-02-29T18:23:47+08:00][sql] SELECT `admin_permission`.*,`pivot`.`id` AS `pivot__id`,`pivot`.`admin_id` AS `pivot__admin_id`,`pivot`.`permission_id` AS `pivot__permission_id` FROM `admin_permission` INNER JOIN `admin_admin_permission` `pivot` ON `pivot`.`permission_id`=`admin_permission`.`id` WHERE  `pivot`.`admin_id` = '1' [ RunTime:0.000319s ]
[2024-02-29T18:23:47+08:00][sql] SELECT * FROM `admin_permission` ORDER BY `sort` ASC [ RunTime:0.000379s ]
[2024-02-29T18:23:47+08:00][sql] SHOW FULL COLUMNS FROM `admin_admin_log` [ RunTime:0.000579s ]
[2024-02-29T18:23:47+08:00][sql] SELECT * FROM `admin_admin_log` WHERE  `uid` = 1 ORDER BY `id` DESC LIMIT 1 [ RunTime:0.000269s ]
[2024-02-29T18:23:47+08:00][sql] INSERT INTO `admin_admin_log` SET `uid` = 1 , `url` = '/admin.php/admin.channel/edit/id/5' , `desc` = '{"id":"5"}' , `ip` = '10.50.50.2' , `user_agent` = 'Mozilla/5.0 (Windows NT 10.0; Win64; x64) AppleWebKit/537.36 (KHTML, like Gecko) Chrome/121.0.0.0 Safari/537.36' , `create_time` = '2024-02-29 18:23:47.874654' [ RunTime:0.000248s ]
[2024-02-29T18:23:47+08:00][sql] SHOW FULL COLUMNS FROM `admin_channel` [ RunTime:0.000545s ]
[2024-02-29T18:23:47+08:00][sql] SELECT * FROM `admin_channel` WHERE  `id` = 5 LIMIT 1 [ RunTime:0.000301s ]
[2024-02-29T18:26:19+08:00][sql] CONNECT:[ UseTime:0.002812s ] mysql:host=127.0.0.1;port=3306;dbname=ypay;charset=utf8
[2024-02-29T18:26:19+08:00][sql] SHOW FULL COLUMNS FROM `admin_admin` [ RunTime:0.000631s ]
[2024-02-29T18:26:19+08:00][sql] SELECT * FROM `admin_admin` WHERE (  `token` = 'uQWK26d8oo6j87gV1bXXs5LC7pVE21Cz11709004666.773'  AND `status` = 1 ) AND `admin_admin`.`delete_time` IS NULL LIMIT 1 [ RunTime:0.000406s ]
[2024-02-29T18:26:19+08:00][sql] SELECT * FROM `admin_admin` WHERE (  `id` = 1 ) AND `admin_admin`.`delete_time` IS NULL LIMIT 1 [ RunTime:0.000503s ]
[2024-02-29T18:26:19+08:00][sql] SHOW FULL COLUMNS FROM `admin_role` [ RunTime:0.000697s ]
[2024-02-29T18:26:19+08:00][sql] SHOW FULL COLUMNS FROM `admin_admin_role` [ RunTime:0.000502s ]
[2024-02-29T18:26:19+08:00][sql] SELECT `admin_role`.*,`pivot`.`id` AS `pivot__id`,`pivot`.`admin_id` AS `pivot__admin_id`,`pivot`.`role_id` AS `pivot__role_id` FROM `admin_role` INNER JOIN `admin_admin_role` `pivot` ON `pivot`.`role_id`=`admin_role`.`id` WHERE (  `pivot`.`admin_id` = '1' ) AND `admin_role`.`delete_time` IS NULL [ RunTime:0.000321s ]
[2024-02-29T18:26:19+08:00][sql] SHOW FULL COLUMNS FROM `admin_permission` [ RunTime:0.000616s ]
[2024-02-29T18:26:19+08:00][sql] SHOW FULL COLUMNS FROM `admin_admin_permission` [ RunTime:0.000421s ]
[2024-02-29T18:26:19+08:00][sql] SELECT `admin_permission`.*,`pivot`.`id` AS `pivot__id`,`pivot`.`admin_id` AS `pivot__admin_id`,`pivot`.`permission_id` AS `pivot__permission_id` FROM `admin_permission` INNER JOIN `admin_admin_permission` `pivot` ON `pivot`.`permission_id`=`admin_permission`.`id` WHERE  `pivot`.`admin_id` = '1' [ RunTime:0.000299s ]
[2024-02-29T18:26:19+08:00][sql] SELECT * FROM `admin_permission` ORDER BY `sort` ASC [ RunTime:0.000422s ]
[2024-02-29T18:26:19+08:00][sql] SHOW FULL COLUMNS FROM `admin_admin_log` [ RunTime:0.000701s ]
[2024-02-29T18:26:19+08:00][sql] SELECT * FROM `admin_admin_log` WHERE  `uid` = 1 ORDER BY `id` DESC LIMIT 1 [ RunTime:0.000431s ]
[2024-02-29T18:26:19+08:00][sql] INSERT INTO `admin_admin_log` SET `uid` = 1 , `url` = '/admin.php/ypay.account/index' , `desc` = '[]' , `ip` = '10.50.50.2' , `user_agent` = 'Mozilla/5.0 (Windows NT 10.0; Win64; x64) AppleWebKit/537.36 (KHTML, like Gecko) Chrome/121.0.0.0 Safari/537.36' , `create_time` = '2024-02-29 18:26:19.244828' [ RunTime:0.000462s ]
[2024-02-29T18:26:19+08:00][sql] CONNECT:[ UseTime:0.000423s ] mysql:host=127.0.0.1;port=3306;dbname=ypay;charset=utf8
[2024-02-29T18:26:19+08:00][sql] SHOW FULL COLUMNS FROM `admin_admin` [ RunTime:0.000596s ]
[2024-02-29T18:26:19+08:00][sql] SELECT * FROM `admin_admin` WHERE (  `token` = 'uQWK26d8oo6j87gV1bXXs5LC7pVE21Cz11709004666.773'  AND `status` = 1 ) AND `admin_admin`.`delete_time` IS NULL LIMIT 1 [ RunTime:0.000272s ]
[2024-02-29T18:26:19+08:00][sql] SELECT * FROM `admin_admin` WHERE (  `id` = 1 ) AND `admin_admin`.`delete_time` IS NULL LIMIT 1 [ RunTime:0.000293s ]
[2024-02-29T18:26:19+08:00][sql] SHOW FULL COLUMNS FROM `admin_role` [ RunTime:0.000490s ]
[2024-02-29T18:26:19+08:00][sql] SHOW FULL COLUMNS FROM `admin_admin_role` [ RunTime:0.000355s ]
[2024-02-29T18:26:19+08:00][sql] SELECT `admin_role`.*,`pivot`.`id` AS `pivot__id`,`pivot`.`admin_id` AS `pivot__admin_id`,`pivot`.`role_id` AS `pivot__role_id` FROM `admin_role` INNER JOIN `admin_admin_role` `pivot` ON `pivot`.`role_id`=`admin_role`.`id` WHERE (  `pivot`.`admin_id` = '1' ) AND `admin_role`.`delete_time` IS NULL [ RunTime:0.000299s ]
[2024-02-29T18:26:19+08:00][sql] SHOW FULL COLUMNS FROM `admin_permission` [ RunTime:0.000571s ]
[2024-02-29T18:26:19+08:00][sql] SHOW FULL COLUMNS FROM `admin_admin_permission` [ RunTime:0.000450s ]
[2024-02-29T18:26:19+08:00][sql] SELECT `admin_permission`.*,`pivot`.`id` AS `pivot__id`,`pivot`.`admin_id` AS `pivot__admin_id`,`pivot`.`permission_id` AS `pivot__permission_id` FROM `admin_permission` INNER JOIN `admin_admin_permission` `pivot` ON `pivot`.`permission_id`=`admin_permission`.`id` WHERE  `pivot`.`admin_id` = '1' [ RunTime:0.000250s ]
[2024-02-29T18:26:19+08:00][sql] SELECT * FROM `admin_permission` ORDER BY `sort` ASC [ RunTime:0.000387s ]
[2024-02-29T18:26:19+08:00][sql] SHOW FULL COLUMNS FROM `admin_admin_log` [ RunTime:0.000573s ]
[2024-02-29T18:26:19+08:00][sql] SHOW FULL COLUMNS FROM `ypay_account` [ RunTime:0.000554s ]
[2024-02-29T18:26:19+08:00][sql] SELECT COUNT(*) AS think_count FROM `ypay_account` LIMIT 1 [ RunTime:0.000230s ]
[2024-02-29T18:26:26+08:00][sql] CONNECT:[ UseTime:0.000293s ] mysql:host=127.0.0.1;port=3306;dbname=ypay;charset=utf8
[2024-02-29T18:26:26+08:00][sql] SHOW FULL COLUMNS FROM `admin_admin` [ RunTime:0.000642s ]
[2024-02-29T18:26:26+08:00][sql] SELECT * FROM `admin_admin` WHERE (  `token` = 'uQWK26d8oo6j87gV1bXXs5LC7pVE21Cz11709004666.773'  AND `status` = 1 ) AND `admin_admin`.`delete_time` IS NULL LIMIT 1 [ RunTime:0.000320s ]
[2024-02-29T18:26:26+08:00][sql] SELECT * FROM `admin_admin` WHERE (  `id` = 1 ) AND `admin_admin`.`delete_time` IS NULL LIMIT 1 [ RunTime:0.000283s ]
[2024-02-29T18:26:26+08:00][sql] SHOW FULL COLUMNS FROM `admin_role` [ RunTime:0.000440s ]
[2024-02-29T18:26:26+08:00][sql] SHOW FULL COLUMNS FROM `admin_admin_role` [ RunTime:0.000361s ]
[2024-02-29T18:26:26+08:00][sql] SELECT `admin_role`.*,`pivot`.`id` AS `pivot__id`,`pivot`.`admin_id` AS `pivot__admin_id`,`pivot`.`role_id` AS `pivot__role_id` FROM `admin_role` INNER JOIN `admin_admin_role` `pivot` ON `pivot`.`role_id`=`admin_role`.`id` WHERE (  `pivot`.`admin_id` = '1' ) AND `admin_role`.`delete_time` IS NULL [ RunTime:0.000369s ]
[2024-02-29T18:26:26+08:00][sql] SHOW FULL COLUMNS FROM `admin_permission` [ RunTime:0.000516s ]
[2024-02-29T18:26:26+08:00][sql] SHOW FULL COLUMNS FROM `admin_admin_permission` [ RunTime:0.000334s ]
[2024-02-29T18:26:26+08:00][sql] SELECT `admin_permission`.*,`pivot`.`id` AS `pivot__id`,`pivot`.`admin_id` AS `pivot__admin_id`,`pivot`.`permission_id` AS `pivot__permission_id` FROM `admin_permission` INNER JOIN `admin_admin_permission` `pivot` ON `pivot`.`permission_id`=`admin_permission`.`id` WHERE  `pivot`.`admin_id` = '1' [ RunTime:0.000275s ]
[2024-02-29T18:26:26+08:00][sql] SELECT * FROM `admin_permission` ORDER BY `sort` ASC [ RunTime:0.000372s ]
[2024-02-29T18:26:26+08:00][sql] SHOW FULL COLUMNS FROM `admin_admin_log` [ RunTime:0.000653s ]
[2024-02-29T18:26:26+08:00][sql] SHOW FULL COLUMNS FROM `ypay_account` [ RunTime:0.000537s ]
[2024-02-29T18:26:26+08:00][sql] SELECT COUNT(*) AS think_count FROM `ypay_account` LIMIT 1 [ RunTime:0.000182s ]
[2024-02-29T18:26:32+08:00][sql] CONNECT:[ UseTime:0.000331s ] mysql:host=127.0.0.1;port=3306;dbname=ypay;charset=utf8
[2024-02-29T18:26:32+08:00][sql] SHOW FULL COLUMNS FROM `admin_admin` [ RunTime:0.000582s ]
[2024-02-29T18:26:32+08:00][sql] SELECT * FROM `admin_admin` WHERE (  `token` = 'uQWK26d8oo6j87gV1bXXs5LC7pVE21Cz11709004666.773'  AND `status` = 1 ) AND `admin_admin`.`delete_time` IS NULL LIMIT 1 [ RunTime:0.000319s ]
[2024-02-29T18:26:32+08:00][sql] SELECT * FROM `admin_admin` WHERE (  `id` = 1 ) AND `admin_admin`.`delete_time` IS NULL LIMIT 1 [ RunTime:0.000280s ]
[2024-02-29T18:26:32+08:00][sql] SHOW FULL COLUMNS FROM `admin_role` [ RunTime:0.000528s ]
[2024-02-29T18:26:32+08:00][sql] SHOW FULL COLUMNS FROM `admin_admin_role` [ RunTime:0.000342s ]
[2024-02-29T18:26:32+08:00][sql] SELECT `admin_role`.*,`pivot`.`id` AS `pivot__id`,`pivot`.`admin_id` AS `pivot__admin_id`,`pivot`.`role_id` AS `pivot__role_id` FROM `admin_role` INNER JOIN `admin_admin_role` `pivot` ON `pivot`.`role_id`=`admin_role`.`id` WHERE (  `pivot`.`admin_id` = '1' ) AND `admin_role`.`delete_time` IS NULL [ RunTime:0.000320s ]
[2024-02-29T18:26:32+08:00][sql] SHOW FULL COLUMNS FROM `admin_permission` [ RunTime:0.000520s ]
[2024-02-29T18:26:32+08:00][sql] SHOW FULL COLUMNS FROM `admin_admin_permission` [ RunTime:0.000330s ]
[2024-02-29T18:26:32+08:00][sql] SELECT `admin_permission`.*,`pivot`.`id` AS `pivot__id`,`pivot`.`admin_id` AS `pivot__admin_id`,`pivot`.`permission_id` AS `pivot__permission_id` FROM `admin_permission` INNER JOIN `admin_admin_permission` `pivot` ON `pivot`.`permission_id`=`admin_permission`.`id` WHERE  `pivot`.`admin_id` = '1' [ RunTime:0.000305s ]
[2024-02-29T18:26:32+08:00][sql] SELECT * FROM `admin_permission` ORDER BY `sort` ASC [ RunTime:0.000403s ]
[2024-02-29T18:26:32+08:00][sql] SHOW FULL COLUMNS FROM `admin_admin_log` [ RunTime:0.000624s ]
[2024-02-29T18:26:32+08:00][sql] SHOW FULL COLUMNS FROM `ypay_account` [ RunTime:0.000644s ]
[2024-02-29T18:26:32+08:00][sql] SELECT COUNT(*) AS think_count FROM `ypay_account` WHERE  `user_id` LIKE '%test%' LIMIT 1 [ RunTime:0.000233s ]
[2024-02-29T18:26:38+08:00][sql] CONNECT:[ UseTime:0.000372s ] mysql:host=127.0.0.1;port=3306;dbname=ypay;charset=utf8
[2024-02-29T18:26:38+08:00][sql] SHOW FULL COLUMNS FROM `admin_admin` [ RunTime:0.000453s ]
[2024-02-29T18:26:38+08:00][sql] SELECT * FROM `admin_admin` WHERE (  `token` = 'uQWK26d8oo6j87gV1bXXs5LC7pVE21Cz11709004666.773'  AND `status` = 1 ) AND `admin_admin`.`delete_time` IS NULL LIMIT 1 [ RunTime:0.000265s ]
[2024-02-29T18:26:38+08:00][sql] SELECT * FROM `admin_admin` WHERE (  `id` = 1 ) AND `admin_admin`.`delete_time` IS NULL LIMIT 1 [ RunTime:0.000240s ]
[2024-02-29T18:26:38+08:00][sql] SHOW FULL COLUMNS FROM `admin_role` [ RunTime:0.000617s ]
[2024-02-29T18:26:38+08:00][sql] SHOW FULL COLUMNS FROM `admin_admin_role` [ RunTime:0.000495s ]
[2024-02-29T18:26:38+08:00][sql] SELECT `admin_role`.*,`pivot`.`id` AS `pivot__id`,`pivot`.`admin_id` AS `pivot__admin_id`,`pivot`.`role_id` AS `pivot__role_id` FROM `admin_role` INNER JOIN `admin_admin_role` `pivot` ON `pivot`.`role_id`=`admin_role`.`id` WHERE (  `pivot`.`admin_id` = '1' ) AND `admin_role`.`delete_time` IS NULL [ RunTime:0.000291s ]
[2024-02-29T18:26:38+08:00][sql] SHOW FULL COLUMNS FROM `admin_permission` [ RunTime:0.000461s ]
[2024-02-29T18:26:38+08:00][sql] SHOW FULL COLUMNS FROM `admin_admin_permission` [ RunTime:0.000362s ]
[2024-02-29T18:26:38+08:00][sql] SELECT `admin_permission`.*,`pivot`.`id` AS `pivot__id`,`pivot`.`admin_id` AS `pivot__admin_id`,`pivot`.`permission_id` AS `pivot__permission_id` FROM `admin_permission` INNER JOIN `admin_admin_permission` `pivot` ON `pivot`.`permission_id`=`admin_permission`.`id` WHERE  `pivot`.`admin_id` = '1' [ RunTime:0.000247s ]
[2024-02-29T18:26:38+08:00][sql] SELECT * FROM `admin_permission` ORDER BY `sort` ASC [ RunTime:0.000411s ]
[2024-02-29T18:26:38+08:00][sql] SHOW FULL COLUMNS FROM `admin_admin_log` [ RunTime:0.000560s ]
[2024-02-29T18:26:38+08:00][sql] SELECT * FROM `admin_admin_log` WHERE  `uid` = 1 ORDER BY `id` DESC LIMIT 1 [ RunTime:0.000270s ]
[2024-02-29T18:26:38+08:00][sql] INSERT INTO `admin_admin_log` SET `uid` = 1 , `url` = '/admin.php/ypay.user/index' , `desc` = '[]' , `ip` = '10.50.50.2' , `user_agent` = 'Mozilla/5.0 (Windows NT 10.0; Win64; x64) AppleWebKit/537.36 (KHTML, like Gecko) Chrome/121.0.0.0 Safari/537.36' , `create_time` = '2024-02-29 18:26:37.966618' [ RunTime:0.006282s ]
[2024-02-29T18:26:38+08:00][sql] CONNECT:[ UseTime:0.000308s ] mysql:host=127.0.0.1;port=3306;dbname=ypay;charset=utf8
[2024-02-29T18:26:38+08:00][sql] SHOW FULL COLUMNS FROM `admin_admin` [ RunTime:0.000564s ]
[2024-02-29T18:26:38+08:00][sql] SELECT * FROM `admin_admin` WHERE (  `token` = 'uQWK26d8oo6j87gV1bXXs5LC7pVE21Cz11709004666.773'  AND `status` = 1 ) AND `admin_admin`.`delete_time` IS NULL LIMIT 1 [ RunTime:0.000543s ]
[2024-02-29T18:26:38+08:00][sql] SELECT * FROM `admin_admin` WHERE (  `id` = 1 ) AND `admin_admin`.`delete_time` IS NULL LIMIT 1 [ RunTime:0.000455s ]
[2024-02-29T18:26:38+08:00][sql] SHOW FULL COLUMNS FROM `admin_role` [ RunTime:0.000513s ]
[2024-02-29T18:26:38+08:00][sql] SHOW FULL COLUMNS FROM `admin_admin_role` [ RunTime:0.000373s ]
[2024-02-29T18:26:38+08:00][sql] SELECT `admin_role`.*,`pivot`.`id` AS `pivot__id`,`pivot`.`admin_id` AS `pivot__admin_id`,`pivot`.`role_id` AS `pivot__role_id` FROM `admin_role` INNER JOIN `admin_admin_role` `pivot` ON `pivot`.`role_id`=`admin_role`.`id` WHERE (  `pivot`.`admin_id` = '1' ) AND `admin_role`.`delete_time` IS NULL [ RunTime:0.000257s ]
[2024-02-29T18:26:38+08:00][sql] SHOW FULL COLUMNS FROM `admin_permission` [ RunTime:0.000505s ]
[2024-02-29T18:26:38+08:00][sql] SHOW FULL COLUMNS FROM `admin_admin_permission` [ RunTime:0.000396s ]
[2024-02-29T18:26:38+08:00][sql] SELECT `admin_permission`.*,`pivot`.`id` AS `pivot__id`,`pivot`.`admin_id` AS `pivot__admin_id`,`pivot`.`permission_id` AS `pivot__permission_id` FROM `admin_permission` INNER JOIN `admin_admin_permission` `pivot` ON `pivot`.`permission_id`=`admin_permission`.`id` WHERE  `pivot`.`admin_id` = '1' [ RunTime:0.000298s ]
[2024-02-29T18:26:38+08:00][sql] SELECT * FROM `admin_permission` ORDER BY `sort` ASC [ RunTime:0.000347s ]
[2024-02-29T18:26:38+08:00][sql] SHOW FULL COLUMNS FROM `admin_admin_log` [ RunTime:0.000625s ]
[2024-02-29T18:26:38+08:00][sql] SHOW FULL COLUMNS FROM `ypay_user` [ RunTime:0.000609s ]
[2024-02-29T18:26:38+08:00][sql] SELECT COUNT(*) AS think_count FROM `ypay_user` LIMIT 1 [ RunTime:0.000232s ]
[2024-02-29T18:26:38+08:00][sql] SELECT * FROM `ypay_user` ORDER BY `id` DESC LIMIT 0,10 [ RunTime:0.000281s ]
[2024-02-29T18:26:38+08:00][sql] SHOW FULL COLUMNS FROM `ypay_order` [ RunTime:0.000560s ]
[2024-02-29T18:26:38+08:00][sql] SELECT SUM(`truemoney`) AS think_sum FROM `ypay_order` WHERE  `user_id` = 1001  AND `status` = 1 LIMIT 1 [ RunTime:0.000293s ]
[2024-02-29T18:26:38+08:00][sql] SELECT SUM(`truemoney`) AS think_sum FROM `ypay_order` WHERE  `create_time` BETWEEN '2024-02-28 00:00:00' AND '2024-02-28 23:59:59'  AND `user_id` = 1001  AND `status` = 1 LIMIT 1 [ RunTime:0.000278s ]
[2024-02-29T18:26:38+08:00][sql] SELECT SUM(`truemoney`) AS think_sum FROM `ypay_order` WHERE  `create_time` BETWEEN '2024-02-29 00:00:00' AND '2024-02-29 23:59:59'  AND `user_id` = 1001  AND `status` = 1 LIMIT 1 [ RunTime:0.000426s ]
[2024-02-29T18:26:38+08:00][sql] SELECT SUM(`truemoney`) AS think_sum FROM `ypay_order` WHERE  `user_id` = 1000  AND `status` = 1 LIMIT 1 [ RunTime:0.000265s ]
[2024-02-29T18:26:38+08:00][sql] SELECT SUM(`truemoney`) AS think_sum FROM `ypay_order` WHERE  `create_time` BETWEEN '2024-02-28 00:00:00' AND '2024-02-28 23:59:59'  AND `user_id` = 1000  AND `status` = 1 LIMIT 1 [ RunTime:0.000299s ]
[2024-02-29T18:26:38+08:00][sql] SELECT SUM(`truemoney`) AS think_sum FROM `ypay_order` WHERE  `create_time` BETWEEN '2024-02-29 00:00:00' AND '2024-02-29 23:59:59'  AND `user_id` = 1000  AND `status` = 1 LIMIT 1 [ RunTime:0.000241s ]
[2024-02-29T18:26:43+08:00][sql] CONNECT:[ UseTime:0.000365s ] mysql:host=127.0.0.1;port=3306;dbname=ypay;charset=utf8
[2024-02-29T18:26:43+08:00][sql] SHOW FULL COLUMNS FROM `admin_admin` [ RunTime:0.000549s ]
[2024-02-29T18:26:43+08:00][sql] SELECT * FROM `admin_admin` WHERE (  `token` = 'uQWK26d8oo6j87gV1bXXs5LC7pVE21Cz11709004666.773'  AND `status` = 1 ) AND `admin_admin`.`delete_time` IS NULL LIMIT 1 [ RunTime:0.000541s ]
[2024-02-29T18:26:43+08:00][sql] SELECT * FROM `admin_admin` WHERE (  `id` = 1 ) AND `admin_admin`.`delete_time` IS NULL LIMIT 1 [ RunTime:0.000379s ]
[2024-02-29T18:26:43+08:00][sql] SHOW FULL COLUMNS FROM `admin_role` [ RunTime:0.000516s ]
[2024-02-29T18:26:43+08:00][sql] SHOW FULL COLUMNS FROM `admin_admin_role` [ RunTime:0.000407s ]
[2024-02-29T18:26:43+08:00][sql] SELECT `admin_role`.*,`pivot`.`id` AS `pivot__id`,`pivot`.`admin_id` AS `pivot__admin_id`,`pivot`.`role_id` AS `pivot__role_id` FROM `admin_role` INNER JOIN `admin_admin_role` `pivot` ON `pivot`.`role_id`=`admin_role`.`id` WHERE (  `pivot`.`admin_id` = '1' ) AND `admin_role`.`delete_time` IS NULL [ RunTime:0.000254s ]
[2024-02-29T18:26:43+08:00][sql] SHOW FULL COLUMNS FROM `admin_permission` [ RunTime:0.000453s ]
[2024-02-29T18:26:43+08:00][sql] SHOW FULL COLUMNS FROM `admin_admin_permission` [ RunTime:0.000348s ]
[2024-02-29T18:26:43+08:00][sql] SELECT `admin_permission`.*,`pivot`.`id` AS `pivot__id`,`pivot`.`admin_id` AS `pivot__admin_id`,`pivot`.`permission_id` AS `pivot__permission_id` FROM `admin_permission` INNER JOIN `admin_admin_permission` `pivot` ON `pivot`.`permission_id`=`admin_permission`.`id` WHERE  `pivot`.`admin_id` = '1' [ RunTime:0.000372s ]
[2024-02-29T18:26:43+08:00][sql] SELECT * FROM `admin_permission` ORDER BY `sort` ASC [ RunTime:0.000686s ]
[2024-02-29T18:26:43+08:00][sql] SHOW FULL COLUMNS FROM `admin_admin_log` [ RunTime:0.000512s ]
[2024-02-29T18:26:43+08:00][sql] SELECT * FROM `admin_admin_log` WHERE  `uid` = 1 ORDER BY `id` DESC LIMIT 1 [ RunTime:0.000265s ]
[2024-02-29T18:26:43+08:00][sql] INSERT INTO `admin_admin_log` SET `uid` = 1 , `url` = '/admin.php/ypay.proxy/index' , `desc` = '[]' , `ip` = '10.50.50.2' , `user_agent` = 'Mozilla/5.0 (Windows NT 10.0; Win64; x64) AppleWebKit/537.36 (KHTML, like Gecko) Chrome/121.0.0.0 Safari/537.36' , `create_time` = '2024-02-29 18:26:43.152288' [ RunTime:0.000215s ]
[2024-02-29T18:26:43+08:00][sql] CONNECT:[ UseTime:0.000325s ] mysql:host=127.0.0.1;port=3306;dbname=ypay;charset=utf8
[2024-02-29T18:26:43+08:00][sql] SHOW FULL COLUMNS FROM `admin_admin` [ RunTime:0.000690s ]
[2024-02-29T18:26:43+08:00][sql] SELECT * FROM `admin_admin` WHERE (  `token` = 'uQWK26d8oo6j87gV1bXXs5LC7pVE21Cz11709004666.773'  AND `status` = 1 ) AND `admin_admin`.`delete_time` IS NULL LIMIT 1 [ RunTime:0.000436s ]
[2024-02-29T18:26:43+08:00][sql] SELECT * FROM `admin_admin` WHERE (  `id` = 1 ) AND `admin_admin`.`delete_time` IS NULL LIMIT 1 [ RunTime:0.000352s ]
[2024-02-29T18:26:43+08:00][sql] SHOW FULL COLUMNS FROM `admin_role` [ RunTime:0.000484s ]
[2024-02-29T18:26:43+08:00][sql] SHOW FULL COLUMNS FROM `admin_admin_role` [ RunTime:0.000380s ]
[2024-02-29T18:26:43+08:00][sql] SELECT `admin_role`.*,`pivot`.`id` AS `pivot__id`,`pivot`.`admin_id` AS `pivot__admin_id`,`pivot`.`role_id` AS `pivot__role_id` FROM `admin_role` INNER JOIN `admin_admin_role` `pivot` ON `pivot`.`role_id`=`admin_role`.`id` WHERE (  `pivot`.`admin_id` = '1' ) AND `admin_role`.`delete_time` IS NULL [ RunTime:0.000286s ]
[2024-02-29T18:26:43+08:00][sql] SHOW FULL COLUMNS FROM `admin_permission` [ RunTime:0.000455s ]
[2024-02-29T18:26:43+08:00][sql] SHOW FULL COLUMNS FROM `admin_admin_permission` [ RunTime:0.000481s ]
[2024-02-29T18:26:43+08:00][sql] SELECT `admin_permission`.*,`pivot`.`id` AS `pivot__id`,`pivot`.`admin_id` AS `pivot__admin_id`,`pivot`.`permission_id` AS `pivot__permission_id` FROM `admin_permission` INNER JOIN `admin_admin_permission` `pivot` ON `pivot`.`permission_id`=`admin_permission`.`id` WHERE  `pivot`.`admin_id` = '1' [ RunTime:0.000306s ]
[2024-02-29T18:26:43+08:00][sql] SELECT * FROM `admin_permission` ORDER BY `sort` ASC [ RunTime:0.000422s ]
[2024-02-29T18:26:43+08:00][sql] SHOW FULL COLUMNS FROM `admin_admin_log` [ RunTime:0.000870s ]
[2024-02-29T18:26:43+08:00][sql] SHOW FULL COLUMNS FROM `ypay_proxy` [ RunTime:0.000630s ]
[2024-02-29T18:26:43+08:00][sql] SELECT COUNT(*) AS think_count FROM `ypay_proxy` LIMIT 1 [ RunTime:0.000181s ]
[2024-02-29T18:26:44+08:00][sql] CONNECT:[ UseTime:0.000293s ] mysql:host=127.0.0.1;port=3306;dbname=ypay;charset=utf8
[2024-02-29T18:26:44+08:00][sql] SHOW FULL COLUMNS FROM `admin_admin` [ RunTime:0.000509s ]
[2024-02-29T18:26:44+08:00][sql] SELECT * FROM `admin_admin` WHERE (  `token` = 'uQWK26d8oo6j87gV1bXXs5LC7pVE21Cz11709004666.773'  AND `status` = 1 ) AND `admin_admin`.`delete_time` IS NULL LIMIT 1 [ RunTime:0.000269s ]
[2024-02-29T18:26:44+08:00][sql] SELECT * FROM `admin_admin` WHERE (  `id` = 1 ) AND `admin_admin`.`delete_time` IS NULL LIMIT 1 [ RunTime:0.000237s ]
[2024-02-29T18:26:44+08:00][sql] SHOW FULL COLUMNS FROM `admin_role` [ RunTime:0.000652s ]
[2024-02-29T18:26:44+08:00][sql] SHOW FULL COLUMNS FROM `admin_admin_role` [ RunTime:0.000534s ]
[2024-02-29T18:26:44+08:00][sql] SELECT `admin_role`.*,`pivot`.`id` AS `pivot__id`,`pivot`.`admin_id` AS `pivot__admin_id`,`pivot`.`role_id` AS `pivot__role_id` FROM `admin_role` INNER JOIN `admin_admin_role` `pivot` ON `pivot`.`role_id`=`admin_role`.`id` WHERE (  `pivot`.`admin_id` = '1' ) AND `admin_role`.`delete_time` IS NULL [ RunTime:0.000370s ]
[2024-02-29T18:26:44+08:00][sql] SHOW FULL COLUMNS FROM `admin_permission` [ RunTime:0.000480s ]
[2024-02-29T18:26:44+08:00][sql] SHOW FULL COLUMNS FROM `admin_admin_permission` [ RunTime:0.000359s ]
[2024-02-29T18:26:44+08:00][sql] SELECT `admin_permission`.*,`pivot`.`id` AS `pivot__id`,`pivot`.`admin_id` AS `pivot__admin_id`,`pivot`.`permission_id` AS `pivot__permission_id` FROM `admin_permission` INNER JOIN `admin_admin_permission` `pivot` ON `pivot`.`permission_id`=`admin_permission`.`id` WHERE  `pivot`.`admin_id` = '1' [ RunTime:0.000391s ]
[2024-02-29T18:26:44+08:00][sql] SELECT * FROM `admin_permission` ORDER BY `sort` ASC [ RunTime:0.000384s ]
[2024-02-29T18:26:44+08:00][sql] SHOW FULL COLUMNS FROM `admin_admin_log` [ RunTime:0.000679s ]
[2024-02-29T18:26:44+08:00][sql] SELECT * FROM `admin_admin_log` WHERE  `uid` = 1 ORDER BY `id` DESC LIMIT 1 [ RunTime:0.000243s ]
[2024-02-29T18:26:44+08:00][sql] INSERT INTO `admin_admin_log` SET `uid` = 1 , `url` = '/admin.php/ypay.account/index' , `desc` = '[]' , `ip` = '10.50.50.2' , `user_agent` = 'Mozilla/5.0 (Windows NT 10.0; Win64; x64) AppleWebKit/537.36 (KHTML, like Gecko) Chrome/121.0.0.0 Safari/537.36' , `create_time` = '2024-02-29 18:26:44.630916' [ RunTime:0.000274s ]
[2024-02-29T18:26:44+08:00][sql] CONNECT:[ UseTime:0.000357s ] mysql:host=127.0.0.1;port=3306;dbname=ypay;charset=utf8
[2024-02-29T18:26:44+08:00][sql] SHOW FULL COLUMNS FROM `admin_admin` [ RunTime:0.000461s ]
[2024-02-29T18:26:44+08:00][sql] SELECT * FROM `admin_admin` WHERE (  `token` = 'uQWK26d8oo6j87gV1bXXs5LC7pVE21Cz11709004666.773'  AND `status` = 1 ) AND `admin_admin`.`delete_time` IS NULL LIMIT 1 [ RunTime:0.000268s ]
[2024-02-29T18:26:44+08:00][sql] SELECT * FROM `admin_admin` WHERE (  `id` = 1 ) AND `admin_admin`.`delete_time` IS NULL LIMIT 1 [ RunTime:0.000511s ]
[2024-02-29T18:26:44+08:00][sql] SHOW FULL COLUMNS FROM `admin_role` [ RunTime:0.000615s ]
[2024-02-29T18:26:44+08:00][sql] SHOW FULL COLUMNS FROM `admin_admin_role` [ RunTime:0.000434s ]
[2024-02-29T18:26:44+08:00][sql] SELECT `admin_role`.*,`pivot`.`id` AS `pivot__id`,`pivot`.`admin_id` AS `pivot__admin_id`,`pivot`.`role_id` AS `pivot__role_id` FROM `admin_role` INNER JOIN `admin_admin_role` `pivot` ON `pivot`.`role_id`=`admin_role`.`id` WHERE (  `pivot`.`admin_id` = '1' ) AND `admin_role`.`delete_time` IS NULL [ RunTime:0.000317s ]
[2024-02-29T18:26:44+08:00][sql] SHOW FULL COLUMNS FROM `admin_permission` [ RunTime:0.000551s ]
[2024-02-29T18:26:44+08:00][sql] SHOW FULL COLUMNS FROM `admin_admin_permission` [ RunTime:0.000393s ]
[2024-02-29T18:26:44+08:00][sql] SELECT `admin_permission`.*,`pivot`.`id` AS `pivot__id`,`pivot`.`admin_id` AS `pivot__admin_id`,`pivot`.`permission_id` AS `pivot__permission_id` FROM `admin_permission` INNER JOIN `admin_admin_permission` `pivot` ON `pivot`.`permission_id`=`admin_permission`.`id` WHERE  `pivot`.`admin_id` = '1' [ RunTime:0.000321s ]
[2024-02-29T18:26:44+08:00][sql] SELECT * FROM `admin_permission` ORDER BY `sort` ASC [ RunTime:0.000343s ]
[2024-02-29T18:26:44+08:00][sql] SHOW FULL COLUMNS FROM `admin_admin_log` [ RunTime:0.000619s ]
[2024-02-29T18:26:44+08:00][sql] SHOW FULL COLUMNS FROM `ypay_account` [ RunTime:0.000571s ]
[2024-02-29T18:26:44+08:00][sql] SELECT COUNT(*) AS think_count FROM `ypay_account` LIMIT 1 [ RunTime:0.000216s ]
[2024-02-29T18:26:46+08:00][sql] CONNECT:[ UseTime:0.000401s ] mysql:host=127.0.0.1;port=3306;dbname=ypay;charset=utf8
[2024-02-29T18:26:46+08:00][sql] SHOW FULL COLUMNS FROM `admin_admin` [ RunTime:0.000491s ]
[2024-02-29T18:26:46+08:00][sql] SELECT * FROM `admin_admin` WHERE (  `token` = 'uQWK26d8oo6j87gV1bXXs5LC7pVE21Cz11709004666.773'  AND `status` = 1 ) AND `admin_admin`.`delete_time` IS NULL LIMIT 1 [ RunTime:0.000314s ]
[2024-02-29T18:26:46+08:00][sql] SELECT * FROM `admin_admin` WHERE (  `id` = 1 ) AND `admin_admin`.`delete_time` IS NULL LIMIT 1 [ RunTime:0.000311s ]
[2024-02-29T18:26:46+08:00][sql] SHOW FULL COLUMNS FROM `admin_role` [ RunTime:0.000605s ]
[2024-02-29T18:26:46+08:00][sql] SHOW FULL COLUMNS FROM `admin_admin_role` [ RunTime:0.000558s ]
[2024-02-29T18:26:46+08:00][sql] SELECT `admin_role`.*,`pivot`.`id` AS `pivot__id`,`pivot`.`admin_id` AS `pivot__admin_id`,`pivot`.`role_id` AS `pivot__role_id` FROM `admin_role` INNER JOIN `admin_admin_role` `pivot` ON `pivot`.`role_id`=`admin_role`.`id` WHERE (  `pivot`.`admin_id` = '1' ) AND `admin_role`.`delete_time` IS NULL [ RunTime:0.000264s ]
[2024-02-29T18:26:46+08:00][sql] SHOW FULL COLUMNS FROM `admin_permission` [ RunTime:0.000554s ]
[2024-02-29T18:26:46+08:00][sql] SHOW FULL COLUMNS FROM `admin_admin_permission` [ RunTime:0.000387s ]
[2024-02-29T18:26:46+08:00][sql] SELECT `admin_permission`.*,`pivot`.`id` AS `pivot__id`,`pivot`.`admin_id` AS `pivot__admin_id`,`pivot`.`permission_id` AS `pivot__permission_id` FROM `admin_permission` INNER JOIN `admin_admin_permission` `pivot` ON `pivot`.`permission_id`=`admin_permission`.`id` WHERE  `pivot`.`admin_id` = '1' [ RunTime:0.000344s ]
[2024-02-29T18:26:46+08:00][sql] SELECT * FROM `admin_permission` ORDER BY `sort` ASC [ RunTime:0.000335s ]
[2024-02-29T18:26:46+08:00][sql] SHOW FULL COLUMNS FROM `admin_admin_log` [ RunTime:0.000648s ]
[2024-02-29T18:26:46+08:00][sql] SELECT * FROM `admin_admin_log` WHERE  `uid` = 1 ORDER BY `id` DESC LIMIT 1 [ RunTime:0.000268s ]
[2024-02-29T18:26:46+08:00][sql] INSERT INTO `admin_admin_log` SET `uid` = 1 , `url` = '/admin.php/ypay.cloud/index' , `desc` = '[]' , `ip` = '10.50.50.2' , `user_agent` = 'Mozilla/5.0 (Windows NT 10.0; Win64; x64) AppleWebKit/537.36 (KHTML, like Gecko) Chrome/121.0.0.0 Safari/537.36' , `create_time` = '2024-02-29 18:26:46.529784' [ RunTime:0.000269s ]
[2024-02-29T18:26:46+08:00][sql] CONNECT:[ UseTime:0.000390s ] mysql:host=127.0.0.1;port=3306;dbname=ypay;charset=utf8
[2024-02-29T18:26:46+08:00][sql] SHOW FULL COLUMNS FROM `admin_admin` [ RunTime:0.000492s ]
[2024-02-29T18:26:46+08:00][sql] SELECT * FROM `admin_admin` WHERE (  `token` = 'uQWK26d8oo6j87gV1bXXs5LC7pVE21Cz11709004666.773'  AND `status` = 1 ) AND `admin_admin`.`delete_time` IS NULL LIMIT 1 [ RunTime:0.000307s ]
[2024-02-29T18:26:46+08:00][sql] SELECT * FROM `admin_admin` WHERE (  `id` = 1 ) AND `admin_admin`.`delete_time` IS NULL LIMIT 1 [ RunTime:0.000288s ]
[2024-02-29T18:26:46+08:00][sql] SHOW FULL COLUMNS FROM `admin_role` [ RunTime:0.000577s ]
[2024-02-29T18:26:46+08:00][sql] SHOW FULL COLUMNS FROM `admin_admin_role` [ RunTime:0.000469s ]
[2024-02-29T18:26:46+08:00][sql] SELECT `admin_role`.*,`pivot`.`id` AS `pivot__id`,`pivot`.`admin_id` AS `pivot__admin_id`,`pivot`.`role_id` AS `pivot__role_id` FROM `admin_role` INNER JOIN `admin_admin_role` `pivot` ON `pivot`.`role_id`=`admin_role`.`id` WHERE (  `pivot`.`admin_id` = '1' ) AND `admin_role`.`delete_time` IS NULL [ RunTime:0.000279s ]
[2024-02-29T18:26:46+08:00][sql] SHOW FULL COLUMNS FROM `admin_permission` [ RunTime:0.000495s ]
[2024-02-29T18:26:46+08:00][sql] SHOW FULL COLUMNS FROM `admin_admin_permission` [ RunTime:0.000418s ]
[2024-02-29T18:26:46+08:00][sql] SELECT `admin_permission`.*,`pivot`.`id` AS `pivot__id`,`pivot`.`admin_id` AS `pivot__admin_id`,`pivot`.`permission_id` AS `pivot__permission_id` FROM `admin_permission` INNER JOIN `admin_admin_permission` `pivot` ON `pivot`.`permission_id`=`admin_permission`.`id` WHERE  `pivot`.`admin_id` = '1' [ RunTime:0.000286s ]
[2024-02-29T18:26:46+08:00][sql] SELECT * FROM `admin_permission` ORDER BY `sort` ASC [ RunTime:0.000463s ]
[2024-02-29T18:26:46+08:00][sql] SHOW FULL COLUMNS FROM `admin_admin_log` [ RunTime:0.000586s ]
[2024-02-29T18:26:46+08:00][sql] SHOW FULL COLUMNS FROM `ypay_cloud` [ RunTime:0.000553s ]
[2024-02-29T18:26:46+08:00][sql] SELECT COUNT(*) AS think_count FROM `ypay_cloud` LIMIT 1 [ RunTime:0.000179s ]
[2024-02-29T18:26:48+08:00][sql] CONNECT:[ UseTime:0.000359s ] mysql:host=127.0.0.1;port=3306;dbname=ypay;charset=utf8
[2024-02-29T18:26:48+08:00][sql] SHOW FULL COLUMNS FROM `admin_admin` [ RunTime:0.000501s ]
[2024-02-29T18:26:48+08:00][sql] SELECT * FROM `admin_admin` WHERE (  `token` = 'uQWK26d8oo6j87gV1bXXs5LC7pVE21Cz11709004666.773'  AND `status` = 1 ) AND `admin_admin`.`delete_time` IS NULL LIMIT 1 [ RunTime:0.000309s ]
[2024-02-29T18:26:48+08:00][sql] SELECT * FROM `admin_admin` WHERE (  `id` = 1 ) AND `admin_admin`.`delete_time` IS NULL LIMIT 1 [ RunTime:0.000278s ]
[2024-02-29T18:26:48+08:00][sql] SHOW FULL COLUMNS FROM `admin_role` [ RunTime:0.000522s ]
[2024-02-29T18:26:48+08:00][sql] SHOW FULL COLUMNS FROM `admin_admin_role` [ RunTime:0.000488s ]
[2024-02-29T18:26:48+08:00][sql] SELECT `admin_role`.*,`pivot`.`id` AS `pivot__id`,`pivot`.`admin_id` AS `pivot__admin_id`,`pivot`.`role_id` AS `pivot__role_id` FROM `admin_role` INNER JOIN `admin_admin_role` `pivot` ON `pivot`.`role_id`=`admin_role`.`id` WHERE (  `pivot`.`admin_id` = '1' ) AND `admin_role`.`delete_time` IS NULL [ RunTime:0.000274s ]
[2024-02-29T18:26:48+08:00][sql] SHOW FULL COLUMNS FROM `admin_permission` [ RunTime:0.000474s ]
[2024-02-29T18:26:48+08:00][sql] SHOW FULL COLUMNS FROM `admin_admin_permission` [ RunTime:0.000351s ]
[2024-02-29T18:26:48+08:00][sql] SELECT `admin_permission`.*,`pivot`.`id` AS `pivot__id`,`pivot`.`admin_id` AS `pivot__admin_id`,`pivot`.`permission_id` AS `pivot__permission_id` FROM `admin_permission` INNER JOIN `admin_admin_permission` `pivot` ON `pivot`.`permission_id`=`admin_permission`.`id` WHERE  `pivot`.`admin_id` = '1' [ RunTime:0.000258s ]
[2024-02-29T18:26:48+08:00][sql] SELECT * FROM `admin_permission` ORDER BY `sort` ASC [ RunTime:0.000344s ]
[2024-02-29T18:26:48+08:00][sql] SHOW FULL COLUMNS FROM `admin_admin_log` [ RunTime:0.000566s ]
[2024-02-29T18:26:48+08:00][sql] SELECT * FROM `admin_admin_log` WHERE  `uid` = 1 ORDER BY `id` DESC LIMIT 1 [ RunTime:0.000286s ]
[2024-02-29T18:26:48+08:00][sql] INSERT INTO `admin_admin_log` SET `uid` = 1 , `url` = '/admin.php/ypay.proxy/index' , `desc` = '[]' , `ip` = '10.50.50.2' , `user_agent` = 'Mozilla/5.0 (Windows NT 10.0; Win64; x64) AppleWebKit/537.36 (KHTML, like Gecko) Chrome/121.0.0.0 Safari/537.36' , `create_time` = '2024-02-29 18:26:48.646995' [ RunTime:0.000238s ]
[2024-02-29T18:26:48+08:00][sql] CONNECT:[ UseTime:0.000490s ] mysql:host=127.0.0.1;port=3306;dbname=ypay;charset=utf8
[2024-02-29T18:26:48+08:00][sql] SHOW FULL COLUMNS FROM `admin_admin` [ RunTime:0.000539s ]
[2024-02-29T18:26:48+08:00][sql] SELECT * FROM `admin_admin` WHERE (  `token` = 'uQWK26d8oo6j87gV1bXXs5LC7pVE21Cz11709004666.773'  AND `status` = 1 ) AND `admin_admin`.`delete_time` IS NULL LIMIT 1 [ RunTime:0.000463s ]
[2024-02-29T18:26:48+08:00][sql] SELECT * FROM `admin_admin` WHERE (  `id` = 1 ) AND `admin_admin`.`delete_time` IS NULL LIMIT 1 [ RunTime:0.000424s ]
[2024-02-29T18:26:48+08:00][sql] SHOW FULL COLUMNS FROM `admin_role` [ RunTime:0.000512s ]
[2024-02-29T18:26:48+08:00][sql] SHOW FULL COLUMNS FROM `admin_admin_role` [ RunTime:0.000487s ]
[2024-02-29T18:26:48+08:00][sql] SELECT `admin_role`.*,`pivot`.`id` AS `pivot__id`,`pivot`.`admin_id` AS `pivot__admin_id`,`pivot`.`role_id` AS `pivot__role_id` FROM `admin_role` INNER JOIN `admin_admin_role` `pivot` ON `pivot`.`role_id`=`admin_role`.`id` WHERE (  `pivot`.`admin_id` = '1' ) AND `admin_role`.`delete_time` IS NULL [ RunTime:0.000287s ]
[2024-02-29T18:26:48+08:00][sql] SHOW FULL COLUMNS FROM `admin_permission` [ RunTime:0.000449s ]
[2024-02-29T18:26:48+08:00][sql] SHOW FULL COLUMNS FROM `admin_admin_permission` [ RunTime:0.000431s ]
[2024-02-29T18:26:48+08:00][sql] SELECT `admin_permission`.*,`pivot`.`id` AS `pivot__id`,`pivot`.`admin_id` AS `pivot__admin_id`,`pivot`.`permission_id` AS `pivot__permission_id` FROM `admin_permission` INNER JOIN `admin_admin_permission` `pivot` ON `pivot`.`permission_id`=`admin_permission`.`id` WHERE  `pivot`.`admin_id` = '1' [ RunTime:0.000292s ]
[2024-02-29T18:26:48+08:00][sql] SELECT * FROM `admin_permission` ORDER BY `sort` ASC [ RunTime:0.000565s ]
[2024-02-29T18:26:48+08:00][sql] SHOW FULL COLUMNS FROM `admin_admin_log` [ RunTime:0.000497s ]
[2024-02-29T18:26:48+08:00][sql] SHOW FULL COLUMNS FROM `ypay_proxy` [ RunTime:0.000440s ]
[2024-02-29T18:26:48+08:00][sql] SELECT COUNT(*) AS think_count FROM `ypay_proxy` LIMIT 1 [ RunTime:0.000193s ]
[2024-02-29T18:26:51+08:00][sql] CONNECT:[ UseTime:0.000424s ] mysql:host=127.0.0.1;port=3306;dbname=ypay;charset=utf8
[2024-02-29T18:26:51+08:00][sql] SHOW FULL COLUMNS FROM `admin_admin` [ RunTime:0.000548s ]
[2024-02-29T18:26:51+08:00][sql] SELECT * FROM `admin_admin` WHERE (  `token` = 'uQWK26d8oo6j87gV1bXXs5LC7pVE21Cz11709004666.773'  AND `status` = 1 ) AND `admin_admin`.`delete_time` IS NULL LIMIT 1 [ RunTime:0.000270s ]
[2024-02-29T18:26:51+08:00][sql] SELECT * FROM `admin_admin` WHERE (  `id` = 1 ) AND `admin_admin`.`delete_time` IS NULL LIMIT 1 [ RunTime:0.000538s ]
[2024-02-29T18:26:51+08:00][sql] SHOW FULL COLUMNS FROM `admin_role` [ RunTime:0.000517s ]
[2024-02-29T18:26:51+08:00][sql] SHOW FULL COLUMNS FROM `admin_admin_role` [ RunTime:0.000532s ]
[2024-02-29T18:26:51+08:00][sql] SELECT `admin_role`.*,`pivot`.`id` AS `pivot__id`,`pivot`.`admin_id` AS `pivot__admin_id`,`pivot`.`role_id` AS `pivot__role_id` FROM `admin_role` INNER JOIN `admin_admin_role` `pivot` ON `pivot`.`role_id`=`admin_role`.`id` WHERE (  `pivot`.`admin_id` = '1' ) AND `admin_role`.`delete_time` IS NULL [ RunTime:0.000270s ]
[2024-02-29T18:26:51+08:00][sql] SHOW FULL COLUMNS FROM `admin_permission` [ RunTime:0.000447s ]
[2024-02-29T18:26:51+08:00][sql] SHOW FULL COLUMNS FROM `admin_admin_permission` [ RunTime:0.000391s ]
[2024-02-29T18:26:51+08:00][sql] SELECT `admin_permission`.*,`pivot`.`id` AS `pivot__id`,`pivot`.`admin_id` AS `pivot__admin_id`,`pivot`.`permission_id` AS `pivot__permission_id` FROM `admin_permission` INNER JOIN `admin_admin_permission` `pivot` ON `pivot`.`permission_id`=`admin_permission`.`id` WHERE  `pivot`.`admin_id` = '1' [ RunTime:0.000273s ]
[2024-02-29T18:26:51+08:00][sql] SELECT * FROM `admin_permission` ORDER BY `sort` ASC [ RunTime:0.000366s ]
[2024-02-29T18:26:51+08:00][sql] SHOW FULL COLUMNS FROM `admin_admin_log` [ RunTime:0.000646s ]
[2024-02-29T18:26:51+08:00][sql] SELECT * FROM `admin_admin_log` WHERE  `uid` = 1 ORDER BY `id` DESC LIMIT 1 [ RunTime:0.000267s ]
[2024-02-29T18:26:51+08:00][sql] INSERT INTO `admin_admin_log` SET `uid` = 1 , `url` = '/admin.php/ypay.vip/index' , `desc` = '[]' , `ip` = '10.50.50.2' , `user_agent` = 'Mozilla/5.0 (Windows NT 10.0; Win64; x64) AppleWebKit/537.36 (KHTML, like Gecko) Chrome/121.0.0.0 Safari/537.36' , `create_time` = '2024-02-29 18:26:51.567486' [ RunTime:0.000259s ]
[2024-02-29T18:26:51+08:00][sql] CONNECT:[ UseTime:0.000365s ] mysql:host=127.0.0.1;port=3306;dbname=ypay;charset=utf8
[2024-02-29T18:26:51+08:00][sql] SHOW FULL COLUMNS FROM `admin_admin` [ RunTime:0.000512s ]
[2024-02-29T18:26:51+08:00][sql] SELECT * FROM `admin_admin` WHERE (  `token` = 'uQWK26d8oo6j87gV1bXXs5LC7pVE21Cz11709004666.773'  AND `status` = 1 ) AND `admin_admin`.`delete_time` IS NULL LIMIT 1 [ RunTime:0.000271s ]
[2024-02-29T18:26:51+08:00][sql] SELECT * FROM `admin_admin` WHERE (  `id` = 1 ) AND `admin_admin`.`delete_time` IS NULL LIMIT 1 [ RunTime:0.000343s ]
[2024-02-29T18:26:51+08:00][sql] SHOW FULL COLUMNS FROM `admin_role` [ RunTime:0.000552s ]
[2024-02-29T18:26:51+08:00][sql] SHOW FULL COLUMNS FROM `admin_admin_role` [ RunTime:0.000369s ]
[2024-02-29T18:26:51+08:00][sql] SELECT `admin_role`.*,`pivot`.`id` AS `pivot__id`,`pivot`.`admin_id` AS `pivot__admin_id`,`pivot`.`role_id` AS `pivot__role_id` FROM `admin_role` INNER JOIN `admin_admin_role` `pivot` ON `pivot`.`role_id`=`admin_role`.`id` WHERE (  `pivot`.`admin_id` = '1' ) AND `admin_role`.`delete_time` IS NULL [ RunTime:0.000316s ]
[2024-02-29T18:26:51+08:00][sql] SHOW FULL COLUMNS FROM `admin_permission` [ RunTime:0.000535s ]
[2024-02-29T18:26:51+08:00][sql] SHOW FULL COLUMNS FROM `admin_admin_permission` [ RunTime:0.000360s ]
[2024-02-29T18:26:51+08:00][sql] SELECT `admin_permission`.*,`pivot`.`id` AS `pivot__id`,`pivot`.`admin_id` AS `pivot__admin_id`,`pivot`.`permission_id` AS `pivot__permission_id` FROM `admin_permission` INNER JOIN `admin_admin_permission` `pivot` ON `pivot`.`permission_id`=`admin_permission`.`id` WHERE  `pivot`.`admin_id` = '1' [ RunTime:0.000338s ]
[2024-02-29T18:26:51+08:00][sql] SELECT * FROM `admin_permission` ORDER BY `sort` ASC [ RunTime:0.000328s ]
[2024-02-29T18:26:51+08:00][sql] SHOW FULL COLUMNS FROM `admin_admin_log` [ RunTime:0.000482s ]
[2024-02-29T18:26:51+08:00][sql] SHOW FULL COLUMNS FROM `ypay_vip` [ RunTime:0.000524s ]
[2024-02-29T18:26:51+08:00][sql] SELECT COUNT(*) AS think_count FROM `ypay_vip` LIMIT 1 [ RunTime:0.000294s ]
[2024-02-29T18:27:07+08:00][sql] CONNECT:[ UseTime:0.000436s ] mysql:host=127.0.0.1;port=3306;dbname=ypay;charset=utf8
[2024-02-29T18:27:07+08:00][sql] SHOW FULL COLUMNS FROM `admin_admin` [ RunTime:0.000527s ]
[2024-02-29T18:27:07+08:00][sql] SELECT * FROM `admin_admin` WHERE (  `token` = 'uQWK26d8oo6j87gV1bXXs5LC7pVE21Cz11709004666.773'  AND `status` = 1 ) AND `admin_admin`.`delete_time` IS NULL LIMIT 1 [ RunTime:0.000268s ]
[2024-02-29T18:27:07+08:00][sql] SELECT * FROM `admin_admin` WHERE (  `id` = 1 ) AND `admin_admin`.`delete_time` IS NULL LIMIT 1 [ RunTime:0.000318s ]
[2024-02-29T18:27:07+08:00][sql] SHOW FULL COLUMNS FROM `admin_role` [ RunTime:0.000550s ]
[2024-02-29T18:27:07+08:00][sql] SHOW FULL COLUMNS FROM `admin_admin_role` [ RunTime:0.000695s ]
[2024-02-29T18:27:07+08:00][sql] SELECT `admin_role`.*,`pivot`.`id` AS `pivot__id`,`pivot`.`admin_id` AS `pivot__admin_id`,`pivot`.`role_id` AS `pivot__role_id` FROM `admin_role` INNER JOIN `admin_admin_role` `pivot` ON `pivot`.`role_id`=`admin_role`.`id` WHERE (  `pivot`.`admin_id` = '1' ) AND `admin_role`.`delete_time` IS NULL [ RunTime:0.000400s ]
[2024-02-29T18:27:07+08:00][sql] SHOW FULL COLUMNS FROM `admin_permission` [ RunTime:0.000505s ]
[2024-02-29T18:27:07+08:00][sql] SHOW FULL COLUMNS FROM `admin_admin_permission` [ RunTime:0.000316s ]
[2024-02-29T18:27:07+08:00][sql] SELECT `admin_permission`.*,`pivot`.`id` AS `pivot__id`,`pivot`.`admin_id` AS `pivot__admin_id`,`pivot`.`permission_id` AS `pivot__permission_id` FROM `admin_permission` INNER JOIN `admin_admin_permission` `pivot` ON `pivot`.`permission_id`=`admin_permission`.`id` WHERE  `pivot`.`admin_id` = '1' [ RunTime:0.000291s ]
[2024-02-29T18:27:07+08:00][sql] SELECT * FROM `admin_permission` ORDER BY `sort` ASC [ RunTime:0.000368s ]
[2024-02-29T18:27:07+08:00][sql] SHOW FULL COLUMNS FROM `admin_admin_log` [ RunTime:0.000756s ]
[2024-02-29T18:27:07+08:00][sql] SELECT * FROM `admin_admin_log` WHERE  `uid` = 1 ORDER BY `id` DESC LIMIT 1 [ RunTime:0.000365s ]
[2024-02-29T18:27:07+08:00][sql] INSERT INTO `admin_admin_log` SET `uid` = 1 , `url` = '/admin.php/money.log/index' , `desc` = '[]' , `ip` = '10.50.50.2' , `user_agent` = 'Mozilla/5.0 (Windows NT 10.0; Win64; x64) AppleWebKit/537.36 (KHTML, like Gecko) Chrome/121.0.0.0 Safari/537.36' , `create_time` = '2024-02-29 18:27:07.927137' [ RunTime:0.000273s ]
[2024-02-29T18:27:08+08:00][sql] CONNECT:[ UseTime:0.000360s ] mysql:host=127.0.0.1;port=3306;dbname=ypay;charset=utf8
[2024-02-29T18:27:08+08:00][sql] SHOW FULL COLUMNS FROM `admin_admin` [ RunTime:0.000601s ]
[2024-02-29T18:27:08+08:00][sql] SELECT * FROM `admin_admin` WHERE (  `token` = 'uQWK26d8oo6j87gV1bXXs5LC7pVE21Cz11709004666.773'  AND `status` = 1 ) AND `admin_admin`.`delete_time` IS NULL LIMIT 1 [ RunTime:0.000346s ]
[2024-02-29T18:27:08+08:00][sql] SELECT * FROM `admin_admin` WHERE (  `id` = 1 ) AND `admin_admin`.`delete_time` IS NULL LIMIT 1 [ RunTime:0.000273s ]
[2024-02-29T18:27:08+08:00][sql] SHOW FULL COLUMNS FROM `admin_role` [ RunTime:0.000533s ]
[2024-02-29T18:27:08+08:00][sql] SHOW FULL COLUMNS FROM `admin_admin_role` [ RunTime:0.000432s ]
[2024-02-29T18:27:08+08:00][sql] SELECT `admin_role`.*,`pivot`.`id` AS `pivot__id`,`pivot`.`admin_id` AS `pivot__admin_id`,`pivot`.`role_id` AS `pivot__role_id` FROM `admin_role` INNER JOIN `admin_admin_role` `pivot` ON `pivot`.`role_id`=`admin_role`.`id` WHERE (  `pivot`.`admin_id` = '1' ) AND `admin_role`.`delete_time` IS NULL [ RunTime:0.000259s ]
[2024-02-29T18:27:08+08:00][sql] SHOW FULL COLUMNS FROM `admin_permission` [ RunTime:0.000545s ]
[2024-02-29T18:27:08+08:00][sql] SHOW FULL COLUMNS FROM `admin_admin_permission` [ RunTime:0.000324s ]
[2024-02-29T18:27:08+08:00][sql] SELECT `admin_permission`.*,`pivot`.`id` AS `pivot__id`,`pivot`.`admin_id` AS `pivot__admin_id`,`pivot`.`permission_id` AS `pivot__permission_id` FROM `admin_permission` INNER JOIN `admin_admin_permission` `pivot` ON `pivot`.`permission_id`=`admin_permission`.`id` WHERE  `pivot`.`admin_id` = '1' [ RunTime:0.000402s ]
[2024-02-29T18:27:08+08:00][sql] SELECT * FROM `admin_permission` ORDER BY `sort` ASC [ RunTime:0.000328s ]
[2024-02-29T18:27:08+08:00][sql] SHOW FULL COLUMNS FROM `admin_admin_log` [ RunTime:0.000642s ]
[2024-02-29T18:27:08+08:00][sql] SHOW FULL COLUMNS FROM `money_log` [ RunTime:0.000689s ]
[2024-02-29T18:27:08+08:00][sql] SELECT COUNT(*) AS think_count FROM `money_log` LIMIT 1 [ RunTime:0.000249s ]
