[2024-02-28T10:13:52+08:00][sql] CONNECT:[ UseTime:0.000366s ] mysql:host=127.0.0.1;port=3306;dbname=ypay;charset=utf8
[2024-02-28T10:13:52+08:00][sql] SHOW FULL COLUMNS FROM `admin_config` [ RunTime:0.000440s ]
[2024-02-28T10:13:52+08:00][sql] SELECT * FROM `admin_config` [ RunTime:0.000336s ]
[2024-02-28T10:13:52+08:00][sql] SELECT * FROM `admin_config` [ RunTime:0.000311s ]
[2024-02-28T10:13:52+08:00][sql] SHOW FULL COLUMNS FROM `ypay_navs` [ RunTime:0.000427s ]
[2024-02-28T10:13:52+08:00][sql] SELECT * FROM `ypay_navs` WHERE  `status` = 1 ORDER BY `sort` ASC [ RunTime:0.000239s ]
[2024-02-28T10:13:52+08:00][sql] SHOW FULL COLUMNS FROM `ypay_news` [ RunTime:0.000455s ]
[2024-02-28T10:13:52+08:00][sql] SELECT COUNT(*) AS think_count FROM `ypay_news` WHERE  `type` = 1  AND `status` = 1 LIMIT 1 [ RunTime:0.000211s ]
[2024-02-28T10:13:52+08:00][sql] SELECT COUNT(*) AS think_count FROM `ypay_news` WHERE  `type` = 2  AND `status` = 1 LIMIT 1 [ RunTime:0.000268s ]
[2024-02-28T10:13:52+08:00][sql] SELECT COUNT(*) AS think_count FROM `ypay_news` WHERE  `type` = 3  AND `status` = 1 LIMIT 1 [ RunTime:0.000262s ]
[2024-02-28T10:13:52+08:00][sql] SELECT VERSION() as mysql_version [ RunTime:0.000225s ]
[2024-02-28T10:13:52+08:00][sql] SELECT * FROM `admin_config` [ RunTime:0.000451s ]
[2024-02-28T10:13:52+08:00][sql] SELECT * FROM `admin_config` [ RunTime:0.000272s ]
[2024-02-28T10:13:52+08:00][sql] SELECT * FROM `admin_config` [ RunTime:0.000251s ]
[2024-02-28T10:13:52+08:00][sql] SELECT * FROM `admin_config` [ RunTime:0.000246s ]
[2024-02-28T10:13:52+08:00][sql] SELECT * FROM `admin_config` [ RunTime:0.000281s ]
[2024-02-28T10:13:52+08:00][sql] SELECT * FROM `admin_config` [ RunTime:0.000302s ]
[2024-02-28T10:13:52+08:00][sql] SELECT * FROM `admin_config` [ RunTime:0.000346s ]
[2024-02-28T10:13:52+08:00][sql] SELECT * FROM `admin_config` [ RunTime:0.000332s ]
[2024-02-28T10:13:52+08:00][sql] SELECT * FROM `admin_config` [ RunTime:0.000323s ]
[2024-02-28T10:13:52+08:00][sql] SELECT * FROM `admin_config` [ RunTime:0.000421s ]
[2024-02-28T10:13:52+08:00][sql] SELECT * FROM `admin_config` [ RunTime:0.000341s ]
[2024-02-28T10:13:52+08:00][sql] SELECT * FROM `admin_config` [ RunTime:0.000405s ]
[2024-02-28T10:13:55+08:00][sql] CONNECT:[ UseTime:0.000289s ] mysql:host=127.0.0.1;port=3306;dbname=ypay;charset=utf8
[2024-02-28T10:13:55+08:00][sql] SHOW FULL COLUMNS FROM `admin_config` [ RunTime:0.000546s ]
[2024-02-28T10:13:55+08:00][sql] SELECT * FROM `admin_config` [ RunTime:0.000323s ]
[2024-02-28T10:13:59+08:00][sql] CONNECT:[ UseTime:0.000291s ] mysql:host=127.0.0.1;port=3306;dbname=ypay;charset=utf8
[2024-02-28T10:13:59+08:00][sql] SHOW FULL COLUMNS FROM `admin_config` [ RunTime:0.000495s ]
[2024-02-28T10:13:59+08:00][sql] SELECT * FROM `admin_config` [ RunTime:0.000413s ]
[2024-02-28T10:13:59+08:00][sql] SELECT * FROM `admin_config` [ RunTime:0.000336s ]
[2024-02-28T10:13:59+08:00][sql] SHOW FULL COLUMNS FROM `ypay_user` [ RunTime:0.000581s ]
[2024-02-28T10:13:59+08:00][sql] SELECT * FROM `ypay_user` WHERE  `username` = 'test123'  AND `password` = '31919d93b2177b5b8a971cc90d' LIMIT 1 [ RunTime:0.000502s ]
[2024-02-28T10:14:02+08:00][sql] CONNECT:[ UseTime:0.000325s ] mysql:host=127.0.0.1;port=3306;dbname=ypay;charset=utf8
[2024-02-28T10:14:02+08:00][sql] SHOW FULL COLUMNS FROM `admin_config` [ RunTime:0.000469s ]
[2024-02-28T10:14:02+08:00][sql] SELECT * FROM `admin_config` [ RunTime:0.000310s ]
[2024-02-28T10:14:02+08:00][sql] SELECT * FROM `admin_config` [ RunTime:0.000323s ]
[2024-02-28T10:14:02+08:00][sql] SHOW FULL COLUMNS FROM `ypay_user` [ RunTime:0.000681s ]
[2024-02-28T10:14:02+08:00][sql] SELECT * FROM `ypay_user` WHERE  `username` = 'test123'  AND `password` = '6ebe43dab8b6ce6d033a5da6e6' LIMIT 1 [ RunTime:0.000357s ]
[2024-02-28T10:14:02+08:00][sql] UPDATE `ypay_user`  SET `token` = 'BKBP5LKhmhuhU8g6rjnHOKzli0HAugn210001709086441.9848'  WHERE  `id` = 1000 [ RunTime:0.000275s ]
[2024-02-28T10:14:02+08:00][sql] SHOW FULL COLUMNS FROM `admin_front_log` [ RunTime:0.000613s ]
[2024-02-28T10:14:02+08:00][sql] INSERT INTO `admin_front_log` SET `uid` = 1000 , `url` = '/User/Login' , `desc` = '商户登录成功' , `ip` = '10.50.50.2' , `user_agent` = 'Mozilla/5.0 (Windows NT 10.0; Win64; x64) AppleWebKit/537.36 (KHTML, like Gecko) Chrome/121.0.0.0 Safari/537.36' , `create_time` = '2024-02-28 10:14:02.003949' [ RunTime:0.000227s ]
[2024-02-28T10:14:03+08:00][sql] CONNECT:[ UseTime:0.000315s ] mysql:host=127.0.0.1;port=3306;dbname=ypay;charset=utf8
[2024-02-28T10:14:03+08:00][sql] SHOW FULL COLUMNS FROM `ypay_user` [ RunTime:0.000609s ]
[2024-02-28T10:14:03+08:00][sql] SELECT * FROM `ypay_user` WHERE  `token` = 'BKBP5LKhmhuhU8g6rjnHOKzli0HAugn210001709086441.9848'  AND `is_frozen` = 0 LIMIT 1 [ RunTime:0.000406s ]
[2024-02-28T10:14:03+08:00][sql] SELECT VERSION() as mysql_version [ RunTime:0.000262s ]
[2024-02-28T10:14:03+08:00][sql] SHOW FULL COLUMNS FROM `admin_config` [ RunTime:0.000534s ]
[2024-02-28T10:14:03+08:00][sql] SELECT * FROM `admin_config` [ RunTime:0.000304s ]
[2024-02-28T10:14:03+08:00][sql] SELECT * FROM `admin_config` [ RunTime:0.000375s ]
[2024-02-28T10:14:03+08:00][sql] SELECT * FROM `admin_config` [ RunTime:0.000278s ]
[2024-02-28T10:14:04+08:00][sql] CONNECT:[ UseTime:0.000316s ] mysql:host=127.0.0.1;port=3306;dbname=ypay;charset=utf8
[2024-02-28T10:14:04+08:00][sql] SHOW FULL COLUMNS FROM `ypay_user` [ RunTime:0.000633s ]
[2024-02-28T10:14:04+08:00][sql] SELECT * FROM `ypay_user` WHERE  `token` = 'BKBP5LKhmhuhU8g6rjnHOKzli0HAugn210001709086441.9848'  AND `is_frozen` = 0 LIMIT 1 [ RunTime:0.000383s ]
[2024-02-28T10:14:04+08:00][sql] SHOW FULL COLUMNS FROM `ypay_plug` [ RunTime:0.000710s ]
[2024-02-28T10:14:04+08:00][sql] SELECT * FROM `ypay_plug` WHERE  `status` = 1 [ RunTime:0.000337s ]
[2024-02-28T10:14:04+08:00][sql] SHOW FULL COLUMNS FROM `admin_config` [ RunTime:0.000531s ]
[2024-02-28T10:14:04+08:00][sql] SELECT * FROM `admin_config` [ RunTime:0.000321s ]
[2024-02-28T10:14:04+08:00][sql] SELECT * FROM `ypay_user` WHERE  `token` = 'BKBP5LKhmhuhU8g6rjnHOKzli0HAugn210001709086441.9848'  AND `is_frozen` = 0 LIMIT 1 [ RunTime:0.000429s ]
[2024-02-28T10:14:04+08:00][sql] SHOW FULL COLUMNS FROM `ypay_order` [ RunTime:0.000490s ]
[2024-02-28T10:14:04+08:00][sql] SELECT * FROM `ypay_user` WHERE  `token` = 'BKBP5LKhmhuhU8g6rjnHOKzli0HAugn210001709086441.9848'  AND `is_frozen` = 0 LIMIT 1 [ RunTime:0.000359s ]
[2024-02-28T10:14:04+08:00][sql] SELECT COUNT(*) AS think_count FROM `ypay_order` WHERE  `status` = 1  AND `user_id` = 1000 LIMIT 1 [ RunTime:0.000251s ]
[2024-02-28T10:14:04+08:00][sql] SELECT * FROM `ypay_user` WHERE  `token` = 'BKBP5LKhmhuhU8g6rjnHOKzli0HAugn210001709086441.9848'  AND `is_frozen` = 0 LIMIT 1 [ RunTime:0.000264s ]
[2024-02-28T10:14:04+08:00][sql] SELECT COUNT(*) AS think_count FROM `ypay_order` WHERE  `status` = 1  AND `user_id` = 1000  AND `create_time` BETWEEN '2024-02-28 00:00:00' AND '2024-02-28 23:59:59' LIMIT 1 [ RunTime:0.000207s ]
[2024-02-28T10:14:04+08:00][sql] SELECT * FROM `ypay_user` WHERE  `token` = 'BKBP5LKhmhuhU8g6rjnHOKzli0HAugn210001709086441.9848'  AND `is_frozen` = 0 LIMIT 1 [ RunTime:0.000288s ]
[2024-02-28T10:14:04+08:00][sql] SELECT SUM(`truemoney`) AS think_sum FROM `ypay_order` WHERE  `user_id` = 1000  AND `status` = 1 LIMIT 1 [ RunTime:0.000204s ]
[2024-02-28T10:14:04+08:00][sql] SELECT * FROM `ypay_user` WHERE  `token` = 'BKBP5LKhmhuhU8g6rjnHOKzli0HAugn210001709086441.9848'  AND `is_frozen` = 0 LIMIT 1 [ RunTime:0.000330s ]
[2024-02-28T10:14:04+08:00][sql] SELECT SUM(`truemoney`) AS think_sum FROM `ypay_order` WHERE  `user_id` = 1000  AND `status` = 1  AND `create_time` BETWEEN '2024-02-28 00:00:00' AND '2024-02-28 23:59:59' LIMIT 1 [ RunTime:0.000221s ]
[2024-02-28T10:14:04+08:00][sql] SHOW FULL COLUMNS FROM `ypay_account` [ RunTime:0.000556s ]
[2024-02-28T10:14:04+08:00][sql] SELECT * FROM `ypay_user` WHERE  `token` = 'BKBP5LKhmhuhU8g6rjnHOKzli0HAugn210001709086441.9848'  AND `is_frozen` = 0 LIMIT 1 [ RunTime:0.000324s ]
[2024-02-28T10:14:04+08:00][sql] SELECT COUNT(*) AS think_count FROM `ypay_account` WHERE  `type` = 'wxpay'  AND `user_id` = 1000 LIMIT 1 [ RunTime:0.000237s ]
[2024-02-28T10:14:04+08:00][sql] SELECT * FROM `ypay_user` WHERE  `token` = 'BKBP5LKhmhuhU8g6rjnHOKzli0HAugn210001709086441.9848'  AND `is_frozen` = 0 LIMIT 1 [ RunTime:0.000415s ]
[2024-02-28T10:14:04+08:00][sql] SELECT COUNT(*) AS think_count FROM `ypay_account` WHERE  `type` = 'alipay'  AND `user_id` = 1000 LIMIT 1 [ RunTime:0.000358s ]
[2024-02-28T10:14:04+08:00][sql] SELECT * FROM `ypay_user` WHERE  `token` = 'BKBP5LKhmhuhU8g6rjnHOKzli0HAugn210001709086441.9848'  AND `is_frozen` = 0 LIMIT 1 [ RunTime:0.000535s ]
[2024-02-28T10:14:04+08:00][sql] SELECT COUNT(*) AS think_count FROM `ypay_account` WHERE  `type` = 'qqpay'  AND `user_id` = 1000 LIMIT 1 [ RunTime:0.000298s ]
[2024-02-28T10:14:04+08:00][sql] SELECT * FROM `ypay_user` WHERE  `token` = 'BKBP5LKhmhuhU8g6rjnHOKzli0HAugn210001709086441.9848'  AND `is_frozen` = 0 LIMIT 1 [ RunTime:0.000360s ]
[2024-02-28T10:14:04+08:00][sql] SELECT COUNT(*) AS think_count FROM `ypay_account` WHERE  `user_id` = 1000 LIMIT 1 [ RunTime:0.000195s ]
[2024-02-28T10:14:04+08:00][sql] SELECT * FROM `ypay_user` WHERE  `token` = 'BKBP5LKhmhuhU8g6rjnHOKzli0HAugn210001709086441.9848'  AND `is_frozen` = 0 LIMIT 1 [ RunTime:0.000332s ]
[2024-02-28T10:14:04+08:00][sql] SELECT COUNT(*) AS think_count FROM `ypay_account` WHERE  `user_id` = 1000  AND `status` = 0 LIMIT 1 [ RunTime:0.000185s ]
[2024-02-28T10:14:04+08:00][sql] SELECT * FROM `ypay_user` WHERE  `token` = 'BKBP5LKhmhuhU8g6rjnHOKzli0HAugn210001709086441.9848'  AND `is_frozen` = 0 LIMIT 1 [ RunTime:0.000323s ]
[2024-02-28T10:14:04+08:00][sql] SELECT SUM(`truemoney`) AS think_sum FROM `ypay_order` WHERE  `user_id` = 1000  AND `status` = 1  AND `create_time` BETWEEN '2024-02-27 00:00:00' AND '2024-02-27 23:59:59' LIMIT 1 [ RunTime:0.000207s ]
[2024-02-28T10:14:04+08:00][sql] SELECT * FROM `ypay_user` WHERE  `token` = 'BKBP5LKhmhuhU8g6rjnHOKzli0HAugn210001709086441.9848'  AND `is_frozen` = 0 LIMIT 1 [ RunTime:0.000338s ]
[2024-02-28T10:14:04+08:00][sql] SELECT COUNT(*) AS think_count FROM `ypay_order` WHERE  `user_id` = 1000  AND `status` = 1  AND `create_time` BETWEEN '2024-02-27 00:00:00' AND '2024-02-27 23:59:59' LIMIT 1 [ RunTime:0.000199s ]
[2024-02-28T10:14:04+08:00][sql] SELECT * FROM `ypay_user` WHERE  `token` = 'BKBP5LKhmhuhU8g6rjnHOKzli0HAugn210001709086441.9848'  AND `is_frozen` = 0 LIMIT 1 [ RunTime:0.000327s ]
[2024-02-28T10:14:04+08:00][sql] SELECT SUM(`truemoney`) AS think_sum FROM `ypay_order` WHERE  `user_id` = 1000  AND `status` = 1  AND `create_time` BETWEEN '2024-02-01 00:00:00' AND '2024-02-29 23:59:59' LIMIT 1 [ RunTime:0.000200s ]
[2024-02-28T10:14:04+08:00][sql] SELECT * FROM `admin_config` [ RunTime:0.000433s ]
[2024-02-28T10:14:16+08:00][sql] CONNECT:[ UseTime:0.000420s ] mysql:host=127.0.0.1;port=3306;dbname=ypay;charset=utf8
[2024-02-28T10:14:16+08:00][sql] SHOW FULL COLUMNS FROM `ypay_user` [ RunTime:0.000699s ]
[2024-02-28T10:14:16+08:00][sql] SELECT * FROM `ypay_user` WHERE  `token` = 'BKBP5LKhmhuhU8g6rjnHOKzli0HAugn210001709086441.9848'  AND `is_frozen` = 0 LIMIT 1 [ RunTime:0.000422s ]
[2024-02-28T10:14:16+08:00][sql] SELECT * FROM `ypay_user` WHERE  `token` = 'BKBP5LKhmhuhU8g6rjnHOKzli0HAugn210001709086441.9848'  AND `is_frozen` = 0 LIMIT 1 [ RunTime:0.000378s ]
[2024-02-28T10:14:16+08:00][sql] SHOW FULL COLUMNS FROM `admin_config` [ RunTime:0.000445s ]
[2024-02-28T10:14:16+08:00][sql] SELECT * FROM `admin_config` [ RunTime:0.000284s ]
[2024-02-28T10:14:16+08:00][sql] SHOW FULL COLUMNS FROM `admin_channel` [ RunTime:0.000537s ]
[2024-02-28T10:14:16+08:00][sql] SELECT * FROM `admin_channel` WHERE  `status` = 1  AND `type` = 'wxpay' ORDER BY `sort` DESC [ RunTime:0.000518s ]
[2024-02-28T10:14:16+08:00][sql] SELECT * FROM `admin_config` [ RunTime:0.000640s ]
[2024-02-28T10:14:16+08:00][sql] SELECT * FROM `admin_config` [ RunTime:0.000394s ]
[2024-02-28T10:14:16+08:00][sql] SELECT * FROM `admin_config` [ RunTime:0.000271s ]
[2024-02-28T10:14:16+08:00][sql] SELECT * FROM `ypay_user` WHERE  `token` = 'BKBP5LKhmhuhU8g6rjnHOKzli0HAugn210001709086441.9848'  AND `is_frozen` = 0 LIMIT 1 [ RunTime:0.000361s ]
[2024-02-28T10:14:16+08:00][sql] SELECT * FROM `admin_config` [ RunTime:0.000423s ]
[2024-02-28T10:14:16+08:00][sql] SELECT * FROM `admin_config` [ RunTime:0.000262s ]
[2024-02-28T10:14:17+08:00][sql] CONNECT:[ UseTime:0.000336s ] mysql:host=127.0.0.1;port=3306;dbname=ypay;charset=utf8
[2024-02-28T10:14:17+08:00][sql] SHOW FULL COLUMNS FROM `ypay_user` [ RunTime:0.000754s ]
[2024-02-28T10:14:17+08:00][sql] SELECT * FROM `ypay_user` WHERE  `token` = 'BKBP5LKhmhuhU8g6rjnHOKzli0HAugn210001709086441.9848'  AND `is_frozen` = 0 LIMIT 1 [ RunTime:0.000340s ]
[2024-02-28T10:14:17+08:00][sql] SELECT * FROM `ypay_user` WHERE  `token` = 'BKBP5LKhmhuhU8g6rjnHOKzli0HAugn210001709086441.9848'  AND `is_frozen` = 0 LIMIT 1 [ RunTime:0.000346s ]
[2024-02-28T10:14:17+08:00][sql] SHOW FULL COLUMNS FROM `admin_config` [ RunTime:0.000457s ]
[2024-02-28T10:14:17+08:00][sql] SELECT * FROM `admin_config` [ RunTime:0.000271s ]
[2024-02-28T10:14:17+08:00][sql] SELECT * FROM `ypay_user` WHERE  `token` = 'BKBP5LKhmhuhU8g6rjnHOKzli0HAugn210001709086441.9848'  AND `is_frozen` = 0 LIMIT 1 [ RunTime:0.000459s ]
[2024-02-28T10:14:17+08:00][sql] SHOW FULL COLUMNS FROM `ypay_account` [ RunTime:0.000499s ]
[2024-02-28T10:14:17+08:00][sql] SELECT COUNT(*) AS think_count FROM `ypay_account` WHERE  `status` LIKE '%%'  AND `user_id` = 1000 LIMIT 1 [ RunTime:0.000236s ]
[2024-02-28T10:15:34+08:00][sql] CONNECT:[ UseTime:0.000350s ] mysql:host=127.0.0.1;port=3306;dbname=ypay;charset=utf8
[2024-02-28T10:15:34+08:00][sql] SHOW FULL COLUMNS FROM `ypay_user` [ RunTime:0.000642s ]
[2024-02-28T10:15:34+08:00][sql] SELECT * FROM `ypay_user` WHERE  `token` = 'BKBP5LKhmhuhU8g6rjnHOKzli0HAugn210001709086441.9848'  AND `is_frozen` = 0 LIMIT 1 [ RunTime:0.000401s ]
[2024-02-28T10:15:34+08:00][sql] SELECT * FROM `ypay_user` WHERE  `token` = 'BKBP5LKhmhuhU8g6rjnHOKzli0HAugn210001709086441.9848'  AND `is_frozen` = 0 LIMIT 1 [ RunTime:0.000592s ]
[2024-02-28T10:15:34+08:00][sql] SHOW FULL COLUMNS FROM `admin_photo` [ RunTime:0.000582s ]
[2024-02-28T10:15:34+08:00][sql] INSERT INTO `admin_photo` SET `name` = 'httptestpay.com.png' , `href` = '/upload/qrcode/20240228/d4fe7ca7e2d6373fc0c73d96c3f9ce5f.png' , `path` = 'qrcode' , `type` = 1 , `ext` = 'png' , `mime` = 'image/png' , `size` = '2113' , `create_time` = '2024-02-28 10:15:34.719184' [ RunTime:0.000271s ]
[2024-02-28T10:51:03+08:00][sql] CONNECT:[ UseTime:0.000341s ] mysql:host=127.0.0.1;port=3306;dbname=ypay;charset=utf8
[2024-02-28T10:51:03+08:00][sql] SHOW FULL COLUMNS FROM `ypay_user` [ RunTime:0.000839s ]
[2024-02-28T10:51:03+08:00][sql] SELECT * FROM `ypay_user` WHERE  `token` = 'BKBP5LKhmhuhU8g6rjnHOKzli0HAugn210001709086441.9848'  AND `is_frozen` = 0 LIMIT 1 [ RunTime:0.000635s ]
[2024-02-28T10:51:03+08:00][sql] SHOW FULL COLUMNS FROM `ypay_plug` [ RunTime:0.000576s ]
[2024-02-28T10:51:03+08:00][sql] SELECT * FROM `ypay_plug` WHERE  `status` = 1 [ RunTime:0.000222s ]
[2024-02-28T10:51:03+08:00][sql] SHOW FULL COLUMNS FROM `admin_config` [ RunTime:0.000462s ]
[2024-02-28T10:51:03+08:00][sql] SELECT * FROM `admin_config` [ RunTime:0.000323s ]
[2024-02-28T10:51:03+08:00][sql] SELECT * FROM `ypay_user` WHERE  `token` = 'BKBP5LKhmhuhU8g6rjnHOKzli0HAugn210001709086441.9848'  AND `is_frozen` = 0 LIMIT 1 [ RunTime:0.000380s ]
[2024-02-28T10:51:03+08:00][sql] SHOW FULL COLUMNS FROM `ypay_order` [ RunTime:0.000500s ]
[2024-02-28T10:51:03+08:00][sql] SELECT * FROM `ypay_user` WHERE  `token` = 'BKBP5LKhmhuhU8g6rjnHOKzli0HAugn210001709086441.9848'  AND `is_frozen` = 0 LIMIT 1 [ RunTime:0.000345s ]
[2024-02-28T10:51:03+08:00][sql] SELECT COUNT(*) AS think_count FROM `ypay_order` WHERE  `status` = 1  AND `user_id` = 1000 LIMIT 1 [ RunTime:0.000227s ]
[2024-02-28T10:51:03+08:00][sql] SELECT * FROM `ypay_user` WHERE  `token` = 'BKBP5LKhmhuhU8g6rjnHOKzli0HAugn210001709086441.9848'  AND `is_frozen` = 0 LIMIT 1 [ RunTime:0.000290s ]
[2024-02-28T10:51:03+08:00][sql] SELECT COUNT(*) AS think_count FROM `ypay_order` WHERE  `status` = 1  AND `user_id` = 1000  AND `create_time` BETWEEN '2024-02-28 00:00:00' AND '2024-02-28 23:59:59' LIMIT 1 [ RunTime:0.000257s ]
[2024-02-28T10:51:03+08:00][sql] SELECT * FROM `ypay_user` WHERE  `token` = 'BKBP5LKhmhuhU8g6rjnHOKzli0HAugn210001709086441.9848'  AND `is_frozen` = 0 LIMIT 1 [ RunTime:0.000487s ]
[2024-02-28T10:51:03+08:00][sql] SELECT SUM(`truemoney`) AS think_sum FROM `ypay_order` WHERE  `user_id` = 1000  AND `status` = 1 LIMIT 1 [ RunTime:0.000430s ]
[2024-02-28T10:51:03+08:00][sql] SELECT * FROM `ypay_user` WHERE  `token` = 'BKBP5LKhmhuhU8g6rjnHOKzli0HAugn210001709086441.9848'  AND `is_frozen` = 0 LIMIT 1 [ RunTime:0.000569s ]
[2024-02-28T10:51:03+08:00][sql] SELECT SUM(`truemoney`) AS think_sum FROM `ypay_order` WHERE  `user_id` = 1000  AND `status` = 1  AND `create_time` BETWEEN '2024-02-28 00:00:00' AND '2024-02-28 23:59:59' LIMIT 1 [ RunTime:0.000320s ]
[2024-02-28T10:51:03+08:00][sql] SHOW FULL COLUMNS FROM `ypay_account` [ RunTime:0.000506s ]
[2024-02-28T10:51:03+08:00][sql] SELECT * FROM `ypay_user` WHERE  `token` = 'BKBP5LKhmhuhU8g6rjnHOKzli0HAugn210001709086441.9848'  AND `is_frozen` = 0 LIMIT 1 [ RunTime:0.000400s ]
[2024-02-28T10:51:03+08:00][sql] SELECT COUNT(*) AS think_count FROM `ypay_account` WHERE  `type` = 'wxpay'  AND `user_id` = 1000 LIMIT 1 [ RunTime:0.000280s ]
[2024-02-28T10:51:03+08:00][sql] SELECT * FROM `ypay_user` WHERE  `token` = 'BKBP5LKhmhuhU8g6rjnHOKzli0HAugn210001709086441.9848'  AND `is_frozen` = 0 LIMIT 1 [ RunTime:0.000426s ]
[2024-02-28T10:51:03+08:00][sql] SELECT COUNT(*) AS think_count FROM `ypay_account` WHERE  `type` = 'alipay'  AND `user_id` = 1000 LIMIT 1 [ RunTime:0.000212s ]
[2024-02-28T10:51:03+08:00][sql] SELECT * FROM `ypay_user` WHERE  `token` = 'BKBP5LKhmhuhU8g6rjnHOKzli0HAugn210001709086441.9848'  AND `is_frozen` = 0 LIMIT 1 [ RunTime:0.000290s ]
[2024-02-28T10:51:03+08:00][sql] SELECT COUNT(*) AS think_count FROM `ypay_account` WHERE  `type` = 'qqpay'  AND `user_id` = 1000 LIMIT 1 [ RunTime:0.000192s ]
[2024-02-28T10:51:03+08:00][sql] SELECT * FROM `ypay_user` WHERE  `token` = 'BKBP5LKhmhuhU8g6rjnHOKzli0HAugn210001709086441.9848'  AND `is_frozen` = 0 LIMIT 1 [ RunTime:0.000287s ]
[2024-02-28T10:51:03+08:00][sql] SELECT COUNT(*) AS think_count FROM `ypay_account` WHERE  `user_id` = 1000 LIMIT 1 [ RunTime:0.000182s ]
[2024-02-28T10:51:03+08:00][sql] SELECT * FROM `ypay_user` WHERE  `token` = 'BKBP5LKhmhuhU8g6rjnHOKzli0HAugn210001709086441.9848'  AND `is_frozen` = 0 LIMIT 1 [ RunTime:0.000320s ]
[2024-02-28T10:51:03+08:00][sql] SELECT COUNT(*) AS think_count FROM `ypay_account` WHERE  `user_id` = 1000  AND `status` = 0 LIMIT 1 [ RunTime:0.000249s ]
[2024-02-28T10:51:03+08:00][sql] SELECT * FROM `ypay_user` WHERE  `token` = 'BKBP5LKhmhuhU8g6rjnHOKzli0HAugn210001709086441.9848'  AND `is_frozen` = 0 LIMIT 1 [ RunTime:0.000353s ]
[2024-02-28T10:51:03+08:00][sql] SELECT SUM(`truemoney`) AS think_sum FROM `ypay_order` WHERE  `user_id` = 1000  AND `status` = 1  AND `create_time` BETWEEN '2024-02-27 00:00:00' AND '2024-02-27 23:59:59' LIMIT 1 [ RunTime:0.000225s ]
[2024-02-28T10:51:03+08:00][sql] SELECT * FROM `ypay_user` WHERE  `token` = 'BKBP5LKhmhuhU8g6rjnHOKzli0HAugn210001709086441.9848'  AND `is_frozen` = 0 LIMIT 1 [ RunTime:0.000355s ]
[2024-02-28T10:51:03+08:00][sql] SELECT COUNT(*) AS think_count FROM `ypay_order` WHERE  `user_id` = 1000  AND `status` = 1  AND `create_time` BETWEEN '2024-02-27 00:00:00' AND '2024-02-27 23:59:59' LIMIT 1 [ RunTime:0.000203s ]
[2024-02-28T10:51:03+08:00][sql] SELECT * FROM `ypay_user` WHERE  `token` = 'BKBP5LKhmhuhU8g6rjnHOKzli0HAugn210001709086441.9848'  AND `is_frozen` = 0 LIMIT 1 [ RunTime:0.000347s ]
[2024-02-28T10:51:03+08:00][sql] SELECT SUM(`truemoney`) AS think_sum FROM `ypay_order` WHERE  `user_id` = 1000  AND `status` = 1  AND `create_time` BETWEEN '2024-02-01 00:00:00' AND '2024-02-29 23:59:59' LIMIT 1 [ RunTime:0.000214s ]
[2024-02-28T10:51:03+08:00][sql] SELECT * FROM `admin_config` [ RunTime:0.000448s ]
[2024-02-28T11:00:58+08:00][sql] CONNECT:[ UseTime:0.000343s ] mysql:host=127.0.0.1;port=3306;dbname=ypay;charset=utf8
[2024-02-28T11:00:58+08:00][sql] SHOW FULL COLUMNS FROM `ypay_user` [ RunTime:0.000744s ]
[2024-02-28T11:00:58+08:00][sql] SELECT * FROM `ypay_user` WHERE  `token` = 'BKBP5LKhmhuhU8g6rjnHOKzli0HAugn210001709086441.9848'  AND `is_frozen` = 0 LIMIT 1 [ RunTime:0.000838s ]
[2024-02-28T11:00:58+08:00][sql] SELECT VERSION() as mysql_version [ RunTime:0.000308s ]
[2024-02-28T11:00:58+08:00][sql] SHOW FULL COLUMNS FROM `admin_config` [ RunTime:0.000605s ]
[2024-02-28T11:00:58+08:00][sql] SELECT * FROM `admin_config` [ RunTime:0.000334s ]
[2024-02-28T11:00:58+08:00][sql] SELECT * FROM `admin_config` [ RunTime:0.000533s ]
[2024-02-28T11:00:58+08:00][sql] SELECT * FROM `admin_config` [ RunTime:0.000553s ]
[2024-02-28T11:00:59+08:00][sql] CONNECT:[ UseTime:0.000291s ] mysql:host=127.0.0.1;port=3306;dbname=ypay;charset=utf8
[2024-02-28T11:00:59+08:00][sql] SHOW FULL COLUMNS FROM `ypay_user` [ RunTime:0.000679s ]
[2024-02-28T11:00:59+08:00][sql] SELECT * FROM `ypay_user` WHERE  `token` = 'BKBP5LKhmhuhU8g6rjnHOKzli0HAugn210001709086441.9848'  AND `is_frozen` = 0 LIMIT 1 [ RunTime:0.000335s ]
[2024-02-28T11:00:59+08:00][sql] SHOW FULL COLUMNS FROM `ypay_plug` [ RunTime:0.000518s ]
[2024-02-28T11:00:59+08:00][sql] SELECT * FROM `ypay_plug` WHERE  `status` = 1 [ RunTime:0.000218s ]
[2024-02-28T11:00:59+08:00][sql] SHOW FULL COLUMNS FROM `admin_config` [ RunTime:0.000558s ]
[2024-02-28T11:00:59+08:00][sql] SELECT * FROM `admin_config` [ RunTime:0.000446s ]
[2024-02-28T11:00:59+08:00][sql] SELECT * FROM `ypay_user` WHERE  `token` = 'BKBP5LKhmhuhU8g6rjnHOKzli0HAugn210001709086441.9848'  AND `is_frozen` = 0 LIMIT 1 [ RunTime:0.000424s ]
[2024-02-28T11:00:59+08:00][sql] SHOW FULL COLUMNS FROM `ypay_order` [ RunTime:0.000695s ]
[2024-02-28T11:00:59+08:00][sql] SELECT * FROM `ypay_user` WHERE  `token` = 'BKBP5LKhmhuhU8g6rjnHOKzli0HAugn210001709086441.9848'  AND `is_frozen` = 0 LIMIT 1 [ RunTime:0.000430s ]
[2024-02-28T11:00:59+08:00][sql] SELECT COUNT(*) AS think_count FROM `ypay_order` WHERE  `status` = 1  AND `user_id` = 1000 LIMIT 1 [ RunTime:0.000237s ]
[2024-02-28T11:00:59+08:00][sql] SELECT * FROM `ypay_user` WHERE  `token` = 'BKBP5LKhmhuhU8g6rjnHOKzli0HAugn210001709086441.9848'  AND `is_frozen` = 0 LIMIT 1 [ RunTime:0.000374s ]
[2024-02-28T11:00:59+08:00][sql] SELECT COUNT(*) AS think_count FROM `ypay_order` WHERE  `status` = 1  AND `user_id` = 1000  AND `create_time` BETWEEN '2024-02-28 00:00:00' AND '2024-02-28 23:59:59' LIMIT 1 [ RunTime:0.000224s ]
[2024-02-28T11:00:59+08:00][sql] SELECT * FROM `ypay_user` WHERE  `token` = 'BKBP5LKhmhuhU8g6rjnHOKzli0HAugn210001709086441.9848'  AND `is_frozen` = 0 LIMIT 1 [ RunTime:0.000267s ]
[2024-02-28T11:00:59+08:00][sql] SELECT SUM(`truemoney`) AS think_sum FROM `ypay_order` WHERE  `user_id` = 1000  AND `status` = 1 LIMIT 1 [ RunTime:0.000231s ]
[2024-02-28T11:00:59+08:00][sql] SELECT * FROM `ypay_user` WHERE  `token` = 'BKBP5LKhmhuhU8g6rjnHOKzli0HAugn210001709086441.9848'  AND `is_frozen` = 0 LIMIT 1 [ RunTime:0.000292s ]
[2024-02-28T11:00:59+08:00][sql] SELECT SUM(`truemoney`) AS think_sum FROM `ypay_order` WHERE  `user_id` = 1000  AND `status` = 1  AND `create_time` BETWEEN '2024-02-28 00:00:00' AND '2024-02-28 23:59:59' LIMIT 1 [ RunTime:0.000239s ]
[2024-02-28T11:00:59+08:00][sql] SHOW FULL COLUMNS FROM `ypay_account` [ RunTime:0.000451s ]
[2024-02-28T11:00:59+08:00][sql] SELECT * FROM `ypay_user` WHERE  `token` = 'BKBP5LKhmhuhU8g6rjnHOKzli0HAugn210001709086441.9848'  AND `is_frozen` = 0 LIMIT 1 [ RunTime:0.000348s ]
[2024-02-28T11:00:59+08:00][sql] SELECT COUNT(*) AS think_count FROM `ypay_account` WHERE  `type` = 'wxpay'  AND `user_id` = 1000 LIMIT 1 [ RunTime:0.000229s ]
[2024-02-28T11:00:59+08:00][sql] SELECT * FROM `ypay_user` WHERE  `token` = 'BKBP5LKhmhuhU8g6rjnHOKzli0HAugn210001709086441.9848'  AND `is_frozen` = 0 LIMIT 1 [ RunTime:0.000355s ]
[2024-02-28T11:00:59+08:00][sql] SELECT COUNT(*) AS think_count FROM `ypay_account` WHERE  `type` = 'alipay'  AND `user_id` = 1000 LIMIT 1 [ RunTime:0.000206s ]
[2024-02-28T11:00:59+08:00][sql] SELECT * FROM `ypay_user` WHERE  `token` = 'BKBP5LKhmhuhU8g6rjnHOKzli0HAugn210001709086441.9848'  AND `is_frozen` = 0 LIMIT 1 [ RunTime:0.000320s ]
[2024-02-28T11:00:59+08:00][sql] SELECT COUNT(*) AS think_count FROM `ypay_account` WHERE  `type` = 'qqpay'  AND `user_id` = 1000 LIMIT 1 [ RunTime:0.000217s ]
[2024-02-28T11:00:59+08:00][sql] SELECT * FROM `ypay_user` WHERE  `token` = 'BKBP5LKhmhuhU8g6rjnHOKzli0HAugn210001709086441.9848'  AND `is_frozen` = 0 LIMIT 1 [ RunTime:0.000309s ]
[2024-02-28T11:00:59+08:00][sql] SELECT COUNT(*) AS think_count FROM `ypay_account` WHERE  `user_id` = 1000 LIMIT 1 [ RunTime:0.000320s ]
[2024-02-28T11:00:59+08:00][sql] SELECT * FROM `ypay_user` WHERE  `token` = 'BKBP5LKhmhuhU8g6rjnHOKzli0HAugn210001709086441.9848'  AND `is_frozen` = 0 LIMIT 1 [ RunTime:0.000429s ]
[2024-02-28T11:00:59+08:00][sql] SELECT COUNT(*) AS think_count FROM `ypay_account` WHERE  `user_id` = 1000  AND `status` = 0 LIMIT 1 [ RunTime:0.000733s ]
[2024-02-28T11:00:59+08:00][sql] SELECT * FROM `ypay_user` WHERE  `token` = 'BKBP5LKhmhuhU8g6rjnHOKzli0HAugn210001709086441.9848'  AND `is_frozen` = 0 LIMIT 1 [ RunTime:0.000628s ]
[2024-02-28T11:00:59+08:00][sql] SELECT SUM(`truemoney`) AS think_sum FROM `ypay_order` WHERE  `user_id` = 1000  AND `status` = 1  AND `create_time` BETWEEN '2024-02-27 00:00:00' AND '2024-02-27 23:59:59' LIMIT 1 [ RunTime:0.000443s ]
[2024-02-28T11:00:59+08:00][sql] SELECT * FROM `ypay_user` WHERE  `token` = 'BKBP5LKhmhuhU8g6rjnHOKzli0HAugn210001709086441.9848'  AND `is_frozen` = 0 LIMIT 1 [ RunTime:0.000294s ]
[2024-02-28T11:00:59+08:00][sql] SELECT COUNT(*) AS think_count FROM `ypay_order` WHERE  `user_id` = 1000  AND `status` = 1  AND `create_time` BETWEEN '2024-02-27 00:00:00' AND '2024-02-27 23:59:59' LIMIT 1 [ RunTime:0.000224s ]
[2024-02-28T11:00:59+08:00][sql] SELECT * FROM `ypay_user` WHERE  `token` = 'BKBP5LKhmhuhU8g6rjnHOKzli0HAugn210001709086441.9848'  AND `is_frozen` = 0 LIMIT 1 [ RunTime:0.000389s ]
[2024-02-28T11:00:59+08:00][sql] SELECT SUM(`truemoney`) AS think_sum FROM `ypay_order` WHERE  `user_id` = 1000  AND `status` = 1  AND `create_time` BETWEEN '2024-02-01 00:00:00' AND '2024-02-29 23:59:59' LIMIT 1 [ RunTime:0.000246s ]
[2024-02-28T11:00:59+08:00][sql] SELECT * FROM `admin_config` [ RunTime:0.000395s ]
[2024-02-28T11:01:01+08:00][sql] CONNECT:[ UseTime:0.000388s ] mysql:host=127.0.0.1;port=3306;dbname=ypay;charset=utf8
[2024-02-28T11:01:01+08:00][sql] SHOW FULL COLUMNS FROM `ypay_user` [ RunTime:0.000646s ]
[2024-02-28T11:01:01+08:00][sql] SELECT * FROM `ypay_user` WHERE  `token` = 'BKBP5LKhmhuhU8g6rjnHOKzli0HAugn210001709086441.9848'  AND `is_frozen` = 0 LIMIT 1 [ RunTime:0.000337s ]
[2024-02-28T11:01:01+08:00][sql] SELECT * FROM `ypay_user` WHERE  `token` = 'BKBP5LKhmhuhU8g6rjnHOKzli0HAugn210001709086441.9848'  AND `is_frozen` = 0 LIMIT 1 [ RunTime:0.000494s ]
[2024-02-28T11:01:01+08:00][sql] SHOW FULL COLUMNS FROM `admin_config` [ RunTime:0.000606s ]
[2024-02-28T11:01:01+08:00][sql] SELECT * FROM `admin_config` [ RunTime:0.000390s ]
[2024-02-28T11:01:01+08:00][sql] SHOW FULL COLUMNS FROM `admin_channel` [ RunTime:0.000655s ]
[2024-02-28T11:01:01+08:00][sql] SELECT * FROM `admin_channel` WHERE  `status` = 1  AND `type` = 'wxpay' ORDER BY `sort` DESC [ RunTime:0.000305s ]
[2024-02-28T11:01:01+08:00][sql] SELECT * FROM `admin_config` [ RunTime:0.000303s ]
[2024-02-28T11:01:01+08:00][sql] SELECT * FROM `admin_config` [ RunTime:0.000246s ]
[2024-02-28T11:01:01+08:00][sql] SELECT * FROM `admin_config` [ RunTime:0.000247s ]
[2024-02-28T11:01:01+08:00][sql] SELECT * FROM `ypay_user` WHERE  `token` = 'BKBP5LKhmhuhU8g6rjnHOKzli0HAugn210001709086441.9848'  AND `is_frozen` = 0 LIMIT 1 [ RunTime:0.000365s ]
[2024-02-28T11:01:01+08:00][sql] SELECT * FROM `admin_config` [ RunTime:0.000442s ]
[2024-02-28T11:01:01+08:00][sql] SELECT * FROM `admin_config` [ RunTime:0.000446s ]
[2024-02-28T11:01:02+08:00][sql] CONNECT:[ UseTime:0.000345s ] mysql:host=127.0.0.1;port=3306;dbname=ypay;charset=utf8
[2024-02-28T11:01:02+08:00][sql] SHOW FULL COLUMNS FROM `ypay_user` [ RunTime:0.000754s ]
[2024-02-28T11:01:02+08:00][sql] SELECT * FROM `ypay_user` WHERE  `token` = 'BKBP5LKhmhuhU8g6rjnHOKzli0HAugn210001709086441.9848'  AND `is_frozen` = 0 LIMIT 1 [ RunTime:0.000412s ]
[2024-02-28T11:01:02+08:00][sql] SELECT * FROM `ypay_user` WHERE  `token` = 'BKBP5LKhmhuhU8g6rjnHOKzli0HAugn210001709086441.9848'  AND `is_frozen` = 0 LIMIT 1 [ RunTime:0.000418s ]
[2024-02-28T11:01:02+08:00][sql] SHOW FULL COLUMNS FROM `admin_config` [ RunTime:0.000511s ]
[2024-02-28T11:01:02+08:00][sql] SELECT * FROM `admin_config` [ RunTime:0.000316s ]
[2024-02-28T11:01:02+08:00][sql] SELECT * FROM `ypay_user` WHERE  `token` = 'BKBP5LKhmhuhU8g6rjnHOKzli0HAugn210001709086441.9848'  AND `is_frozen` = 0 LIMIT 1 [ RunTime:0.000492s ]
[2024-02-28T11:01:02+08:00][sql] SHOW FULL COLUMNS FROM `ypay_account` [ RunTime:0.000563s ]
[2024-02-28T11:01:02+08:00][sql] SELECT COUNT(*) AS think_count FROM `ypay_account` WHERE  `status` LIKE '%%'  AND `user_id` = 1000 LIMIT 1 [ RunTime:0.000259s ]
[2024-02-28T11:01:07+08:00][sql] CONNECT:[ UseTime:0.000288s ] mysql:host=127.0.0.1;port=3306;dbname=ypay;charset=utf8
[2024-02-28T11:01:07+08:00][sql] SHOW FULL COLUMNS FROM `ypay_user` [ RunTime:0.000707s ]
[2024-02-28T11:01:07+08:00][sql] SELECT * FROM `ypay_user` WHERE  `token` = 'BKBP5LKhmhuhU8g6rjnHOKzli0HAugn210001709086441.9848'  AND `is_frozen` = 0 LIMIT 1 [ RunTime:0.000403s ]
[2024-02-28T11:01:07+08:00][sql] SELECT * FROM `ypay_user` WHERE  `token` = 'BKBP5LKhmhuhU8g6rjnHOKzli0HAugn210001709086441.9848'  AND `is_frozen` = 0 LIMIT 1 [ RunTime:0.000380s ]
[2024-02-28T11:01:07+08:00][sql] SHOW FULL COLUMNS FROM `admin_photo` [ RunTime:0.000607s ]
[2024-02-28T11:01:07+08:00][sql] INSERT INTO `admin_photo` SET `name` = 'httptestpay.com.png' , `href` = '/upload/qrcode/20240228/e32cd716372fc0e7ed3dbbf80c4868dc.png' , `path` = 'qrcode' , `type` = 1 , `ext` = 'png' , `mime` = 'image/png' , `size` = '2113' , `create_time` = '2024-02-28 11:01:07.376395' [ RunTime:0.000472s ]
[2024-02-28T11:03:50+08:00][sql] CONNECT:[ UseTime:0.000409s ] mysql:host=127.0.0.1;port=3306;dbname=ypay;charset=utf8
[2024-02-28T11:03:50+08:00][sql] SHOW FULL COLUMNS FROM `ypay_user` [ RunTime:0.000684s ]
[2024-02-28T11:03:50+08:00][sql] SELECT * FROM `ypay_user` WHERE  `token` = 'BKBP5LKhmhuhU8g6rjnHOKzli0HAugn210001709086441.9848'  AND `is_frozen` = 0 LIMIT 1 [ RunTime:0.000370s ]
[2024-02-28T11:03:50+08:00][sql] SELECT VERSION() as mysql_version [ RunTime:0.000188s ]
[2024-02-28T11:03:50+08:00][sql] SHOW FULL COLUMNS FROM `admin_config` [ RunTime:0.000531s ]
[2024-02-28T11:03:50+08:00][sql] SELECT * FROM `admin_config` [ RunTime:0.000308s ]
[2024-02-28T11:03:50+08:00][sql] SELECT * FROM `admin_config` [ RunTime:0.000416s ]
[2024-02-28T11:03:50+08:00][sql] SELECT * FROM `admin_config` [ RunTime:0.000288s ]
[2024-02-28T11:03:50+08:00][sql] CONNECT:[ UseTime:0.000336s ] mysql:host=127.0.0.1;port=3306;dbname=ypay;charset=utf8
[2024-02-28T11:03:50+08:00][sql] SHOW FULL COLUMNS FROM `ypay_user` [ RunTime:0.000633s ]
[2024-02-28T11:03:50+08:00][sql] SELECT * FROM `ypay_user` WHERE  `token` = 'BKBP5LKhmhuhU8g6rjnHOKzli0HAugn210001709086441.9848'  AND `is_frozen` = 0 LIMIT 1 [ RunTime:0.000358s ]
[2024-02-28T11:03:50+08:00][sql] SHOW FULL COLUMNS FROM `ypay_plug` [ RunTime:0.000646s ]
[2024-02-28T11:03:50+08:00][sql] SELECT * FROM `ypay_plug` WHERE  `status` = 1 [ RunTime:0.000294s ]
[2024-02-28T11:03:50+08:00][sql] SHOW FULL COLUMNS FROM `admin_config` [ RunTime:0.000618s ]
[2024-02-28T11:03:50+08:00][sql] SELECT * FROM `admin_config` [ RunTime:0.000323s ]
[2024-02-28T11:03:50+08:00][sql] SELECT * FROM `ypay_user` WHERE  `token` = 'BKBP5LKhmhuhU8g6rjnHOKzli0HAugn210001709086441.9848'  AND `is_frozen` = 0 LIMIT 1 [ RunTime:0.000379s ]
[2024-02-28T11:03:50+08:00][sql] SHOW FULL COLUMNS FROM `ypay_order` [ RunTime:0.000613s ]
[2024-02-28T11:03:50+08:00][sql] SELECT * FROM `ypay_user` WHERE  `token` = 'BKBP5LKhmhuhU8g6rjnHOKzli0HAugn210001709086441.9848'  AND `is_frozen` = 0 LIMIT 1 [ RunTime:0.000369s ]
[2024-02-28T11:03:50+08:00][sql] SELECT COUNT(*) AS think_count FROM `ypay_order` WHERE  `status` = 1  AND `user_id` = 1000 LIMIT 1 [ RunTime:0.000212s ]
[2024-02-28T11:03:50+08:00][sql] SELECT * FROM `ypay_user` WHERE  `token` = 'BKBP5LKhmhuhU8g6rjnHOKzli0HAugn210001709086441.9848'  AND `is_frozen` = 0 LIMIT 1 [ RunTime:0.000322s ]
[2024-02-28T11:03:50+08:00][sql] SELECT COUNT(*) AS think_count FROM `ypay_order` WHERE  `status` = 1  AND `user_id` = 1000  AND `create_time` BETWEEN '2024-02-28 00:00:00' AND '2024-02-28 23:59:59' LIMIT 1 [ RunTime:0.000220s ]
[2024-02-28T11:03:50+08:00][sql] SELECT * FROM `ypay_user` WHERE  `token` = 'BKBP5LKhmhuhU8g6rjnHOKzli0HAugn210001709086441.9848'  AND `is_frozen` = 0 LIMIT 1 [ RunTime:0.000334s ]
[2024-02-28T11:03:50+08:00][sql] SELECT SUM(`truemoney`) AS think_sum FROM `ypay_order` WHERE  `user_id` = 1000  AND `status` = 1 LIMIT 1 [ RunTime:0.000304s ]
[2024-02-28T11:03:50+08:00][sql] SELECT * FROM `ypay_user` WHERE  `token` = 'BKBP5LKhmhuhU8g6rjnHOKzli0HAugn210001709086441.9848'  AND `is_frozen` = 0 LIMIT 1 [ RunTime:0.000404s ]
[2024-02-28T11:03:50+08:00][sql] SELECT SUM(`truemoney`) AS think_sum FROM `ypay_order` WHERE  `user_id` = 1000  AND `status` = 1  AND `create_time` BETWEEN '2024-02-28 00:00:00' AND '2024-02-28 23:59:59' LIMIT 1 [ RunTime:0.000283s ]
[2024-02-28T11:03:50+08:00][sql] SHOW FULL COLUMNS FROM `ypay_account` [ RunTime:0.000516s ]
[2024-02-28T11:03:50+08:00][sql] SELECT * FROM `ypay_user` WHERE  `token` = 'BKBP5LKhmhuhU8g6rjnHOKzli0HAugn210001709086441.9848'  AND `is_frozen` = 0 LIMIT 1 [ RunTime:0.000317s ]
[2024-02-28T11:03:50+08:00][sql] SELECT COUNT(*) AS think_count FROM `ypay_account` WHERE  `type` = 'wxpay'  AND `user_id` = 1000 LIMIT 1 [ RunTime:0.000283s ]
[2024-02-28T11:03:50+08:00][sql] SELECT * FROM `ypay_user` WHERE  `token` = 'BKBP5LKhmhuhU8g6rjnHOKzli0HAugn210001709086441.9848'  AND `is_frozen` = 0 LIMIT 1 [ RunTime:0.000335s ]
[2024-02-28T11:03:50+08:00][sql] SELECT COUNT(*) AS think_count FROM `ypay_account` WHERE  `type` = 'alipay'  AND `user_id` = 1000 LIMIT 1 [ RunTime:0.000250s ]
[2024-02-28T11:03:50+08:00][sql] SELECT * FROM `ypay_user` WHERE  `token` = 'BKBP5LKhmhuhU8g6rjnHOKzli0HAugn210001709086441.9848'  AND `is_frozen` = 0 LIMIT 1 [ RunTime:0.000287s ]
[2024-02-28T11:03:50+08:00][sql] SELECT COUNT(*) AS think_count FROM `ypay_account` WHERE  `type` = 'qqpay'  AND `user_id` = 1000 LIMIT 1 [ RunTime:0.000233s ]
[2024-02-28T11:03:50+08:00][sql] SELECT * FROM `ypay_user` WHERE  `token` = 'BKBP5LKhmhuhU8g6rjnHOKzli0HAugn210001709086441.9848'  AND `is_frozen` = 0 LIMIT 1 [ RunTime:0.000276s ]
[2024-02-28T11:03:50+08:00][sql] SELECT COUNT(*) AS think_count FROM `ypay_account` WHERE  `user_id` = 1000 LIMIT 1 [ RunTime:0.000309s ]
[2024-02-28T11:03:50+08:00][sql] SELECT * FROM `ypay_user` WHERE  `token` = 'BKBP5LKhmhuhU8g6rjnHOKzli0HAugn210001709086441.9848'  AND `is_frozen` = 0 LIMIT 1 [ RunTime:0.000384s ]
[2024-02-28T11:03:50+08:00][sql] SELECT COUNT(*) AS think_count FROM `ypay_account` WHERE  `user_id` = 1000  AND `status` = 0 LIMIT 1 [ RunTime:0.000295s ]
[2024-02-28T11:03:50+08:00][sql] SELECT * FROM `ypay_user` WHERE  `token` = 'BKBP5LKhmhuhU8g6rjnHOKzli0HAugn210001709086441.9848'  AND `is_frozen` = 0 LIMIT 1 [ RunTime:0.000518s ]
[2024-02-28T11:03:50+08:00][sql] SELECT SUM(`truemoney`) AS think_sum FROM `ypay_order` WHERE  `user_id` = 1000  AND `status` = 1  AND `create_time` BETWEEN '2024-02-27 00:00:00' AND '2024-02-27 23:59:59' LIMIT 1 [ RunTime:0.000363s ]
[2024-02-28T11:03:50+08:00][sql] SELECT * FROM `ypay_user` WHERE  `token` = 'BKBP5LKhmhuhU8g6rjnHOKzli0HAugn210001709086441.9848'  AND `is_frozen` = 0 LIMIT 1 [ RunTime:0.000552s ]
[2024-02-28T11:03:50+08:00][sql] SELECT COUNT(*) AS think_count FROM `ypay_order` WHERE  `user_id` = 1000  AND `status` = 1  AND `create_time` BETWEEN '2024-02-27 00:00:00' AND '2024-02-27 23:59:59' LIMIT 1 [ RunTime:0.000253s ]
[2024-02-28T11:03:50+08:00][sql] SELECT * FROM `ypay_user` WHERE  `token` = 'BKBP5LKhmhuhU8g6rjnHOKzli0HAugn210001709086441.9848'  AND `is_frozen` = 0 LIMIT 1 [ RunTime:0.000361s ]
[2024-02-28T11:03:50+08:00][sql] SELECT SUM(`truemoney`) AS think_sum FROM `ypay_order` WHERE  `user_id` = 1000  AND `status` = 1  AND `create_time` BETWEEN '2024-02-01 00:00:00' AND '2024-02-29 23:59:59' LIMIT 1 [ RunTime:0.000265s ]
[2024-02-28T11:03:50+08:00][sql] SELECT * FROM `admin_config` [ RunTime:0.000408s ]
[2024-02-28T11:03:52+08:00][sql] CONNECT:[ UseTime:0.000480s ] mysql:host=127.0.0.1;port=3306;dbname=ypay;charset=utf8
[2024-02-28T11:03:52+08:00][sql] SHOW FULL COLUMNS FROM `ypay_user` [ RunTime:0.000711s ]
[2024-02-28T11:03:52+08:00][sql] SELECT * FROM `ypay_user` WHERE  `token` = 'BKBP5LKhmhuhU8g6rjnHOKzli0HAugn210001709086441.9848'  AND `is_frozen` = 0 LIMIT 1 [ RunTime:0.000529s ]
[2024-02-28T11:03:52+08:00][sql] SELECT * FROM `ypay_user` WHERE  `token` = 'BKBP5LKhmhuhU8g6rjnHOKzli0HAugn210001709086441.9848'  AND `is_frozen` = 0 LIMIT 1 [ RunTime:0.000770s ]
[2024-02-28T11:03:52+08:00][sql] SHOW FULL COLUMNS FROM `admin_config` [ RunTime:0.000563s ]
[2024-02-28T11:03:52+08:00][sql] SELECT * FROM `admin_config` [ RunTime:0.000295s ]
[2024-02-28T11:03:52+08:00][sql] SHOW FULL COLUMNS FROM `admin_channel` [ RunTime:0.000580s ]
[2024-02-28T11:03:52+08:00][sql] SELECT * FROM `admin_channel` WHERE  `status` = 1  AND `type` = 'wxpay' ORDER BY `sort` DESC [ RunTime:0.000442s ]
[2024-02-28T11:03:52+08:00][sql] SELECT * FROM `admin_config` [ RunTime:0.000304s ]
[2024-02-28T11:03:52+08:00][sql] SELECT * FROM `admin_config` [ RunTime:0.000283s ]
[2024-02-28T11:03:52+08:00][sql] SELECT * FROM `admin_config` [ RunTime:0.000268s ]
[2024-02-28T11:03:52+08:00][sql] SELECT * FROM `ypay_user` WHERE  `token` = 'BKBP5LKhmhuhU8g6rjnHOKzli0HAugn210001709086441.9848'  AND `is_frozen` = 0 LIMIT 1 [ RunTime:0.000504s ]
[2024-02-28T11:03:52+08:00][sql] SELECT * FROM `admin_config` [ RunTime:0.000490s ]
[2024-02-28T11:03:52+08:00][sql] SELECT * FROM `admin_config` [ RunTime:0.000303s ]
[2024-02-28T11:03:53+08:00][sql] CONNECT:[ UseTime:0.000305s ] mysql:host=127.0.0.1;port=3306;dbname=ypay;charset=utf8
[2024-02-28T11:03:53+08:00][sql] SHOW FULL COLUMNS FROM `ypay_user` [ RunTime:0.000716s ]
[2024-02-28T11:03:53+08:00][sql] SELECT * FROM `ypay_user` WHERE  `token` = 'BKBP5LKhmhuhU8g6rjnHOKzli0HAugn210001709086441.9848'  AND `is_frozen` = 0 LIMIT 1 [ RunTime:0.000513s ]
[2024-02-28T11:03:53+08:00][sql] SELECT * FROM `ypay_user` WHERE  `token` = 'BKBP5LKhmhuhU8g6rjnHOKzli0HAugn210001709086441.9848'  AND `is_frozen` = 0 LIMIT 1 [ RunTime:0.000425s ]
[2024-02-28T11:03:53+08:00][sql] SHOW FULL COLUMNS FROM `admin_config` [ RunTime:0.000695s ]
[2024-02-28T11:03:53+08:00][sql] SELECT * FROM `admin_config` [ RunTime:0.000314s ]
[2024-02-28T11:03:53+08:00][sql] SELECT * FROM `ypay_user` WHERE  `token` = 'BKBP5LKhmhuhU8g6rjnHOKzli0HAugn210001709086441.9848'  AND `is_frozen` = 0 LIMIT 1 [ RunTime:0.000472s ]
[2024-02-28T11:03:53+08:00][sql] SHOW FULL COLUMNS FROM `ypay_account` [ RunTime:0.000634s ]
[2024-02-28T11:03:53+08:00][sql] SELECT COUNT(*) AS think_count FROM `ypay_account` WHERE  `status` LIKE '%%'  AND `user_id` = 1000 LIMIT 1 [ RunTime:0.000247s ]
[2024-02-28T11:03:58+08:00][sql] CONNECT:[ UseTime:0.000337s ] mysql:host=127.0.0.1;port=3306;dbname=ypay;charset=utf8
[2024-02-28T11:03:58+08:00][sql] SHOW FULL COLUMNS FROM `ypay_user` [ RunTime:0.000623s ]
[2024-02-28T11:03:58+08:00][sql] SELECT * FROM `ypay_user` WHERE  `token` = 'BKBP5LKhmhuhU8g6rjnHOKzli0HAugn210001709086441.9848'  AND `is_frozen` = 0 LIMIT 1 [ RunTime:0.000344s ]
[2024-02-28T11:03:58+08:00][sql] SELECT * FROM `ypay_user` WHERE  `token` = 'BKBP5LKhmhuhU8g6rjnHOKzli0HAugn210001709086441.9848'  AND `is_frozen` = 0 LIMIT 1 [ RunTime:0.000344s ]
[2024-02-28T11:03:58+08:00][sql] SHOW FULL COLUMNS FROM `admin_photo` [ RunTime:0.000614s ]
[2024-02-28T11:03:58+08:00][sql] INSERT INTO `admin_photo` SET `name` = 'httptestpay.com.png' , `href` = '/upload/qrcode/20240228/e29cae0fe8aed5cdf37f048211c61c41.png' , `path` = 'qrcode' , `type` = 1 , `ext` = 'png' , `mime` = 'image/png' , `size` = '2113' , `create_time` = '2024-02-28 11:03:58.847968' [ RunTime:0.000298s ]
