[2024-02-29T18:05:29+08:00][sql] CONNECT:[ UseTime:0.000393s ] mysql:host=127.0.0.1;port=3306;dbname=ypay;charset=utf8
[2024-02-29T18:05:29+08:00][sql] SHOW FULL COLUMNS FROM `admin_config` [ RunTime:0.000535s ]
[2024-02-29T18:05:29+08:00][sql] SELECT * FROM `admin_config` [ RunTime:0.000314s ]
[2024-02-29T18:05:29+08:00][sql] SELECT * FROM `admin_config` [ RunTime:0.000363s ]
[2024-02-29T18:05:29+08:00][sql] SHOW FULL COLUMNS FROM `ypay_navs` [ RunTime:0.000457s ]
[2024-02-29T18:05:29+08:00][sql] SELECT * FROM `ypay_navs` WHERE  `status` = 1 ORDER BY `sort` ASC [ RunTime:0.000270s ]
[2024-02-29T18:05:29+08:00][sql] SHOW FULL COLUMNS FROM `ypay_news` [ RunTime:0.000467s ]
[2024-02-29T18:05:29+08:00][sql] SELECT COUNT(*) AS think_count FROM `ypay_news` WHERE  `type` = 1  AND `status` = 1 LIMIT 1 [ RunTime:0.000220s ]
[2024-02-29T18:05:29+08:00][sql] SELECT COUNT(*) AS think_count FROM `ypay_news` WHERE  `type` = 2  AND `status` = 1 LIMIT 1 [ RunTime:0.000360s ]
[2024-02-29T18:05:29+08:00][sql] SELECT COUNT(*) AS think_count FROM `ypay_news` WHERE  `type` = 3  AND `status` = 1 LIMIT 1 [ RunTime:0.000205s ]
[2024-02-29T18:05:29+08:00][sql] SELECT VERSION() as mysql_version [ RunTime:0.000203s ]
[2024-02-29T18:05:29+08:00][sql] SELECT * FROM `admin_config` [ RunTime:0.000399s ]
[2024-02-29T18:05:29+08:00][sql] SELECT * FROM `admin_config` [ RunTime:0.000306s ]
[2024-02-29T18:05:29+08:00][sql] SELECT * FROM `admin_config` [ RunTime:0.000252s ]
[2024-02-29T18:05:29+08:00][sql] SELECT * FROM `admin_config` [ RunTime:0.000321s ]
[2024-02-29T18:05:29+08:00][sql] SELECT * FROM `admin_config` [ RunTime:0.000265s ]
[2024-02-29T18:05:29+08:00][sql] SELECT * FROM `admin_config` [ RunTime:0.000298s ]
[2024-02-29T18:05:29+08:00][sql] SELECT * FROM `admin_config` [ RunTime:0.000277s ]
[2024-02-29T18:05:29+08:00][sql] SELECT * FROM `admin_config` [ RunTime:0.000295s ]
[2024-02-29T18:05:29+08:00][sql] SELECT * FROM `admin_config` [ RunTime:0.000266s ]
[2024-02-29T18:05:29+08:00][sql] SELECT * FROM `admin_config` [ RunTime:0.000279s ]
[2024-02-29T18:05:29+08:00][sql] SELECT * FROM `admin_config` [ RunTime:0.000261s ]
[2024-02-29T18:05:29+08:00][sql] SELECT * FROM `admin_config` [ RunTime:0.000251s ]
[2024-02-29T18:05:33+08:00][sql] CONNECT:[ UseTime:0.000320s ] mysql:host=127.0.0.1;port=3306;dbname=ypay;charset=utf8
[2024-02-29T18:05:33+08:00][sql] SHOW FULL COLUMNS FROM `ypay_news` [ RunTime:0.000550s ]
[2024-02-29T18:05:33+08:00][sql] SELECT COUNT(*) AS think_count FROM `ypay_news` WHERE  `type` = 2  AND `status` = 1 LIMIT 1 [ RunTime:0.000332s ]
[2024-02-29T18:05:33+08:00][sql] SHOW FULL COLUMNS FROM `ypay_navs` [ RunTime:0.000580s ]
[2024-02-29T18:05:33+08:00][sql] SELECT * FROM `ypay_navs` WHERE  `status` = 1 ORDER BY `sort` ASC [ RunTime:0.000292s ]
[2024-02-29T18:05:33+08:00][sql] SHOW FULL COLUMNS FROM `admin_config` [ RunTime:0.000567s ]
[2024-02-29T18:05:33+08:00][sql] SELECT * FROM `admin_config` [ RunTime:0.000283s ]
[2024-02-29T18:05:33+08:00][sql] SELECT * FROM `admin_config` [ RunTime:0.000350s ]
[2024-02-29T18:05:33+08:00][sql] SELECT * FROM `admin_config` [ RunTime:0.000250s ]
[2024-02-29T18:05:33+08:00][sql] SELECT * FROM `admin_config` [ RunTime:0.000250s ]
[2024-02-29T18:05:33+08:00][sql] SELECT * FROM `admin_config` [ RunTime:0.000244s ]
[2024-02-29T18:05:33+08:00][sql] SELECT * FROM `admin_config` [ RunTime:0.000317s ]
[2024-02-29T18:05:33+08:00][sql] SELECT * FROM `admin_config` [ RunTime:0.000360s ]
[2024-02-29T18:05:33+08:00][sql] SELECT * FROM `admin_config` [ RunTime:0.000245s ]
[2024-02-29T18:05:37+08:00][sql] CONNECT:[ UseTime:0.000316s ] mysql:host=127.0.0.1;port=3306;dbname=ypay;charset=utf8
[2024-02-29T18:05:37+08:00][sql] SHOW FULL COLUMNS FROM `ypay_news` [ RunTime:0.000540s ]
[2024-02-29T18:05:37+08:00][sql] SELECT COUNT(*) AS think_count FROM `ypay_news` WHERE  `type` = 1  AND `status` = 1 LIMIT 1 [ RunTime:0.000289s ]
[2024-02-29T18:05:37+08:00][sql] SHOW FULL COLUMNS FROM `ypay_navs` [ RunTime:0.000523s ]
[2024-02-29T18:05:37+08:00][sql] SELECT * FROM `ypay_navs` WHERE  `status` = 1 ORDER BY `sort` ASC [ RunTime:0.000352s ]
[2024-02-29T18:05:37+08:00][sql] SHOW FULL COLUMNS FROM `admin_config` [ RunTime:0.000489s ]
[2024-02-29T18:05:37+08:00][sql] SELECT * FROM `admin_config` [ RunTime:0.000410s ]
[2024-02-29T18:05:37+08:00][sql] SELECT * FROM `admin_config` [ RunTime:0.000256s ]
[2024-02-29T18:05:37+08:00][sql] SELECT * FROM `admin_config` [ RunTime:0.000277s ]
[2024-02-29T18:05:37+08:00][sql] SELECT * FROM `admin_config` [ RunTime:0.000244s ]
[2024-02-29T18:05:37+08:00][sql] SELECT * FROM `admin_config` [ RunTime:0.000245s ]
[2024-02-29T18:05:37+08:00][sql] SELECT * FROM `admin_config` [ RunTime:0.000359s ]
[2024-02-29T18:05:37+08:00][sql] SELECT * FROM `admin_config` [ RunTime:0.000272s ]
[2024-02-29T18:05:37+08:00][sql] SELECT * FROM `admin_config` [ RunTime:0.000272s ]
[2024-02-29T18:05:37+08:00][sql] CONNECT:[ UseTime:0.000324s ] mysql:host=127.0.0.1;port=3306;dbname=ypay;charset=utf8
[2024-02-29T18:05:37+08:00][sql] SHOW FULL COLUMNS FROM `ypay_news` [ RunTime:0.000972s ]
[2024-02-29T18:05:37+08:00][sql] SELECT COUNT(*) AS think_count FROM `ypay_news` WHERE  `type` = 2  AND `status` = 1 LIMIT 1 [ RunTime:0.000308s ]
[2024-02-29T18:05:37+08:00][sql] SHOW FULL COLUMNS FROM `ypay_navs` [ RunTime:0.000535s ]
[2024-02-29T18:05:37+08:00][sql] SELECT * FROM `ypay_navs` WHERE  `status` = 1 ORDER BY `sort` ASC [ RunTime:0.000361s ]
[2024-02-29T18:05:37+08:00][sql] SHOW FULL COLUMNS FROM `admin_config` [ RunTime:0.000844s ]
[2024-02-29T18:05:37+08:00][sql] SELECT * FROM `admin_config` [ RunTime:0.000317s ]
[2024-02-29T18:05:37+08:00][sql] SELECT * FROM `admin_config` [ RunTime:0.000494s ]
[2024-02-29T18:05:37+08:00][sql] SELECT * FROM `admin_config` [ RunTime:0.000339s ]
[2024-02-29T18:05:37+08:00][sql] SELECT * FROM `admin_config` [ RunTime:0.000303s ]
[2024-02-29T18:05:37+08:00][sql] SELECT * FROM `admin_config` [ RunTime:0.000273s ]
[2024-02-29T18:05:37+08:00][sql] SELECT * FROM `admin_config` [ RunTime:0.000283s ]
[2024-02-29T18:05:37+08:00][sql] SELECT * FROM `admin_config` [ RunTime:0.000304s ]
[2024-02-29T18:05:37+08:00][sql] SELECT * FROM `admin_config` [ RunTime:0.000249s ]
[2024-02-29T18:05:38+08:00][sql] CONNECT:[ UseTime:0.000339s ] mysql:host=127.0.0.1;port=3306;dbname=ypay;charset=utf8
[2024-02-29T18:05:38+08:00][sql] SHOW FULL COLUMNS FROM `ypay_news` [ RunTime:0.000598s ]
[2024-02-29T18:05:38+08:00][sql] SELECT COUNT(*) AS think_count FROM `ypay_news` WHERE  `type` = 3  AND `status` = 1 LIMIT 1 [ RunTime:0.000316s ]
[2024-02-29T18:05:38+08:00][sql] SHOW FULL COLUMNS FROM `ypay_navs` [ RunTime:0.000961s ]
[2024-02-29T18:05:38+08:00][sql] SELECT * FROM `ypay_navs` WHERE  `status` = 1 ORDER BY `sort` ASC [ RunTime:0.000471s ]
[2024-02-29T18:05:38+08:00][sql] SHOW FULL COLUMNS FROM `admin_config` [ RunTime:0.000516s ]
[2024-02-29T18:05:38+08:00][sql] SELECT * FROM `admin_config` [ RunTime:0.000295s ]
[2024-02-29T18:05:38+08:00][sql] SELECT * FROM `admin_config` [ RunTime:0.000290s ]
[2024-02-29T18:05:38+08:00][sql] SELECT * FROM `admin_config` [ RunTime:0.000249s ]
[2024-02-29T18:05:38+08:00][sql] SELECT * FROM `admin_config` [ RunTime:0.000291s ]
[2024-02-29T18:05:38+08:00][sql] SELECT * FROM `admin_config` [ RunTime:0.000246s ]
[2024-02-29T18:05:38+08:00][sql] SELECT * FROM `admin_config` [ RunTime:0.000265s ]
[2024-02-29T18:05:38+08:00][sql] SELECT * FROM `admin_config` [ RunTime:0.000244s ]
[2024-02-29T18:05:38+08:00][sql] SELECT * FROM `admin_config` [ RunTime:0.000275s ]
[2024-02-29T18:05:40+08:00][sql] CONNECT:[ UseTime:0.000344s ] mysql:host=127.0.0.1;port=3306;dbname=ypay;charset=utf8
[2024-02-29T18:05:40+08:00][sql] SHOW FULL COLUMNS FROM `ypay_navs` [ RunTime:0.000566s ]
[2024-02-29T18:05:40+08:00][sql] SELECT * FROM `ypay_navs` WHERE  `status` = 1 ORDER BY `id` ASC [ RunTime:0.000369s ]
[2024-02-29T18:05:40+08:00][sql] SELECT VERSION() as mysql_version [ RunTime:0.000187s ]
[2024-02-29T18:05:40+08:00][sql] SHOW FULL COLUMNS FROM `admin_config` [ RunTime:0.000527s ]
[2024-02-29T18:05:40+08:00][sql] SELECT * FROM `admin_config` [ RunTime:0.000269s ]
[2024-02-29T18:05:40+08:00][sql] SELECT * FROM `admin_config` [ RunTime:0.000295s ]
[2024-02-29T18:05:40+08:00][sql] SELECT * FROM `admin_config` [ RunTime:0.000248s ]
[2024-02-29T18:05:40+08:00][sql] SELECT * FROM `admin_config` [ RunTime:0.000279s ]
[2024-02-29T18:05:40+08:00][sql] SELECT * FROM `admin_config` [ RunTime:0.000261s ]
[2024-02-29T18:05:40+08:00][sql] SELECT * FROM `admin_config` [ RunTime:0.000249s ]
[2024-02-29T18:13:32+08:00][sql] CONNECT:[ UseTime:0.000341s ] mysql:host=127.0.0.1;port=3306;dbname=ypay;charset=utf8
[2024-02-29T18:13:32+08:00][sql] SHOW FULL COLUMNS FROM `ypay_navs` [ RunTime:0.000490s ]
[2024-02-29T18:13:32+08:00][sql] SELECT * FROM `ypay_navs` WHERE  `status` = 1 ORDER BY `id` ASC [ RunTime:0.000269s ]
[2024-02-29T18:13:32+08:00][sql] SELECT VERSION() as mysql_version [ RunTime:0.000250s ]
[2024-02-29T18:13:32+08:00][sql] SHOW FULL COLUMNS FROM `admin_config` [ RunTime:0.000579s ]
[2024-02-29T18:13:32+08:00][sql] SELECT * FROM `admin_config` [ RunTime:0.000346s ]
[2024-02-29T18:13:32+08:00][sql] SELECT * FROM `admin_config` [ RunTime:0.000499s ]
[2024-02-29T18:13:32+08:00][sql] SELECT * FROM `admin_config` [ RunTime:0.000379s ]
[2024-02-29T18:13:32+08:00][sql] SELECT * FROM `admin_config` [ RunTime:0.000299s ]
[2024-02-29T18:13:32+08:00][sql] SELECT * FROM `admin_config` [ RunTime:0.000257s ]
[2024-02-29T18:13:32+08:00][sql] SELECT * FROM `admin_config` [ RunTime:0.000247s ]
[2024-02-29T18:24:16+08:00][sql] CONNECT:[ UseTime:0.000402s ] mysql:host=127.0.0.1;port=3306;dbname=ypay;charset=utf8
[2024-02-29T18:24:16+08:00][sql] SHOW FULL COLUMNS FROM `admin_config` [ RunTime:0.000487s ]
[2024-02-29T18:24:16+08:00][sql] SELECT * FROM `admin_config` [ RunTime:0.000296s ]
[2024-02-29T18:24:20+08:00][sql] CONNECT:[ UseTime:0.000315s ] mysql:host=127.0.0.1;port=3306;dbname=ypay;charset=utf8
[2024-02-29T18:24:20+08:00][sql] SHOW FULL COLUMNS FROM `admin_config` [ RunTime:0.000476s ]
[2024-02-29T18:24:20+08:00][sql] SELECT * FROM `admin_config` [ RunTime:0.000346s ]
[2024-02-29T18:24:20+08:00][sql] SELECT * FROM `admin_config` [ RunTime:0.000315s ]
[2024-02-29T18:24:20+08:00][sql] SHOW FULL COLUMNS FROM `ypay_user` [ RunTime:0.000573s ]
[2024-02-29T18:24:20+08:00][sql] SELECT * FROM `ypay_user` WHERE  `username` = 'test123'  AND `password` = '6ebe43dab8b6ce6d033a5da6e6' LIMIT 1 [ RunTime:0.000419s ]
[2024-02-29T18:24:20+08:00][sql] UPDATE `ypay_user`  SET `token` = 'lX0OM50R551rL4tNTzkNpbhuWMLm1M4h10001709202260.8047'  WHERE  `id` = 1000 [ RunTime:0.000305s ]
[2024-02-29T18:24:20+08:00][sql] SHOW FULL COLUMNS FROM `admin_front_log` [ RunTime:0.000655s ]
[2024-02-29T18:24:20+08:00][sql] INSERT INTO `admin_front_log` SET `uid` = 1000 , `url` = '/User/Login' , `desc` = '商户登录成功' , `ip` = '10.50.50.2' , `user_agent` = 'Mozilla/5.0 (Windows NT 10.0; Win64; x64) AppleWebKit/537.36 (KHTML, like Gecko) Chrome/121.0.0.0 Safari/537.36' , `create_time` = '2024-02-29 18:24:20.822252' [ RunTime:0.000218s ]
[2024-02-29T18:24:22+08:00][sql] CONNECT:[ UseTime:0.000346s ] mysql:host=127.0.0.1;port=3306;dbname=ypay;charset=utf8
[2024-02-29T18:24:22+08:00][sql] SHOW FULL COLUMNS FROM `ypay_user` [ RunTime:0.000647s ]
[2024-02-29T18:24:22+08:00][sql] SELECT * FROM `ypay_user` WHERE  `token` = 'lX0OM50R551rL4tNTzkNpbhuWMLm1M4h10001709202260.8047'  AND `is_frozen` = 0 LIMIT 1 [ RunTime:0.000384s ]
[2024-02-29T18:24:22+08:00][sql] SELECT VERSION() as mysql_version [ RunTime:0.000308s ]
[2024-02-29T18:24:22+08:00][sql] SHOW FULL COLUMNS FROM `admin_config` [ RunTime:0.000566s ]
[2024-02-29T18:24:22+08:00][sql] SELECT * FROM `admin_config` [ RunTime:0.000272s ]
[2024-02-29T18:24:22+08:00][sql] SELECT * FROM `admin_config` [ RunTime:0.000487s ]
[2024-02-29T18:24:22+08:00][sql] SELECT * FROM `admin_config` [ RunTime:0.000298s ]
[2024-02-29T18:24:23+08:00][sql] CONNECT:[ UseTime:0.000438s ] mysql:host=127.0.0.1;port=3306;dbname=ypay;charset=utf8
[2024-02-29T18:24:23+08:00][sql] SHOW FULL COLUMNS FROM `ypay_user` [ RunTime:0.000692s ]
[2024-02-29T18:24:23+08:00][sql] SELECT * FROM `ypay_user` WHERE  `token` = 'lX0OM50R551rL4tNTzkNpbhuWMLm1M4h10001709202260.8047'  AND `is_frozen` = 0 LIMIT 1 [ RunTime:0.000402s ]
[2024-02-29T18:24:23+08:00][sql] SHOW FULL COLUMNS FROM `ypay_plug` [ RunTime:0.000523s ]
[2024-02-29T18:24:23+08:00][sql] SELECT * FROM `ypay_plug` WHERE  `status` = 1 [ RunTime:0.000213s ]
[2024-02-29T18:24:23+08:00][sql] SHOW FULL COLUMNS FROM `admin_config` [ RunTime:0.000532s ]
[2024-02-29T18:24:23+08:00][sql] SELECT * FROM `admin_config` [ RunTime:0.000387s ]
[2024-02-29T18:24:23+08:00][sql] SELECT * FROM `ypay_user` WHERE  `token` = 'lX0OM50R551rL4tNTzkNpbhuWMLm1M4h10001709202260.8047'  AND `is_frozen` = 0 LIMIT 1 [ RunTime:0.000616s ]
[2024-02-29T18:24:23+08:00][sql] SHOW FULL COLUMNS FROM `ypay_order` [ RunTime:0.002640s ]
[2024-02-29T18:24:23+08:00][sql] SELECT * FROM `ypay_user` WHERE  `token` = 'lX0OM50R551rL4tNTzkNpbhuWMLm1M4h10001709202260.8047'  AND `is_frozen` = 0 LIMIT 1 [ RunTime:0.000457s ]
[2024-02-29T18:24:23+08:00][sql] SELECT COUNT(*) AS think_count FROM `ypay_order` WHERE  `status` = 1  AND `user_id` = 1000 LIMIT 1 [ RunTime:0.005275s ]
[2024-02-29T18:24:23+08:00][sql] SELECT * FROM `ypay_user` WHERE  `token` = 'lX0OM50R551rL4tNTzkNpbhuWMLm1M4h10001709202260.8047'  AND `is_frozen` = 0 LIMIT 1 [ RunTime:0.003395s ]
[2024-02-29T18:24:23+08:00][sql] SELECT COUNT(*) AS think_count FROM `ypay_order` WHERE  `status` = 1  AND `user_id` = 1000  AND `create_time` BETWEEN '2024-02-29 00:00:00' AND '2024-02-29 23:59:59' LIMIT 1 [ RunTime:0.000601s ]
[2024-02-29T18:24:23+08:00][sql] SELECT * FROM `ypay_user` WHERE  `token` = 'lX0OM50R551rL4tNTzkNpbhuWMLm1M4h10001709202260.8047'  AND `is_frozen` = 0 LIMIT 1 [ RunTime:0.000505s ]
[2024-02-29T18:24:23+08:00][sql] SELECT SUM(`truemoney`) AS think_sum FROM `ypay_order` WHERE  `user_id` = 1000  AND `status` = 1 LIMIT 1 [ RunTime:0.000238s ]
[2024-02-29T18:24:23+08:00][sql] SELECT * FROM `ypay_user` WHERE  `token` = 'lX0OM50R551rL4tNTzkNpbhuWMLm1M4h10001709202260.8047'  AND `is_frozen` = 0 LIMIT 1 [ RunTime:0.000305s ]
[2024-02-29T18:24:23+08:00][sql] SELECT SUM(`truemoney`) AS think_sum FROM `ypay_order` WHERE  `user_id` = 1000  AND `status` = 1  AND `create_time` BETWEEN '2024-02-29 00:00:00' AND '2024-02-29 23:59:59' LIMIT 1 [ RunTime:0.000209s ]
[2024-02-29T18:24:23+08:00][sql] SHOW FULL COLUMNS FROM `ypay_account` [ RunTime:0.000488s ]
[2024-02-29T18:24:23+08:00][sql] SELECT * FROM `ypay_user` WHERE  `token` = 'lX0OM50R551rL4tNTzkNpbhuWMLm1M4h10001709202260.8047'  AND `is_frozen` = 0 LIMIT 1 [ RunTime:0.000325s ]
[2024-02-29T18:24:23+08:00][sql] SELECT COUNT(*) AS think_count FROM `ypay_account` WHERE  `type` = 'wxpay'  AND `user_id` = 1000 LIMIT 1 [ RunTime:0.000197s ]
[2024-02-29T18:24:23+08:00][sql] SELECT * FROM `ypay_user` WHERE  `token` = 'lX0OM50R551rL4tNTzkNpbhuWMLm1M4h10001709202260.8047'  AND `is_frozen` = 0 LIMIT 1 [ RunTime:0.000360s ]
[2024-02-29T18:24:23+08:00][sql] SELECT COUNT(*) AS think_count FROM `ypay_account` WHERE  `type` = 'alipay'  AND `user_id` = 1000 LIMIT 1 [ RunTime:0.000191s ]
[2024-02-29T18:24:23+08:00][sql] SELECT * FROM `ypay_user` WHERE  `token` = 'lX0OM50R551rL4tNTzkNpbhuWMLm1M4h10001709202260.8047'  AND `is_frozen` = 0 LIMIT 1 [ RunTime:0.000307s ]
[2024-02-29T18:24:23+08:00][sql] SELECT COUNT(*) AS think_count FROM `ypay_account` WHERE  `type` = 'qqpay'  AND `user_id` = 1000 LIMIT 1 [ RunTime:0.000216s ]
[2024-02-29T18:24:23+08:00][sql] SELECT * FROM `ypay_user` WHERE  `token` = 'lX0OM50R551rL4tNTzkNpbhuWMLm1M4h10001709202260.8047'  AND `is_frozen` = 0 LIMIT 1 [ RunTime:0.000322s ]
[2024-02-29T18:24:23+08:00][sql] SELECT COUNT(*) AS think_count FROM `ypay_account` WHERE  `user_id` = 1000 LIMIT 1 [ RunTime:0.000206s ]
[2024-02-29T18:24:23+08:00][sql] SELECT * FROM `ypay_user` WHERE  `token` = 'lX0OM50R551rL4tNTzkNpbhuWMLm1M4h10001709202260.8047'  AND `is_frozen` = 0 LIMIT 1 [ RunTime:0.000297s ]
[2024-02-29T18:24:23+08:00][sql] SELECT COUNT(*) AS think_count FROM `ypay_account` WHERE  `user_id` = 1000  AND `status` = 0 LIMIT 1 [ RunTime:0.000213s ]
[2024-02-29T18:24:23+08:00][sql] SELECT * FROM `ypay_user` WHERE  `token` = 'lX0OM50R551rL4tNTzkNpbhuWMLm1M4h10001709202260.8047'  AND `is_frozen` = 0 LIMIT 1 [ RunTime:0.000260s ]
[2024-02-29T18:24:23+08:00][sql] SELECT SUM(`truemoney`) AS think_sum FROM `ypay_order` WHERE  `user_id` = 1000  AND `status` = 1  AND `create_time` BETWEEN '2024-02-28 00:00:00' AND '2024-02-28 23:59:59' LIMIT 1 [ RunTime:0.000235s ]
[2024-02-29T18:24:23+08:00][sql] SELECT * FROM `ypay_user` WHERE  `token` = 'lX0OM50R551rL4tNTzkNpbhuWMLm1M4h10001709202260.8047'  AND `is_frozen` = 0 LIMIT 1 [ RunTime:0.000275s ]
[2024-02-29T18:24:23+08:00][sql] SELECT COUNT(*) AS think_count FROM `ypay_order` WHERE  `user_id` = 1000  AND `status` = 1  AND `create_time` BETWEEN '2024-02-28 00:00:00' AND '2024-02-28 23:59:59' LIMIT 1 [ RunTime:0.000216s ]
[2024-02-29T18:24:23+08:00][sql] SELECT * FROM `ypay_user` WHERE  `token` = 'lX0OM50R551rL4tNTzkNpbhuWMLm1M4h10001709202260.8047'  AND `is_frozen` = 0 LIMIT 1 [ RunTime:0.000290s ]
[2024-02-29T18:24:23+08:00][sql] SELECT SUM(`truemoney`) AS think_sum FROM `ypay_order` WHERE  `user_id` = 1000  AND `status` = 1  AND `create_time` BETWEEN '2024-02-01 00:00:00' AND '2024-02-29 23:59:59' LIMIT 1 [ RunTime:0.000206s ]
[2024-02-29T18:24:23+08:00][sql] SELECT * FROM `admin_config` [ RunTime:0.000467s ]
[2024-02-29T18:24:26+08:00][sql] CONNECT:[ UseTime:0.000348s ] mysql:host=127.0.0.1;port=3306;dbname=ypay;charset=utf8
[2024-02-29T18:24:26+08:00][sql] SHOW FULL COLUMNS FROM `ypay_user` [ RunTime:0.000594s ]
[2024-02-29T18:24:26+08:00][sql] SELECT * FROM `ypay_user` WHERE  `token` = 'lX0OM50R551rL4tNTzkNpbhuWMLm1M4h10001709202260.8047'  AND `is_frozen` = 0 LIMIT 1 [ RunTime:0.000332s ]
[2024-02-29T18:24:26+08:00][sql] SELECT * FROM `ypay_user` WHERE  `token` = 'lX0OM50R551rL4tNTzkNpbhuWMLm1M4h10001709202260.8047'  AND `is_frozen` = 0 LIMIT 1 [ RunTime:0.000331s ]
[2024-02-29T18:24:26+08:00][sql] SHOW FULL COLUMNS FROM `admin_config` [ RunTime:0.000425s ]
[2024-02-29T18:24:26+08:00][sql] SELECT * FROM `admin_config` [ RunTime:0.000286s ]
[2024-02-29T18:24:26+08:00][sql] SHOW FULL COLUMNS FROM `admin_channel` [ RunTime:0.000608s ]
[2024-02-29T18:24:26+08:00][sql] SELECT * FROM `admin_channel` WHERE  `status` = 1  AND `type` = 'wxpay' ORDER BY `sort` DESC [ RunTime:0.000283s ]
[2024-02-29T18:24:26+08:00][sql] SELECT * FROM `admin_config` [ RunTime:0.000278s ]
[2024-02-29T18:24:26+08:00][sql] SELECT * FROM `admin_config` [ RunTime:0.000265s ]
[2024-02-29T18:24:26+08:00][sql] SELECT * FROM `admin_config` [ RunTime:0.000403s ]
[2024-02-29T18:24:26+08:00][sql] SELECT * FROM `ypay_user` WHERE  `token` = 'lX0OM50R551rL4tNTzkNpbhuWMLm1M4h10001709202260.8047'  AND `is_frozen` = 0 LIMIT 1 [ RunTime:0.000426s ]
[2024-02-29T18:24:26+08:00][sql] SELECT * FROM `admin_config` [ RunTime:0.000363s ]
[2024-02-29T18:24:26+08:00][sql] SELECT * FROM `admin_config` [ RunTime:0.000291s ]
[2024-02-29T18:24:27+08:00][sql] CONNECT:[ UseTime:0.000330s ] mysql:host=127.0.0.1;port=3306;dbname=ypay;charset=utf8
[2024-02-29T18:24:27+08:00][sql] SHOW FULL COLUMNS FROM `ypay_user` [ RunTime:0.000700s ]
[2024-02-29T18:24:27+08:00][sql] SELECT * FROM `ypay_user` WHERE  `token` = 'lX0OM50R551rL4tNTzkNpbhuWMLm1M4h10001709202260.8047'  AND `is_frozen` = 0 LIMIT 1 [ RunTime:0.000449s ]
[2024-02-29T18:24:27+08:00][sql] SELECT * FROM `ypay_user` WHERE  `token` = 'lX0OM50R551rL4tNTzkNpbhuWMLm1M4h10001709202260.8047'  AND `is_frozen` = 0 LIMIT 1 [ RunTime:0.000536s ]
[2024-02-29T18:24:27+08:00][sql] SHOW FULL COLUMNS FROM `admin_config` [ RunTime:0.000546s ]
[2024-02-29T18:24:27+08:00][sql] SELECT * FROM `admin_config` [ RunTime:0.000292s ]
[2024-02-29T18:24:27+08:00][sql] SELECT * FROM `ypay_user` WHERE  `token` = 'lX0OM50R551rL4tNTzkNpbhuWMLm1M4h10001709202260.8047'  AND `is_frozen` = 0 LIMIT 1 [ RunTime:0.000513s ]
[2024-02-29T18:24:27+08:00][sql] SHOW FULL COLUMNS FROM `ypay_account` [ RunTime:0.000477s ]
[2024-02-29T18:24:27+08:00][sql] SELECT COUNT(*) AS think_count FROM `ypay_account` WHERE  `status` LIKE '%%'  AND `user_id` = 1000 LIMIT 1 [ RunTime:0.000217s ]
[2024-02-29T18:25:58+08:00][sql] CONNECT:[ UseTime:0.000367s ] mysql:host=127.0.0.1;port=3306;dbname=ypay;charset=utf8
[2024-02-29T18:25:58+08:00][sql] SHOW FULL COLUMNS FROM `ypay_user` [ RunTime:0.000597s ]
[2024-02-29T18:25:58+08:00][sql] SELECT * FROM `ypay_user` WHERE  `token` = 'lX0OM50R551rL4tNTzkNpbhuWMLm1M4h10001709202260.8047'  AND `is_frozen` = 0 LIMIT 1 [ RunTime:0.000416s ]
[2024-02-29T18:25:58+08:00][sql] SELECT * FROM `ypay_user` WHERE  `token` = 'lX0OM50R551rL4tNTzkNpbhuWMLm1M4h10001709202260.8047'  AND `is_frozen` = 0 LIMIT 1 [ RunTime:0.000371s ]
[2024-02-29T18:25:58+08:00][sql] SELECT * FROM `ypay_user` WHERE  `token` = 'lX0OM50R551rL4tNTzkNpbhuWMLm1M4h10001709202260.8047'  AND `is_frozen` = 0 LIMIT 1 [ RunTime:0.000351s ]
[2024-02-29T18:25:58+08:00][sql] SHOW FULL COLUMNS FROM `admin_config` [ RunTime:0.000620s ]
[2024-02-29T18:25:58+08:00][sql] SELECT * FROM `admin_config` [ RunTime:0.000259s ]
[2024-02-29T18:25:58+08:00][sql] SELECT * FROM `admin_config` [ RunTime:0.000309s ]
[2024-02-29T18:25:59+08:00][sql] CONNECT:[ UseTime:0.000373s ] mysql:host=127.0.0.1;port=3306;dbname=ypay;charset=utf8
[2024-02-29T18:25:59+08:00][sql] SHOW FULL COLUMNS FROM `ypay_user` [ RunTime:0.000736s ]
[2024-02-29T18:25:59+08:00][sql] SELECT * FROM `ypay_user` WHERE  `token` = 'lX0OM50R551rL4tNTzkNpbhuWMLm1M4h10001709202260.8047'  AND `is_frozen` = 0 LIMIT 1 [ RunTime:0.000358s ]
[2024-02-29T18:25:59+08:00][sql] SELECT * FROM `ypay_user` WHERE  `token` = 'lX0OM50R551rL4tNTzkNpbhuWMLm1M4h10001709202260.8047'  AND `is_frozen` = 0 LIMIT 1 [ RunTime:0.000378s ]
[2024-02-29T18:25:59+08:00][sql] CONNECT:[ UseTime:0.000333s ] mysql:host=127.0.0.1;port=3306;dbname=ypay;charset=utf8
[2024-02-29T18:25:59+08:00][sql] SHOW FULL COLUMNS FROM `ypay_user` [ RunTime:0.000671s ]
[2024-02-29T18:25:59+08:00][sql] SELECT * FROM `ypay_user` WHERE  `token` = 'lX0OM50R551rL4tNTzkNpbhuWMLm1M4h10001709202260.8047'  AND `is_frozen` = 0 LIMIT 1 [ RunTime:0.000397s ]
[2024-02-29T18:25:59+08:00][sql] SELECT * FROM `ypay_user` WHERE  `token` = 'lX0OM50R551rL4tNTzkNpbhuWMLm1M4h10001709202260.8047'  AND `is_frozen` = 0 LIMIT 1 [ RunTime:0.000620s ]
[2024-02-29T18:25:59+08:00][sql] SELECT * FROM `ypay_user` WHERE  `token` = 'lX0OM50R551rL4tNTzkNpbhuWMLm1M4h10001709202260.8047'  AND `is_frozen` = 0 LIMIT 1 [ RunTime:0.000460s ]
[2024-02-29T18:25:59+08:00][sql] SHOW FULL COLUMNS FROM `money_log` [ RunTime:0.000453s ]
[2024-02-29T18:25:59+08:00][sql] SELECT COUNT(*) AS think_count FROM `money_log` WHERE  `user_id` = 1000 LIMIT 1 [ RunTime:0.000227s ]
[2024-02-29T18:30:52+08:00][sql] CONNECT:[ UseTime:0.000387s ] mysql:host=127.0.0.1;port=3306;dbname=ypay;charset=utf8
[2024-02-29T18:30:52+08:00][sql] SHOW FULL COLUMNS FROM `ypay_user` [ RunTime:0.000783s ]
[2024-02-29T18:30:52+08:00][sql] SELECT * FROM `ypay_user` WHERE  `token` = 'lX0OM50R551rL4tNTzkNpbhuWMLm1M4h10001709202260.8047'  AND `is_frozen` = 0 LIMIT 1 [ RunTime:0.000388s ]
[2024-02-29T18:30:52+08:00][sql] SHOW FULL COLUMNS FROM `ypay_plug` [ RunTime:0.000733s ]
[2024-02-29T18:30:52+08:00][sql] SELECT * FROM `ypay_plug` WHERE  `status` = 1 [ RunTime:0.000253s ]
[2024-02-29T18:30:52+08:00][sql] SHOW FULL COLUMNS FROM `admin_config` [ RunTime:0.000539s ]
[2024-02-29T18:30:52+08:00][sql] SELECT * FROM `admin_config` [ RunTime:0.000283s ]
[2024-02-29T18:30:52+08:00][sql] SELECT * FROM `ypay_user` WHERE  `token` = 'lX0OM50R551rL4tNTzkNpbhuWMLm1M4h10001709202260.8047'  AND `is_frozen` = 0 LIMIT 1 [ RunTime:0.000336s ]
[2024-02-29T18:30:52+08:00][sql] SHOW FULL COLUMNS FROM `ypay_order` [ RunTime:0.000798s ]
[2024-02-29T18:30:52+08:00][sql] SELECT * FROM `ypay_user` WHERE  `token` = 'lX0OM50R551rL4tNTzkNpbhuWMLm1M4h10001709202260.8047'  AND `is_frozen` = 0 LIMIT 1 [ RunTime:0.000327s ]
[2024-02-29T18:30:52+08:00][sql] SELECT COUNT(*) AS think_count FROM `ypay_order` WHERE  `status` = 1  AND `user_id` = 1000 LIMIT 1 [ RunTime:0.000247s ]
[2024-02-29T18:30:52+08:00][sql] SELECT * FROM `ypay_user` WHERE  `token` = 'lX0OM50R551rL4tNTzkNpbhuWMLm1M4h10001709202260.8047'  AND `is_frozen` = 0 LIMIT 1 [ RunTime:0.000267s ]
[2024-02-29T18:30:52+08:00][sql] SELECT COUNT(*) AS think_count FROM `ypay_order` WHERE  `status` = 1  AND `user_id` = 1000  AND `create_time` BETWEEN '2024-02-29 00:00:00' AND '2024-02-29 23:59:59' LIMIT 1 [ RunTime:0.000321s ]
[2024-02-29T18:30:52+08:00][sql] SELECT * FROM `ypay_user` WHERE  `token` = 'lX0OM50R551rL4tNTzkNpbhuWMLm1M4h10001709202260.8047'  AND `is_frozen` = 0 LIMIT 1 [ RunTime:0.000292s ]
[2024-02-29T18:30:52+08:00][sql] SELECT SUM(`truemoney`) AS think_sum FROM `ypay_order` WHERE  `user_id` = 1000  AND `status` = 1 LIMIT 1 [ RunTime:0.000255s ]
[2024-02-29T18:30:52+08:00][sql] SELECT * FROM `ypay_user` WHERE  `token` = 'lX0OM50R551rL4tNTzkNpbhuWMLm1M4h10001709202260.8047'  AND `is_frozen` = 0 LIMIT 1 [ RunTime:0.000286s ]
[2024-02-29T18:30:52+08:00][sql] SELECT SUM(`truemoney`) AS think_sum FROM `ypay_order` WHERE  `user_id` = 1000  AND `status` = 1  AND `create_time` BETWEEN '2024-02-29 00:00:00' AND '2024-02-29 23:59:59' LIMIT 1 [ RunTime:0.000300s ]
[2024-02-29T18:30:52+08:00][sql] SHOW FULL COLUMNS FROM `ypay_account` [ RunTime:0.000846s ]
[2024-02-29T18:30:52+08:00][sql] SELECT * FROM `ypay_user` WHERE  `token` = 'lX0OM50R551rL4tNTzkNpbhuWMLm1M4h10001709202260.8047'  AND `is_frozen` = 0 LIMIT 1 [ RunTime:0.000512s ]
[2024-02-29T18:30:52+08:00][sql] SELECT COUNT(*) AS think_count FROM `ypay_account` WHERE  `type` = 'wxpay'  AND `user_id` = 1000 LIMIT 1 [ RunTime:0.000214s ]
[2024-02-29T18:30:52+08:00][sql] SELECT * FROM `ypay_user` WHERE  `token` = 'lX0OM50R551rL4tNTzkNpbhuWMLm1M4h10001709202260.8047'  AND `is_frozen` = 0 LIMIT 1 [ RunTime:0.000268s ]
[2024-02-29T18:30:52+08:00][sql] SELECT COUNT(*) AS think_count FROM `ypay_account` WHERE  `type` = 'alipay'  AND `user_id` = 1000 LIMIT 1 [ RunTime:0.000189s ]
[2024-02-29T18:30:52+08:00][sql] SELECT * FROM `ypay_user` WHERE  `token` = 'lX0OM50R551rL4tNTzkNpbhuWMLm1M4h10001709202260.8047'  AND `is_frozen` = 0 LIMIT 1 [ RunTime:0.000327s ]
[2024-02-29T18:30:52+08:00][sql] SELECT COUNT(*) AS think_count FROM `ypay_account` WHERE  `type` = 'qqpay'  AND `user_id` = 1000 LIMIT 1 [ RunTime:0.000185s ]
[2024-02-29T18:30:52+08:00][sql] SELECT * FROM `ypay_user` WHERE  `token` = 'lX0OM50R551rL4tNTzkNpbhuWMLm1M4h10001709202260.8047'  AND `is_frozen` = 0 LIMIT 1 [ RunTime:0.000279s ]
[2024-02-29T18:30:52+08:00][sql] SELECT COUNT(*) AS think_count FROM `ypay_account` WHERE  `user_id` = 1000 LIMIT 1 [ RunTime:0.000173s ]
[2024-02-29T18:30:52+08:00][sql] SELECT * FROM `ypay_user` WHERE  `token` = 'lX0OM50R551rL4tNTzkNpbhuWMLm1M4h10001709202260.8047'  AND `is_frozen` = 0 LIMIT 1 [ RunTime:0.000323s ]
[2024-02-29T18:30:52+08:00][sql] SELECT COUNT(*) AS think_count FROM `ypay_account` WHERE  `user_id` = 1000  AND `status` = 0 LIMIT 1 [ RunTime:0.000182s ]
[2024-02-29T18:30:52+08:00][sql] SELECT * FROM `ypay_user` WHERE  `token` = 'lX0OM50R551rL4tNTzkNpbhuWMLm1M4h10001709202260.8047'  AND `is_frozen` = 0 LIMIT 1 [ RunTime:0.000338s ]
[2024-02-29T18:30:52+08:00][sql] SELECT SUM(`truemoney`) AS think_sum FROM `ypay_order` WHERE  `user_id` = 1000  AND `status` = 1  AND `create_time` BETWEEN '2024-02-28 00:00:00' AND '2024-02-28 23:59:59' LIMIT 1 [ RunTime:0.000256s ]
[2024-02-29T18:30:52+08:00][sql] SELECT * FROM `ypay_user` WHERE  `token` = 'lX0OM50R551rL4tNTzkNpbhuWMLm1M4h10001709202260.8047'  AND `is_frozen` = 0 LIMIT 1 [ RunTime:0.000343s ]
[2024-02-29T18:30:52+08:00][sql] SELECT COUNT(*) AS think_count FROM `ypay_order` WHERE  `user_id` = 1000  AND `status` = 1  AND `create_time` BETWEEN '2024-02-28 00:00:00' AND '2024-02-28 23:59:59' LIMIT 1 [ RunTime:0.000231s ]
[2024-02-29T18:30:52+08:00][sql] SELECT * FROM `ypay_user` WHERE  `token` = 'lX0OM50R551rL4tNTzkNpbhuWMLm1M4h10001709202260.8047'  AND `is_frozen` = 0 LIMIT 1 [ RunTime:0.000289s ]
[2024-02-29T18:30:52+08:00][sql] SELECT SUM(`truemoney`) AS think_sum FROM `ypay_order` WHERE  `user_id` = 1000  AND `status` = 1  AND `create_time` BETWEEN '2024-02-01 00:00:00' AND '2024-02-29 23:59:59' LIMIT 1 [ RunTime:0.000204s ]
[2024-02-29T18:30:52+08:00][sql] SELECT * FROM `admin_config` [ RunTime:0.000398s ]
[2024-02-29T18:30:59+08:00][sql] CONNECT:[ UseTime:0.000362s ] mysql:host=127.0.0.1;port=3306;dbname=ypay;charset=utf8
[2024-02-29T18:30:59+08:00][sql] SHOW FULL COLUMNS FROM `ypay_user` [ RunTime:0.000913s ]
[2024-02-29T18:30:59+08:00][sql] SELECT * FROM `ypay_user` WHERE  `token` = 'lX0OM50R551rL4tNTzkNpbhuWMLm1M4h10001709202260.8047'  AND `is_frozen` = 0 LIMIT 1 [ RunTime:0.000820s ]
[2024-02-29T18:30:59+08:00][sql] SHOW FULL COLUMNS FROM `ypay_plug` [ RunTime:0.000605s ]
[2024-02-29T18:30:59+08:00][sql] SELECT * FROM `ypay_plug` WHERE  `status` = 1 [ RunTime:0.000279s ]
[2024-02-29T18:30:59+08:00][sql] SHOW FULL COLUMNS FROM `admin_config` [ RunTime:0.000516s ]
[2024-02-29T18:30:59+08:00][sql] SELECT * FROM `admin_config` [ RunTime:0.000279s ]
[2024-02-29T18:30:59+08:00][sql] SELECT * FROM `ypay_user` WHERE  `token` = 'lX0OM50R551rL4tNTzkNpbhuWMLm1M4h10001709202260.8047'  AND `is_frozen` = 0 LIMIT 1 [ RunTime:0.000363s ]
[2024-02-29T18:30:59+08:00][sql] SHOW FULL COLUMNS FROM `ypay_order` [ RunTime:0.000597s ]
[2024-02-29T18:30:59+08:00][sql] SELECT * FROM `ypay_user` WHERE  `token` = 'lX0OM50R551rL4tNTzkNpbhuWMLm1M4h10001709202260.8047'  AND `is_frozen` = 0 LIMIT 1 [ RunTime:0.000374s ]
[2024-02-29T18:30:59+08:00][sql] SELECT COUNT(*) AS think_count FROM `ypay_order` WHERE  `status` = 1  AND `user_id` = 1000 LIMIT 1 [ RunTime:0.000195s ]
[2024-02-29T18:30:59+08:00][sql] SELECT * FROM `ypay_user` WHERE  `token` = 'lX0OM50R551rL4tNTzkNpbhuWMLm1M4h10001709202260.8047'  AND `is_frozen` = 0 LIMIT 1 [ RunTime:0.000357s ]
[2024-02-29T18:30:59+08:00][sql] SELECT COUNT(*) AS think_count FROM `ypay_order` WHERE  `status` = 1  AND `user_id` = 1000  AND `create_time` BETWEEN '2024-02-29 00:00:00' AND '2024-02-29 23:59:59' LIMIT 1 [ RunTime:0.000202s ]
[2024-02-29T18:30:59+08:00][sql] SELECT * FROM `ypay_user` WHERE  `token` = 'lX0OM50R551rL4tNTzkNpbhuWMLm1M4h10001709202260.8047'  AND `is_frozen` = 0 LIMIT 1 [ RunTime:0.000346s ]
[2024-02-29T18:30:59+08:00][sql] SELECT SUM(`truemoney`) AS think_sum FROM `ypay_order` WHERE  `user_id` = 1000  AND `status` = 1 LIMIT 1 [ RunTime:0.000516s ]
[2024-02-29T18:30:59+08:00][sql] SELECT * FROM `ypay_user` WHERE  `token` = 'lX0OM50R551rL4tNTzkNpbhuWMLm1M4h10001709202260.8047'  AND `is_frozen` = 0 LIMIT 1 [ RunTime:0.000653s ]
[2024-02-29T18:30:59+08:00][sql] SELECT SUM(`truemoney`) AS think_sum FROM `ypay_order` WHERE  `user_id` = 1000  AND `status` = 1  AND `create_time` BETWEEN '2024-02-29 00:00:00' AND '2024-02-29 23:59:59' LIMIT 1 [ RunTime:0.000322s ]
[2024-02-29T18:30:59+08:00][sql] SHOW FULL COLUMNS FROM `ypay_account` [ RunTime:0.000469s ]
[2024-02-29T18:30:59+08:00][sql] SELECT * FROM `ypay_user` WHERE  `token` = 'lX0OM50R551rL4tNTzkNpbhuWMLm1M4h10001709202260.8047'  AND `is_frozen` = 0 LIMIT 1 [ RunTime:0.000345s ]
[2024-02-29T18:30:59+08:00][sql] SELECT COUNT(*) AS think_count FROM `ypay_account` WHERE  `type` = 'wxpay'  AND `user_id` = 1000 LIMIT 1 [ RunTime:0.000297s ]
[2024-02-29T18:30:59+08:00][sql] SELECT * FROM `ypay_user` WHERE  `token` = 'lX0OM50R551rL4tNTzkNpbhuWMLm1M4h10001709202260.8047'  AND `is_frozen` = 0 LIMIT 1 [ RunTime:0.000274s ]
[2024-02-29T18:30:59+08:00][sql] SELECT COUNT(*) AS think_count FROM `ypay_account` WHERE  `type` = 'alipay'  AND `user_id` = 1000 LIMIT 1 [ RunTime:0.000262s ]
[2024-02-29T18:30:59+08:00][sql] SELECT * FROM `ypay_user` WHERE  `token` = 'lX0OM50R551rL4tNTzkNpbhuWMLm1M4h10001709202260.8047'  AND `is_frozen` = 0 LIMIT 1 [ RunTime:0.000286s ]
[2024-02-29T18:30:59+08:00][sql] SELECT COUNT(*) AS think_count FROM `ypay_account` WHERE  `type` = 'qqpay'  AND `user_id` = 1000 LIMIT 1 [ RunTime:0.000361s ]
[2024-02-29T18:30:59+08:00][sql] SELECT * FROM `ypay_user` WHERE  `token` = 'lX0OM50R551rL4tNTzkNpbhuWMLm1M4h10001709202260.8047'  AND `is_frozen` = 0 LIMIT 1 [ RunTime:0.000281s ]
[2024-02-29T18:30:59+08:00][sql] SELECT COUNT(*) AS think_count FROM `ypay_account` WHERE  `user_id` = 1000 LIMIT 1 [ RunTime:0.000221s ]
[2024-02-29T18:30:59+08:00][sql] SELECT * FROM `ypay_user` WHERE  `token` = 'lX0OM50R551rL4tNTzkNpbhuWMLm1M4h10001709202260.8047'  AND `is_frozen` = 0 LIMIT 1 [ RunTime:0.000305s ]
[2024-02-29T18:30:59+08:00][sql] SELECT COUNT(*) AS think_count FROM `ypay_account` WHERE  `user_id` = 1000  AND `status` = 0 LIMIT 1 [ RunTime:0.000223s ]
[2024-02-29T18:30:59+08:00][sql] SELECT * FROM `ypay_user` WHERE  `token` = 'lX0OM50R551rL4tNTzkNpbhuWMLm1M4h10001709202260.8047'  AND `is_frozen` = 0 LIMIT 1 [ RunTime:0.000270s ]
[2024-02-29T18:30:59+08:00][sql] SELECT SUM(`truemoney`) AS think_sum FROM `ypay_order` WHERE  `user_id` = 1000  AND `status` = 1  AND `create_time` BETWEEN '2024-02-28 00:00:00' AND '2024-02-28 23:59:59' LIMIT 1 [ RunTime:0.000211s ]
[2024-02-29T18:30:59+08:00][sql] SELECT * FROM `ypay_user` WHERE  `token` = 'lX0OM50R551rL4tNTzkNpbhuWMLm1M4h10001709202260.8047'  AND `is_frozen` = 0 LIMIT 1 [ RunTime:0.000315s ]
[2024-02-29T18:30:59+08:00][sql] SELECT COUNT(*) AS think_count FROM `ypay_order` WHERE  `user_id` = 1000  AND `status` = 1  AND `create_time` BETWEEN '2024-02-28 00:00:00' AND '2024-02-28 23:59:59' LIMIT 1 [ RunTime:0.000204s ]
[2024-02-29T18:30:59+08:00][sql] SELECT * FROM `ypay_user` WHERE  `token` = 'lX0OM50R551rL4tNTzkNpbhuWMLm1M4h10001709202260.8047'  AND `is_frozen` = 0 LIMIT 1 [ RunTime:0.000288s ]
[2024-02-29T18:30:59+08:00][sql] SELECT SUM(`truemoney`) AS think_sum FROM `ypay_order` WHERE  `user_id` = 1000  AND `status` = 1  AND `create_time` BETWEEN '2024-02-01 00:00:00' AND '2024-02-29 23:59:59' LIMIT 1 [ RunTime:0.000232s ]
[2024-02-29T18:30:59+08:00][sql] SELECT * FROM `admin_config` [ RunTime:0.000404s ]
[2024-02-29T18:32:01+08:00][sql] CONNECT:[ UseTime:0.000378s ] mysql:host=127.0.0.1;port=3306;dbname=ypay;charset=utf8
[2024-02-29T18:32:01+08:00][sql] SHOW FULL COLUMNS FROM `admin_config` [ RunTime:0.000534s ]
[2024-02-29T18:32:01+08:00][sql] SELECT * FROM `admin_config` [ RunTime:0.000376s ]
[2024-02-29T18:32:18+08:00][sql] CONNECT:[ UseTime:0.000322s ] mysql:host=127.0.0.1;port=3306;dbname=ypay;charset=utf8
[2024-02-29T18:32:18+08:00][sql] SHOW FULL COLUMNS FROM `admin_config` [ RunTime:0.000501s ]
[2024-02-29T18:32:18+08:00][sql] SELECT * FROM `admin_config` [ RunTime:0.000321s ]
[2024-02-29T18:32:18+08:00][sql] SELECT * FROM `admin_config` [ RunTime:0.000391s ]
[2024-02-29T18:32:18+08:00][sql] SHOW FULL COLUMNS FROM `ypay_navs` [ RunTime:0.000538s ]
[2024-02-29T18:32:18+08:00][sql] SELECT * FROM `ypay_navs` WHERE  `status` = 1 ORDER BY `sort` ASC [ RunTime:0.000290s ]
[2024-02-29T18:32:18+08:00][sql] SHOW FULL COLUMNS FROM `ypay_news` [ RunTime:0.000580s ]
[2024-02-29T18:32:18+08:00][sql] SELECT COUNT(*) AS think_count FROM `ypay_news` WHERE  `type` = 1  AND `status` = 1 LIMIT 1 [ RunTime:0.000217s ]
[2024-02-29T18:32:18+08:00][sql] SELECT COUNT(*) AS think_count FROM `ypay_news` WHERE  `type` = 2  AND `status` = 1 LIMIT 1 [ RunTime:0.000373s ]
[2024-02-29T18:32:18+08:00][sql] SELECT COUNT(*) AS think_count FROM `ypay_news` WHERE  `type` = 3  AND `status` = 1 LIMIT 1 [ RunTime:0.000223s ]
[2024-02-29T18:32:18+08:00][sql] SELECT VERSION() as mysql_version [ RunTime:0.000358s ]
[2024-02-29T18:32:18+08:00][sql] SELECT * FROM `admin_config` [ RunTime:0.000368s ]
[2024-02-29T18:32:18+08:00][sql] SELECT * FROM `admin_config` [ RunTime:0.000263s ]
[2024-02-29T18:32:18+08:00][sql] SELECT * FROM `admin_config` [ RunTime:0.000248s ]
[2024-02-29T18:32:18+08:00][sql] SELECT * FROM `admin_config` [ RunTime:0.000252s ]
[2024-02-29T18:32:18+08:00][sql] SELECT * FROM `admin_config` [ RunTime:0.000264s ]
[2024-02-29T18:32:18+08:00][sql] SELECT * FROM `admin_config` [ RunTime:0.000258s ]
[2024-02-29T18:32:18+08:00][sql] SELECT * FROM `admin_config` [ RunTime:0.000306s ]
[2024-02-29T18:32:18+08:00][sql] SELECT * FROM `admin_config` [ RunTime:0.000298s ]
[2024-02-29T18:32:18+08:00][sql] SELECT * FROM `admin_config` [ RunTime:0.000305s ]
[2024-02-29T18:32:18+08:00][sql] SELECT * FROM `admin_config` [ RunTime:0.000418s ]
[2024-02-29T18:32:18+08:00][sql] SELECT * FROM `admin_config` [ RunTime:0.000540s ]
[2024-02-29T18:32:18+08:00][sql] SELECT * FROM `admin_config` [ RunTime:0.001052s ]
